Save dir: ./results/cifar10/PIDD/ipc1/lambdac0.5_eps0.1_seed0

 PIDD: Start condensing for 10000 iteration
(Iter   0) sem-loss: 0.513187  free_energy: 0.072981
(Iter  20) sem-loss: 0.028069  free_energy: 0.048038
(Iter  40) sem-loss: 0.011424  free_energy: 0.058079
(Iter  60) sem-loss: 0.011864  free_energy: 0.048600
(Iter  80) sem-loss: 0.005492  free_energy: 0.058346
(Iter 100) sem-loss: 0.002824  free_energy: 0.075336
(Iter 120) sem-loss: 0.004578  free_energy: 0.080127
(Iter 140) sem-loss: 0.002572  free_energy: 0.044799
(Iter 160) sem-loss: 0.005357  free_energy: 0.042914
(Iter 180) sem-loss: 0.002076  free_energy: 0.069869
(Iter 200) sem-loss: 0.002183  free_energy: 0.063595
(Iter 220) sem-loss: 0.006979  free_energy: 0.058791
(Iter 240) sem-loss: 0.004728  free_energy: 0.055867
(Iter 260) sem-loss: 0.006567  free_energy: 0.044605
(Iter 280) sem-loss: 0.007556  free_energy: 0.041142
(Iter 300) sem-loss: 0.004164  free_energy: 0.063190
(Iter 320) sem-loss: 0.004195  free_energy: 0.040385
(Iter 340) sem-loss: 0.002239  free_energy: 0.040595
(Iter 360) sem-loss: 0.008247  free_energy: 0.039170
(Iter 380) sem-loss: 0.005454  free_energy: 0.038570
(Iter 400) sem-loss: 0.013503  free_energy: 0.037497
(Iter 420) sem-loss: 0.006995  free_energy: 0.036881
(Iter 440) sem-loss: 0.003677  free_energy: 0.041357
(Iter 460) sem-loss: 0.002015  free_energy: 0.037185
(Iter 480) sem-loss: 0.001885  free_energy: 0.036462
=> creating model convnet-3, norm: instance
Start training with DSA and cut mixup
-------Eval Training Epoch [250 / 1500] INFO--------
Current accuracy (top-1 and 5): 36.0 82.0
Best    accuracy (top-1 and 5): 36.0 82.0
-------Eval Training Epoch [500 / 1500] INFO--------
Current accuracy (top-1 and 5): 38.1 84.3
Best    accuracy (top-1 and 5): 38.1 84.3
-------Eval Training Epoch [750 / 1500] INFO--------
Current accuracy (top-1 and 5): 40.5 84.1
Best    accuracy (top-1 and 5): 40.5 84.1
-------Eval Training Epoch [1000 / 1500] INFO--------
Current accuracy (top-1 and 5): 42.6 84.9
Best    accuracy (top-1 and 5): 42.6 84.9
-------Eval Training Epoch [1250 / 1500] INFO--------
Current accuracy (top-1 and 5): 43.0 86.2
Best    accuracy (top-1 and 5): 43.0 86.2
(Train) [Epoch 1500/1500] [2026-06-20 00:37:56] Top1 32.5  Top5 100.0  Loss 1.201
-------Eval Training Epoch [1500 / 1500] INFO--------
Current accuracy (top-1 and 5): 42.9 86.0
Best    accuracy (top-1 and 5): 43.0 86.2
Repeat 1 => Best, last acc: 43.0 42.9

->->->->->->->->->->->->-> Best Result: 43.0
best data saved
(Iter 500) sem-loss: 0.004480  free_energy: 0.037731
(Iter 520) sem-loss: 0.004949  free_energy: 0.052733
(Iter 540) sem-loss: 0.003586  free_energy: 0.047193
(Iter 560) sem-loss: 0.006134  free_energy: 0.039361
(Iter 580) sem-loss: 0.003069  free_energy: 0.044239
(Iter 600) sem-loss: 0.004944  free_energy: 0.044207
(Iter 620) sem-loss: 0.003496  free_energy: 0.055617
(Iter 640) sem-loss: 0.002394  free_energy: 0.052124
(Iter 660) sem-loss: 0.002148  free_energy: 0.050369
(Iter 680) sem-loss: 0.003066  free_energy: 0.038295
(Iter 700) sem-loss: 0.004919  free_energy: 0.035697
(Iter 720) sem-loss: 0.002174  free_energy: 0.036714
(Iter 740) sem-loss: 0.002193  free_energy: 0.038459
(Iter 760) sem-loss: 0.001052  free_energy: 0.038882
(Iter 780) sem-loss: 0.004827  free_energy: 0.036346
(Iter 800) sem-loss: 0.002751  free_energy: 0.036624
(Iter 820) sem-loss: 0.003595  free_energy: 0.043876
(Iter 840) sem-loss: 0.004556  free_energy: 0.040005
(Iter 860) sem-loss: 0.004638  free_energy: 0.037631
(Iter 880) sem-loss: 0.004472  free_energy: 0.045563
(Iter 900) sem-loss: 0.001653  free_energy: 0.050931
(Iter 920) sem-loss: 0.002689  free_energy: 0.036764
(Iter 940) sem-loss: 0.002690  free_energy: 0.036157
(Iter 960) sem-loss: 0.003335  free_energy: 0.051082
(Iter 980) sem-loss: 0.001887  free_energy: 0.044933
=> creating model convnet-3, norm: instance
Start training with DSA and cut mixup
-------Eval Training Epoch [250 / 1500] INFO--------
Current accuracy (top-1 and 5): 39.1 83.8
Best    accuracy (top-1 and 5): 39.1 83.8
-------Eval Training Epoch [500 / 1500] INFO--------
Current accuracy (top-1 and 5): 37.7 83.5
Best    accuracy (top-1 and 5): 39.1 83.8
-------Eval Training Epoch [750 / 1500] INFO--------
Current accuracy (top-1 and 5): 43.0 84.4
Best    accuracy (top-1 and 5): 43.0 84.4
-------Eval Training Epoch [1000 / 1500] INFO--------
Current accuracy (top-1 and 5): 42.1 86.5
Best    accuracy (top-1 and 5): 43.0 84.4
-------Eval Training Epoch [1250 / 1500] INFO--------
Current accuracy (top-1 and 5): 45.5 88.3
Best    accuracy (top-1 and 5): 45.5 88.3
(Train) [Epoch 1500/1500] [2026-06-20 00:42:20] Top1 100.0  Top5 100.0  Loss 0.969
-------Eval Training Epoch [1500 / 1500] INFO--------
Current accuracy (top-1 and 5): 45.8 88.2
Best    accuracy (top-1 and 5): 45.8 88.2
Repeat 1 => Best, last acc: 45.8 45.8

->->->->->->->->->->->->-> Best Result: 45.8
best data saved
(Iter 1000) sem-loss: 0.002407  free_energy: 0.038598
(Iter 1020) sem-loss: 0.005266  free_energy: 0.035834
(Iter 1040) sem-loss: 0.001263  free_energy: 0.054225
(Iter 1060) sem-loss: 0.001958  free_energy: 0.035815
(Iter 1080) sem-loss: 0.002097  free_energy: 0.056453
(Iter 1100) sem-loss: 0.003350  free_energy: 0.035589
(Iter 1120) sem-loss: 0.002954  free_energy: 0.040232
(Iter 1140) sem-loss: 0.006919  free_energy: 0.039747
(Iter 1160) sem-loss: 0.001965  free_energy: 0.034112
(Iter 1180) sem-loss: 0.002509  free_energy: 0.035497
(Iter 1200) sem-loss: 0.000998  free_energy: 0.034025
(Iter 1220) sem-loss: 0.002330  free_energy: 0.034231
(Iter 1240) sem-loss: 0.003736  free_energy: 0.035118
(Iter 1260) sem-loss: 0.003049  free_energy: 0.033506
(Iter 1280) sem-loss: 0.001633  free_energy: 0.035147
(Iter 1300) sem-loss: 0.004178  free_energy: 0.048161
(Iter 1320) sem-loss: 0.001580  free_energy: 0.037864
(Iter 1340) sem-loss: 0.004755  free_energy: 0.040005
(Iter 1360) sem-loss: 0.003270  free_energy: 0.036885
(Iter 1380) sem-loss: 0.005008  free_energy: 0.040164
(Iter 1400) sem-loss: 0.002727  free_energy: 0.037288
(Iter 1420) sem-loss: 0.002103  free_energy: 0.034093
(Iter 1440) sem-loss: 0.002138  free_energy: 0.034627
(Iter 1460) sem-loss: 0.004571  free_energy: 0.041249
(Iter 1480) sem-loss: 0.003133  free_energy: 0.031688
=> creating model convnet-3, norm: instance
Start training with DSA and cut mixup
-------Eval Training Epoch [250 / 1500] INFO--------
Current accuracy (top-1 and 5): 39.7 84.6
Best    accuracy (top-1 and 5): 39.7 84.6
-------Eval Training Epoch [500 / 1500] INFO--------
Current accuracy (top-1 and 5): 39.8 85.2
Best    accuracy (top-1 and 5): 39.8 85.2
-------Eval Training Epoch [750 / 1500] INFO--------
Current accuracy (top-1 and 5): 39.1 84.7
Best    accuracy (top-1 and 5): 39.8 85.2
-------Eval Training Epoch [1000 / 1500] INFO--------
Current accuracy (top-1 and 5): 45.1 87.3
Best    accuracy (top-1 and 5): 45.1 87.3
-------Eval Training Epoch [1250 / 1500] INFO--------
Current accuracy (top-1 and 5): 45.9 88.2
Best    accuracy (top-1 and 5): 45.9 88.2
(Train) [Epoch 1500/1500] [2026-06-20 00:46:08] Top1 97.5  Top5 100.0  Loss 0.909
-------Eval Training Epoch [1500 / 1500] INFO--------
Current accuracy (top-1 and 5): 46.1 88.6
Best    accuracy (top-1 and 5): 46.1 88.6
Repeat 1 => Best, last acc: 46.1 46.1

->->->->->->->->->->->->-> Best Result: 46.1
best data saved
(Iter 1500) sem-loss: 0.001882  free_energy: 0.035112
(Iter 1520) sem-loss: 0.003117  free_energy: 0.056950
(Iter 1540) sem-loss: 0.003922  free_energy: 0.055275
(Iter 1560) sem-loss: 0.000725  free_energy: 0.034152
(Iter 1580) sem-loss: 0.001974  free_energy: 0.043312
(Iter 1600) sem-loss: 0.002426  free_energy: 0.040185
(Iter 1620) sem-loss: 0.002077  free_energy: 0.042892
(Iter 1640) sem-loss: 0.003052  free_energy: 0.043086
(Iter 1660) sem-loss: 0.003505  free_energy: 0.041792
(Iter 1680) sem-loss: 0.002862  free_energy: 0.043520
(Iter 1700) sem-loss: 0.006484  free_energy: 0.034709
(Iter 1720) sem-loss: 0.006423  free_energy: 0.034703
(Iter 1740) sem-loss: 0.004609  free_energy: 0.032220
(Iter 1760) sem-loss: 0.001231  free_energy: 0.032145
(Iter 1780) sem-loss: 0.002315  free_energy: 0.043414
(Iter 1800) sem-loss: 0.003151  free_energy: 0.042741
(Iter 1820) sem-loss: 0.008635  free_energy: 0.033783
(Iter 1840) sem-loss: 0.003608  free_energy: 0.042518
(Iter 1860) sem-loss: 0.003186  free_energy: 0.034842
(Iter 1880) sem-loss: 0.002202  free_energy: 0.036586
(Iter 1900) sem-loss: 0.002307  free_energy: 0.033263
(Iter 1920) sem-loss: 0.002359  free_energy: 0.040907
(Iter 1940) sem-loss: 0.002203  free_energy: 0.044415
(Iter 1960) sem-loss: 0.003755  free_energy: 0.040243
(Iter 1980) sem-loss: 0.002371  free_energy: 0.048895
=> creating model convnet-3, norm: instance
Start training with DSA and cut mixup
-------Eval Training Epoch [250 / 1500] INFO--------
Current accuracy (top-1 and 5): 37.4 82.9
Best    accuracy (top-1 and 5): 37.4 82.9
-------Eval Training Epoch [500 / 1500] INFO--------
Current accuracy (top-1 and 5): 41.7 85.9
Best    accuracy (top-1 and 5): 41.7 85.9
-------Eval Training Epoch [750 / 1500] INFO--------
Current accuracy (top-1 and 5): 43.2 86.6
Best    accuracy (top-1 and 5): 43.2 86.6
-------Eval Training Epoch [1000 / 1500] INFO--------
Current accuracy (top-1 and 5): 42.0 84.9
Best    accuracy (top-1 and 5): 43.2 86.6
-------Eval Training Epoch [1250 / 1500] INFO--------
Current accuracy (top-1 and 5): 46.0 88.2
Best    accuracy (top-1 and 5): 46.0 88.2
(Train) [Epoch 1500/1500] [2026-06-20 00:49:57] Top1 100.0  Top5 100.0  Loss 0.010
-------Eval Training Epoch [1500 / 1500] INFO--------
Current accuracy (top-1 and 5): 46.7 88.3
Best    accuracy (top-1 and 5): 46.7 88.3
Repeat 1 => Best, last acc: 46.7 46.7

->->->->->->->->->->->->-> Best Result: 46.7
best data saved
(Iter 2000) sem-loss: 0.001218  free_energy: 0.032601
(Iter 2020) sem-loss: 0.002143  free_energy: 0.040162
(Iter 2040) sem-loss: 0.003349  free_energy: 0.045603
(Iter 2060) sem-loss: 0.000919  free_energy: 0.036077
(Iter 2080) sem-loss: 0.002163  free_energy: 0.048433
(Iter 2100) sem-loss: 0.003403  free_energy: 0.039687
(Iter 2120) sem-loss: 0.001353  free_energy: 0.039154
(Iter 2140) sem-loss: 0.006516  free_energy: 0.033918
(Iter 2160) sem-loss: 0.002405  free_energy: 0.039941
(Iter 2180) sem-loss: 0.000929  free_energy: 0.041151
(Iter 2200) sem-loss: 0.003952  free_energy: 0.033525
(Iter 2220) sem-loss: 0.004427  free_energy: 0.045332
(Iter 2240) sem-loss: 0.002474  free_energy: 0.034479
(Iter 2260) sem-loss: 0.002896  free_energy: 0.037850
(Iter 2280) sem-loss: 0.000728  free_energy: 0.050767
(Iter 2300) sem-loss: 0.004311  free_energy: 0.040102
(Iter 2320) sem-loss: 0.001444  free_energy: 0.033590
(Iter 2340) sem-loss: 0.006786  free_energy: 0.032528
(Iter 2360) sem-loss: 0.001500  free_energy: 0.033845
(Iter 2380) sem-loss: 0.004355  free_energy: 0.045859
(Iter 2400) sem-loss: 0.002255  free_energy: 0.042949
(Iter 2420) sem-loss: 0.002026  free_energy: 0.053637
(Iter 2440) sem-loss: 0.001079  free_energy: 0.038066
(Iter 2460) sem-loss: 0.000934  free_energy: 0.031384
(Iter 2480) sem-loss: 0.000990  free_energy: 0.049122
=> creating model convnet-3, norm: instance
Start training with DSA and cut mixup
-------Eval Training Epoch [250 / 1500] INFO--------
Current accuracy (top-1 and 5): 39.5 84.6
Best    accuracy (top-1 and 5): 39.5 84.6
-------Eval Training Epoch [500 / 1500] INFO--------
Current accuracy (top-1 and 5): 42.5 86.8
Best    accuracy (top-1 and 5): 42.5 86.8
-------Eval Training Epoch [750 / 1500] INFO--------
Current accuracy (top-1 and 5): 44.0 87.1
Best    accuracy (top-1 and 5): 44.0 87.1
-------Eval Training Epoch [1000 / 1500] INFO--------
Current accuracy (top-1 and 5): 44.3 87.1
Best    accuracy (top-1 and 5): 44.3 87.1
-------Eval Training Epoch [1250 / 1500] INFO--------
Current accuracy (top-1 and 5): 45.7 88.0
Best    accuracy (top-1 and 5): 45.7 88.0
(Train) [Epoch 1500/1500] [2026-06-20 00:53:41] Top1 100.0  Top5 100.0  Loss 0.963
-------Eval Training Epoch [1500 / 1500] INFO--------
Current accuracy (top-1 and 5): 46.9 88.9
Best    accuracy (top-1 and 5): 46.9 88.9
Repeat 1 => Best, last acc: 46.9 46.9

->->->->->->->->->->->->-> Best Result: 46.9
best data saved
(Iter 2500) sem-loss: 0.001666  free_energy: 0.039746
(Iter 2520) sem-loss: 0.004039  free_energy: 0.037916
(Iter 2540) sem-loss: 0.005268  free_energy: 0.035900
(Iter 2560) sem-loss: 0.001244  free_energy: 0.033865
(Iter 2580) sem-loss: 0.004089  free_energy: 0.032411
(Iter 2600) sem-loss: 0.002422  free_energy: 0.033308
(Iter 2620) sem-loss: 0.004065  free_energy: 0.039964
(Iter 2640) sem-loss: 0.002403  free_energy: 0.047147
(Iter 2660) sem-loss: 0.000930  free_energy: 0.037966
(Iter 2680) sem-loss: 0.000868  free_energy: 0.031921
(Iter 2700) sem-loss: 0.001899  free_energy: 0.044348
(Iter 2720) sem-loss: 0.002133  free_energy: 0.032907
(Iter 2740) sem-loss: 0.000783  free_energy: 0.042318
(Iter 2760) sem-loss: 0.001250  free_energy: 0.034963
(Iter 2780) sem-loss: 0.002911  free_energy: 0.044588
(Iter 2800) sem-loss: 0.001783  free_energy: 0.051942
(Iter 2820) sem-loss: 0.002654  free_energy: 0.054926
(Iter 2840) sem-loss: 0.004149  free_energy: 0.044860
(Iter 2860) sem-loss: 0.003677  free_energy: 0.035600
(Iter 2880) sem-loss: 0.001815  free_energy: 0.033925
(Iter 2900) sem-loss: 0.002059  free_energy: 0.034201
(Iter 2920) sem-loss: 0.000959  free_energy: 0.032619
(Iter 2940) sem-loss: 0.001589  free_energy: 0.039500
(Iter 2960) sem-loss: 0.002281  free_energy: 0.032545
(Iter 2980) sem-loss: 0.003192  free_energy: 0.037497
=> creating model convnet-3, norm: instance
Start training with DSA and cut mixup
-------Eval Training Epoch [250 / 1500] INFO--------
Current accuracy (top-1 and 5): 40.2 84.7
Best    accuracy (top-1 and 5): 40.2 84.7
-------Eval Training Epoch [500 / 1500] INFO--------
Current accuracy (top-1 and 5): 40.1 85.0
Best    accuracy (top-1 and 5): 40.2 84.7
-------Eval Training Epoch [750 / 1500] INFO--------
Current accuracy (top-1 and 5): 43.4 84.8
Best    accuracy (top-1 and 5): 43.4 84.8
-------Eval Training Epoch [1000 / 1500] INFO--------
Current accuracy (top-1 and 5): 39.9 85.3
Best    accuracy (top-1 and 5): 43.4 84.8
-------Eval Training Epoch [1250 / 1500] INFO--------
Current accuracy (top-1 and 5): 45.1 87.9
Best    accuracy (top-1 and 5): 45.1 87.9
(Train) [Epoch 1500/1500] [2026-06-20 00:57:47] Top1 100.0  Top5 100.0  Loss 0.015
-------Eval Training Epoch [1500 / 1500] INFO--------
Current accuracy (top-1 and 5): 47.5 88.3
Best    accuracy (top-1 and 5): 47.5 88.3
Repeat 1 => Best, last acc: 47.5 47.5

->->->->->->->->->->->->-> Best Result: 47.5
best data saved
(Iter 3000) sem-loss: 0.002784  free_energy: 0.032211
(Iter 3020) sem-loss: 0.001979  free_energy: 0.032865
(Iter 3040) sem-loss: 0.002168  free_energy: 0.041478
(Iter 3060) sem-loss: 0.001749  free_energy: 0.044299
(Iter 3080) sem-loss: 0.009785  free_energy: 0.034909
(Iter 3100) sem-loss: 0.003456  free_energy: 0.033807
(Iter 3120) sem-loss: 0.002404  free_energy: 0.031996
(Iter 3140) sem-loss: 0.005920  free_energy: 0.032816
(Iter 3160) sem-loss: 0.002842  free_energy: 0.041899
(Iter 3180) sem-loss: 0.002471  free_energy: 0.032866
(Iter 3200) sem-loss: 0.001213  free_energy: 0.030957
(Iter 3220) sem-loss: 0.001277  free_energy: 0.032838
(Iter 3240) sem-loss: 0.001483  free_energy: 0.029700
(Iter 3260) sem-loss: 0.001782  free_energy: 0.030809
(Iter 3280) sem-loss: 0.001654  free_energy: 0.049772
(Iter 3300) sem-loss: 0.000576  free_energy: 0.043239
(Iter 3320) sem-loss: 0.002995  free_energy: 0.038384
(Iter 3340) sem-loss: 0.002567  free_energy: 0.032539
(Iter 3360) sem-loss: 0.001734  free_energy: 0.052192
(Iter 3380) sem-loss: 0.002028  free_energy: 0.033610
(Iter 3400) sem-loss: 0.001397  free_energy: 0.032217
(Iter 3420) sem-loss: 0.002365  free_energy: 0.038548
(Iter 3440) sem-loss: 0.000543  free_energy: 0.042688
(Iter 3460) sem-loss: 0.003793  free_energy: 0.040114
(Iter 3480) sem-loss: 0.001844  free_energy: 0.045548
=> creating model convnet-3, norm: instance
Start training with DSA and cut mixup
-------Eval Training Epoch [250 / 1500] INFO--------
Current accuracy (top-1 and 5): 40.8 85.6
Best    accuracy (top-1 and 5): 40.8 85.6
-------Eval Training Epoch [500 / 1500] INFO--------
Current accuracy (top-1 and 5): 43.6 87.7
Best    accuracy (top-1 and 5): 43.6 87.7
-------Eval Training Epoch [750 / 1500] INFO--------
Current accuracy (top-1 and 5): 43.6 85.8
Best    accuracy (top-1 and 5): 43.6 87.7
-------Eval Training Epoch [1000 / 1500] INFO--------
Current accuracy (top-1 and 5): 45.0 87.9
Best    accuracy (top-1 and 5): 45.0 87.9
-------Eval Training Epoch [1250 / 1500] INFO--------
Current accuracy (top-1 and 5): 47.0 89.1
Best    accuracy (top-1 and 5): 47.0 89.1
(Train) [Epoch 1500/1500] [2026-06-20 01:02:06] Top1 100.0  Top5 100.0  Loss 0.008
-------Eval Training Epoch [1500 / 1500] INFO--------
Current accuracy (top-1 and 5): 48.2 89.3
Best    accuracy (top-1 and 5): 48.2 89.3
Repeat 1 => Best, last acc: 48.2 48.2

->->->->->->->->->->->->-> Best Result: 48.2
best data saved
(Iter 3500) sem-loss: 0.002249  free_energy: 0.041605
(Iter 3520) sem-loss: 0.002721  free_energy: 0.034615
(Iter 3540) sem-loss: 0.001413  free_energy: 0.045430
(Iter 3560) sem-loss: 0.000727  free_energy: 0.047212
(Iter 3580) sem-loss: 0.001105  free_energy: 0.033640
(Iter 3600) sem-loss: 0.001731  free_energy: 0.042886
(Iter 3620) sem-loss: 0.003920  free_energy: 0.031768
(Iter 3640) sem-loss: 0.001810  free_energy: 0.032011
(Iter 3660) sem-loss: 0.002013  free_energy: 0.046395
(Iter 3680) sem-loss: 0.002836  free_energy: 0.046659
(Iter 3700) sem-loss: 0.000925  free_energy: 0.035768
(Iter 3720) sem-loss: 0.003778  free_energy: 0.031109
(Iter 3740) sem-loss: 0.002620  free_energy: 0.036493
(Iter 3760) sem-loss: 0.002522  free_energy: 0.031916
(Iter 3780) sem-loss: 0.000813  free_energy: 0.034997
(Iter 3800) sem-loss: 0.001229  free_energy: 0.031505
(Iter 3820) sem-loss: 0.002821  free_energy: 0.047828
(Iter 3840) sem-loss: 0.002823  free_energy: 0.032572
(Iter 3860) sem-loss: 0.000491  free_energy: 0.031347
(Iter 3880) sem-loss: 0.000909  free_energy: 0.029937
(Iter 3900) sem-loss: 0.003180  free_energy: 0.035648
(Iter 3920) sem-loss: 0.015225  free_energy: 0.043344
(Iter 3940) sem-loss: 0.005909  free_energy: 0.049524
(Iter 3960) sem-loss: 0.001230  free_energy: 0.032146
(Iter 3980) sem-loss: 0.001903  free_energy: 0.041979
=> creating model convnet-3, norm: instance
Start training with DSA and cut mixup
-------Eval Training Epoch [250 / 1500] INFO--------
Current accuracy (top-1 and 5): 37.9 83.4
Best    accuracy (top-1 and 5): 37.9 83.4
-------Eval Training Epoch [500 / 1500] INFO--------
Current accuracy (top-1 and 5): 41.5 84.6
Best    accuracy (top-1 and 5): 41.5 84.6
-------Eval Training Epoch [750 / 1500] INFO--------
Current accuracy (top-1 and 5): 42.1 85.3
Best    accuracy (top-1 and 5): 42.1 85.3
-------Eval Training Epoch [1000 / 1500] INFO--------
Current accuracy (top-1 and 5): 43.6 86.7
Best    accuracy (top-1 and 5): 43.6 86.7
-------Eval Training Epoch [1250 / 1500] INFO--------
Current accuracy (top-1 and 5): 44.6 87.9
Best    accuracy (top-1 and 5): 44.6 87.9
(Train) [Epoch 1500/1500] [2026-06-20 01:05:57] Top1 97.5  Top5 100.0  Loss 0.846
-------Eval Training Epoch [1500 / 1500] INFO--------
Current accuracy (top-1 and 5): 46.4 88.6
Best    accuracy (top-1 and 5): 46.4 88.6
Repeat 1 => Best, last acc: 46.4 46.4

(Iter 4000) sem-loss: 0.001149  free_energy: 0.035787
(Iter 4020) sem-loss: 0.002518  free_energy: 0.034870
(Iter 4040) sem-loss: 0.004496  free_energy: 0.033965
(Iter 4060) sem-loss: 0.001156  free_energy: 0.048163
(Iter 4080) sem-loss: 0.003582  free_energy: 0.031712
(Iter 4100) sem-loss: 0.001464  free_energy: 0.034666
(Iter 4120) sem-loss: 0.003366  free_energy: 0.037428
(Iter 4140) sem-loss: 0.001295  free_energy: 0.034381
(Iter 4160) sem-loss: 0.001165  free_energy: 0.042986
(Iter 4180) sem-loss: 0.000581  free_energy: 0.031150
(Iter 4200) sem-loss: 0.001549  free_energy: 0.036126
(Iter 4220) sem-loss: 0.001281  free_energy: 0.036662
(Iter 4240) sem-loss: 0.001896  free_energy: 0.042651
(Iter 4260) sem-loss: 0.001921  free_energy: 0.030664
(Iter 4280) sem-loss: 0.000425  free_energy: 0.031684
(Iter 4300) sem-loss: 0.002843  free_energy: 0.032621
(Iter 4320) sem-loss: 0.002353  free_energy: 0.048181
(Iter 4340) sem-loss: 0.003738  free_energy: 0.038149
(Iter 4360) sem-loss: 0.013212  free_energy: 0.040468
(Iter 4380) sem-loss: 0.001441  free_energy: 0.033390
(Iter 4400) sem-loss: 0.001608  free_energy: 0.031081
(Iter 4420) sem-loss: 0.003312  free_energy: 0.030857
(Iter 4440) sem-loss: 0.003314  free_energy: 0.033775
(Iter 4460) sem-loss: 0.005850  free_energy: 0.032298
(Iter 4480) sem-loss: 0.001451  free_energy: 0.040785
=> creating model convnet-3, norm: instance
Start training with DSA and cut mixup
-------Eval Training Epoch [250 / 1500] INFO--------
Current accuracy (top-1 and 5): 39.7 82.9
Best    accuracy (top-1 and 5): 39.7 82.9
-------Eval Training Epoch [500 / 1500] INFO--------
Current accuracy (top-1 and 5): 40.4 84.5
Best    accuracy (top-1 and 5): 40.4 84.5
-------Eval Training Epoch [750 / 1500] INFO--------
Current accuracy (top-1 and 5): 39.5 84.5
Best    accuracy (top-1 and 5): 40.4 84.5
-------Eval Training Epoch [1000 / 1500] INFO--------
Current accuracy (top-1 and 5): 43.0 87.1
Best    accuracy (top-1 and 5): 43.0 87.1
-------Eval Training Epoch [1250 / 1500] INFO--------
Current accuracy (top-1 and 5): 47.7 88.8
Best    accuracy (top-1 and 5): 47.7 88.8
(Train) [Epoch 1500/1500] [2026-06-20 01:09:44] Top1 100.0  Top5 100.0  Loss 0.983
-------Eval Training Epoch [1500 / 1500] INFO--------
Current accuracy (top-1 and 5): 48.0 89.1
Best    accuracy (top-1 and 5): 48.0 89.1
Repeat 1 => Best, last acc: 48.0 48.0

(Iter 4500) sem-loss: 0.004528  free_energy: 0.041445
(Iter 4520) sem-loss: 0.003214  free_energy: 0.031035
(Iter 4540) sem-loss: 0.002737  free_energy: 0.033947
(Iter 4560) sem-loss: 0.003338  free_energy: 0.031054
(Iter 4580) sem-loss: 0.002617  free_energy: 0.035842
(Iter 4600) sem-loss: 0.001062  free_energy: 0.046709
(Iter 4620) sem-loss: 0.005382  free_energy: 0.029860
(Iter 4640) sem-loss: 0.002473  free_energy: 0.033789
(Iter 4660) sem-loss: 0.004388  free_energy: 0.038009
(Iter 4680) sem-loss: 0.003674  free_energy: 0.030657
(Iter 4700) sem-loss: 0.002055  free_energy: 0.035956
(Iter 4720) sem-loss: 0.001614  free_energy: 0.041174
(Iter 4740) sem-loss: 0.003345  free_energy: 0.033353
(Iter 4760) sem-loss: 0.003511  free_energy: 0.032774
(Iter 4780) sem-loss: 0.002194  free_energy: 0.029490
(Iter 4800) sem-loss: 0.001848  free_energy: 0.032141
(Iter 4820) sem-loss: 0.007993  free_energy: 0.031368
(Iter 4840) sem-loss: 0.002704  free_energy: 0.031240
(Iter 4860) sem-loss: 0.003851  free_energy: 0.043565
(Iter 4880) sem-loss: 0.002415  free_energy: 0.035704
(Iter 4900) sem-loss: 0.001576  free_energy: 0.045003
(Iter 4920) sem-loss: 0.002629  free_energy: 0.030969
(Iter 4940) sem-loss: 0.002068  free_energy: 0.046793
(Iter 4960) sem-loss: 0.004058  free_energy: 0.042607
(Iter 4980) sem-loss: 0.001108  free_energy: 0.035327
=> creating model convnet-3, norm: instance
Start training with DSA and cut mixup
-------Eval Training Epoch [250 / 1500] INFO--------
Current accuracy (top-1 and 5): 39.0 85.4
Best    accuracy (top-1 and 5): 39.0 85.4
-------Eval Training Epoch [500 / 1500] INFO--------
Current accuracy (top-1 and 5): 43.4 87.6
Best    accuracy (top-1 and 5): 43.4 87.6
-------Eval Training Epoch [750 / 1500] INFO--------
Current accuracy (top-1 and 5): 44.0 86.6
Best    accuracy (top-1 and 5): 44.0 86.6
-------Eval Training Epoch [1000 / 1500] INFO--------
Current accuracy (top-1 and 5): 43.8 86.2
Best    accuracy (top-1 and 5): 44.0 86.6
-------Eval Training Epoch [1250 / 1500] INFO--------
Current accuracy (top-1 and 5): 46.3 87.8
Best    accuracy (top-1 and 5): 46.3 87.8
(Train) [Epoch 1500/1500] [2026-06-20 01:13:31] Top1 100.0  Top5 100.0  Loss 0.008
-------Eval Training Epoch [1500 / 1500] INFO--------
Current accuracy (top-1 and 5): 47.7 88.8
Best    accuracy (top-1 and 5): 47.7 88.8
Repeat 1 => Best, last acc: 47.7 47.7

(Iter 5000) sem-loss: 0.007018  free_energy: 0.031525
(Iter 5020) sem-loss: 0.001768  free_energy: 0.030705
(Iter 5040) sem-loss: 0.003227  free_energy: 0.033105
(Iter 5060) sem-loss: 0.002114  free_energy: 0.031377
(Iter 5080) sem-loss: 0.002142  free_energy: 0.048765
(Iter 5100) sem-loss: 0.000890  free_energy: 0.043255
(Iter 5120) sem-loss: 0.002692  free_energy: 0.033338
(Iter 5140) sem-loss: 0.002217  free_energy: 0.035606
(Iter 5160) sem-loss: 0.001273  free_energy: 0.039460
(Iter 5180) sem-loss: 0.009568  free_energy: 0.034628
(Iter 5200) sem-loss: 0.001851  free_energy: 0.046183
(Iter 5220) sem-loss: 0.001301  free_energy: 0.035639
(Iter 5240) sem-loss: 0.000908  free_energy: 0.035558
(Iter 5260) sem-loss: 0.002192  free_energy: 0.030703
(Iter 5280) sem-loss: 0.001976  free_energy: 0.033001
(Iter 5300) sem-loss: 0.000686  free_energy: 0.029816
(Iter 5320) sem-loss: 0.004533  free_energy: 0.036423
(Iter 5340) sem-loss: 0.001906  free_energy: 0.031153
(Iter 5360) sem-loss: 0.001509  free_energy: 0.031849
(Iter 5380) sem-loss: 0.003454  free_energy: 0.035521
(Iter 5400) sem-loss: 0.000793  free_energy: 0.034305
(Iter 5420) sem-loss: 0.002355  free_energy: 0.034956
(Iter 5440) sem-loss: 0.001019  free_energy: 0.035385
(Iter 5460) sem-loss: 0.002101  free_energy: 0.050147
(Iter 5480) sem-loss: 0.002094  free_energy: 0.044593
=> creating model convnet-3, norm: instance
Start training with DSA and cut mixup
-------Eval Training Epoch [250 / 1500] INFO--------
Current accuracy (top-1 and 5): 40.7 84.9
Best    accuracy (top-1 and 5): 40.7 84.9
-------Eval Training Epoch [500 / 1500] INFO--------
Current accuracy (top-1 and 5): 44.2 87.0
Best    accuracy (top-1 and 5): 44.2 87.0
-------Eval Training Epoch [750 / 1500] INFO--------
Current accuracy (top-1 and 5): 43.8 85.8
Best    accuracy (top-1 and 5): 44.2 87.0
-------Eval Training Epoch [1000 / 1500] INFO--------
Current accuracy (top-1 and 5): 43.5 86.3
Best    accuracy (top-1 and 5): 44.2 87.0
-------Eval Training Epoch [1250 / 1500] INFO--------
Current accuracy (top-1 and 5): 47.3 88.2
Best    accuracy (top-1 and 5): 47.3 88.2
(Train) [Epoch 1500/1500] [2026-06-20 01:17:36] Top1 100.0  Top5 100.0  Loss 0.088
-------Eval Training Epoch [1500 / 1500] INFO--------
Current accuracy (top-1 and 5): 48.0 89.2
Best    accuracy (top-1 and 5): 48.0 89.2
Repeat 1 => Best, last acc: 48.0 48.0

(Iter 5500) sem-loss: 0.000744  free_energy: 0.040492
(Iter 5520) sem-loss: 0.001122  free_energy: 0.046814
(Iter 5540) sem-loss: 0.003061  free_energy: 0.039599
(Iter 5560) sem-loss: 0.001046  free_energy: 0.036532
(Iter 5580) sem-loss: 0.000970  free_energy: 0.042805
(Iter 5600) sem-loss: 0.010011  free_energy: 0.035500
(Iter 5620) sem-loss: 0.001881  free_energy: 0.030961
(Iter 5640) sem-loss: 0.001002  free_energy: 0.033023
(Iter 5660) sem-loss: 0.002174  free_energy: 0.030008
(Iter 5680) sem-loss: 0.001888  free_energy: 0.038296
(Iter 5700) sem-loss: 0.000881  free_energy: 0.050996
(Iter 5720) sem-loss: 0.002498  free_energy: 0.031369
(Iter 5740) sem-loss: 0.002530  free_energy: 0.047772
(Iter 5760) sem-loss: 0.000793  free_energy: 0.040240
(Iter 5780) sem-loss: 0.001062  free_energy: 0.030732
(Iter 5800) sem-loss: 0.004976  free_energy: 0.029793
(Iter 5820) sem-loss: 0.000914  free_energy: 0.031241
(Iter 5840) sem-loss: 0.007836  free_energy: 0.030650
(Iter 5860) sem-loss: 0.001433  free_energy: 0.037612
(Iter 5880) sem-loss: 0.002002  free_energy: 0.031058
(Iter 5900) sem-loss: 0.001679  free_energy: 0.042155
(Iter 5920) sem-loss: 0.002522  free_energy: 0.037433
(Iter 5940) sem-loss: 0.002892  free_energy: 0.031924
(Iter 5960) sem-loss: 0.006208  free_energy: 0.030049
(Iter 5980) sem-loss: 0.005365  free_energy: 0.035624
=> creating model convnet-3, norm: instance
Start training with DSA and cut mixup
-------Eval Training Epoch [250 / 1500] INFO--------
Current accuracy (top-1 and 5): 42.8 86.3
Best    accuracy (top-1 and 5): 42.8 86.3
-------Eval Training Epoch [500 / 1500] INFO--------
Current accuracy (top-1 and 5): 39.2 84.9
Best    accuracy (top-1 and 5): 42.8 86.3
-------Eval Training Epoch [750 / 1500] INFO--------
Current accuracy (top-1 and 5): 39.3 84.0
Best    accuracy (top-1 and 5): 42.8 86.3
-------Eval Training Epoch [1000 / 1500] INFO--------
Current accuracy (top-1 and 5): 42.3 87.3
Best    accuracy (top-1 and 5): 42.8 86.3
-------Eval Training Epoch [1250 / 1500] INFO--------
Current accuracy (top-1 and 5): 48.2 88.4
Best    accuracy (top-1 and 5): 48.2 88.4
(Train) [Epoch 1500/1500] [2026-06-20 01:21:41] Top1 97.5  Top5 100.0  Loss 1.084
-------Eval Training Epoch [1500 / 1500] INFO--------
Current accuracy (top-1 and 5): 48.5 89.0
Best    accuracy (top-1 and 5): 48.5 89.0
Repeat 1 => Best, last acc: 48.5 48.5

->->->->->->->->->->->->-> Best Result: 48.5
best data saved
(Iter 6000) sem-loss: 0.000783  free_energy: 0.046220
(Iter 6020) sem-loss: 0.002955  free_energy: 0.029192
(Iter 6040) sem-loss: 0.001535  free_energy: 0.037593
(Iter 6060) sem-loss: 0.004406  free_energy: 0.029694
(Iter 6080) sem-loss: 0.000860  free_energy: 0.035396
(Iter 6100) sem-loss: 0.002336  free_energy: 0.030762
(Iter 6120) sem-loss: 0.004916  free_energy: 0.048038
(Iter 6140) sem-loss: 0.001818  free_energy: 0.035246
(Iter 6160) sem-loss: 0.002459  free_energy: 0.034737
(Iter 6180) sem-loss: 0.001319  free_energy: 0.034078
(Iter 6200) sem-loss: 0.001582  free_energy: 0.038226
(Iter 6220) sem-loss: 0.001799  free_energy: 0.033484
(Iter 6240) sem-loss: 0.001668  free_energy: 0.034650
(Iter 6260) sem-loss: 0.001031  free_energy: 0.030149
(Iter 6280) sem-loss: 0.003122  free_energy: 0.034190
(Iter 6300) sem-loss: 0.000547  free_energy: 0.032553
(Iter 6320) sem-loss: 0.002147  free_energy: 0.038702
(Iter 6340) sem-loss: 0.001475  free_energy: 0.031949
(Iter 6360) sem-loss: 0.002142  free_energy: 0.044545
(Iter 6380) sem-loss: 0.002445  free_energy: 0.032023
(Iter 6400) sem-loss: 0.002525  free_energy: 0.031713
(Iter 6420) sem-loss: 0.005015  free_energy: 0.036143
(Iter 6440) sem-loss: 0.002795  free_energy: 0.030777
(Iter 6460) sem-loss: 0.001203  free_energy: 0.032816
(Iter 6480) sem-loss: 0.001472  free_energy: 0.029611
=> creating model convnet-3, norm: instance
Start training with DSA and cut mixup
-------Eval Training Epoch [250 / 1500] INFO--------
Current accuracy (top-1 and 5): 40.7 84.6
Best    accuracy (top-1 and 5): 40.7 84.6
-------Eval Training Epoch [500 / 1500] INFO--------
Current accuracy (top-1 and 5): 41.3 85.9
Best    accuracy (top-1 and 5): 41.3 85.9
-------Eval Training Epoch [750 / 1500] INFO--------
Current accuracy (top-1 and 5): 41.1 85.5
Best    accuracy (top-1 and 5): 41.3 85.9
-------Eval Training Epoch [1000 / 1500] INFO--------
Current accuracy (top-1 and 5): 43.2 85.3
Best    accuracy (top-1 and 5): 43.2 85.3
-------Eval Training Epoch [1250 / 1500] INFO--------
Current accuracy (top-1 and 5): 47.2 88.6
Best    accuracy (top-1 and 5): 47.2 88.6
(Train) [Epoch 1500/1500] [2026-06-20 01:24:45] Top1 100.0  Top5 100.0  Loss 0.690
-------Eval Training Epoch [1500 / 1500] INFO--------
Current accuracy (top-1 and 5): 47.9 88.8
Best    accuracy (top-1 and 5): 47.9 88.8
Repeat 1 => Best, last acc: 47.9 47.9

(Iter 6500) sem-loss: 0.009595  free_energy: 0.040420
(Iter 6520) sem-loss: 0.004483  free_energy: 0.029588
(Iter 6540) sem-loss: 0.002835  free_energy: 0.049512
(Iter 6560) sem-loss: 0.002565  free_energy: 0.042176
(Iter 6580) sem-loss: 0.004055  free_energy: 0.032220
(Iter 6600) sem-loss: 0.001330  free_energy: 0.045744
(Iter 6620) sem-loss: 0.002408  free_energy: 0.038641
(Iter 6640) sem-loss: 0.001191  free_energy: 0.032106
(Iter 6660) sem-loss: 0.000766  free_energy: 0.030347
(Iter 6680) sem-loss: 0.001760  free_energy: 0.036542
(Iter 6700) sem-loss: 0.003920  free_energy: 0.030431
(Iter 6720) sem-loss: 0.001252  free_energy: 0.031736
(Iter 6740) sem-loss: 0.003030  free_energy: 0.033444
(Iter 6760) sem-loss: 0.003177  free_energy: 0.031911
(Iter 6780) sem-loss: 0.001616  free_energy: 0.043494
(Iter 6800) sem-loss: 0.001446  free_energy: 0.044286
(Iter 6820) sem-loss: 0.000843  free_energy: 0.042282
(Iter 6840) sem-loss: 0.004609  free_energy: 0.036631
(Iter 6860) sem-loss: 0.001680  free_energy: 0.042209
(Iter 6880) sem-loss: 0.001262  free_energy: 0.029967
(Iter 6900) sem-loss: 0.001844  free_energy: 0.048940
(Iter 6920) sem-loss: 0.003885  free_energy: 0.032272
(Iter 6940) sem-loss: 0.003435  free_energy: 0.036601
(Iter 6960) sem-loss: 0.001057  free_energy: 0.040259
(Iter 6980) sem-loss: 0.005701  free_energy: 0.030059
=> creating model convnet-3, norm: instance
Start training with DSA and cut mixup
-------Eval Training Epoch [250 / 1500] INFO--------
Current accuracy (top-1 and 5): 41.3 84.8
Best    accuracy (top-1 and 5): 41.3 84.8
-------Eval Training Epoch [500 / 1500] INFO--------
Current accuracy (top-1 and 5): 41.5 86.6
Best    accuracy (top-1 and 5): 41.5 86.6
-------Eval Training Epoch [750 / 1500] INFO--------
Current accuracy (top-1 and 5): 42.0 85.3
Best    accuracy (top-1 and 5): 42.0 85.3
-------Eval Training Epoch [1000 / 1500] INFO--------
Current accuracy (top-1 and 5): 45.2 88.0
Best    accuracy (top-1 and 5): 45.2 88.0
-------Eval Training Epoch [1250 / 1500] INFO--------
Current accuracy (top-1 and 5): 48.6 89.1
Best    accuracy (top-1 and 5): 48.6 89.1
(Train) [Epoch 1500/1500] [2026-06-20 01:27:59] Top1 100.0  Top5 100.0  Loss 0.782
-------Eval Training Epoch [1500 / 1500] INFO--------
Current accuracy (top-1 and 5): 49.2 89.1
Best    accuracy (top-1 and 5): 49.2 89.1
Repeat 1 => Best, last acc: 49.2 49.2

->->->->->->->->->->->->-> Best Result: 49.2
best data saved
(Iter 7000) sem-loss: 0.000550  free_energy: 0.029697
(Iter 7020) sem-loss: 0.004587  free_energy: 0.036650
(Iter 7040) sem-loss: 0.002027  free_energy: 0.035480
(Iter 7060) sem-loss: 0.000932  free_energy: 0.042563
(Iter 7080) sem-loss: 0.002417  free_energy: 0.029227
(Iter 7100) sem-loss: 0.003796  free_energy: 0.031728
(Iter 7120) sem-loss: 0.001571  free_energy: 0.029959
(Iter 7140) sem-loss: 0.002551  free_energy: 0.040710
(Iter 7160) sem-loss: 0.001610  free_energy: 0.038652
(Iter 7180) sem-loss: 0.002689  free_energy: 0.036023
(Iter 7200) sem-loss: 0.002436  free_energy: 0.030358
(Iter 7220) sem-loss: 0.001819  free_energy: 0.030561
(Iter 7240) sem-loss: 0.002683  free_energy: 0.030548
(Iter 7260) sem-loss: 0.001732  free_energy: 0.030372
(Iter 7280) sem-loss: 0.001013  free_energy: 0.029167
(Iter 7300) sem-loss: 0.002563  free_energy: 0.045436
(Iter 7320) sem-loss: 0.003175  free_energy: 0.031972
(Iter 7340) sem-loss: 0.001274  free_energy: 0.045175
(Iter 7360) sem-loss: 0.002452  free_energy: 0.038227
(Iter 7380) sem-loss: 0.000950  free_energy: 0.038675
(Iter 7400) sem-loss: 0.002615  free_energy: 0.035421
(Iter 7420) sem-loss: 0.002504  free_energy: 0.031561
(Iter 7440) sem-loss: 0.001779  free_energy: 0.033320
(Iter 7460) sem-loss: 0.002161  free_energy: 0.030476
(Iter 7480) sem-loss: 0.000970  free_energy: 0.029083
=> creating model convnet-3, norm: instance
Start training with DSA and cut mixup
-------Eval Training Epoch [250 / 1500] INFO--------
Current accuracy (top-1 and 5): 41.8 85.6
Best    accuracy (top-1 and 5): 41.8 85.6
-------Eval Training Epoch [500 / 1500] INFO--------
Current accuracy (top-1 and 5): 40.5 84.5
Best    accuracy (top-1 and 5): 41.8 85.6
-------Eval Training Epoch [750 / 1500] INFO--------
Current accuracy (top-1 and 5): 43.5 85.9
Best    accuracy (top-1 and 5): 43.5 85.9
-------Eval Training Epoch [1000 / 1500] INFO--------
Current accuracy (top-1 and 5): 41.8 86.0
Best    accuracy (top-1 and 5): 43.5 85.9
-------Eval Training Epoch [1250 / 1500] INFO--------
Current accuracy (top-1 and 5): 47.4 88.5
Best    accuracy (top-1 and 5): 47.4 88.5
(Train) [Epoch 1500/1500] [2026-06-20 01:31:46] Top1 100.0  Top5 100.0  Loss 0.040
-------Eval Training Epoch [1500 / 1500] INFO--------
Current accuracy (top-1 and 5): 48.2 89.0
Best    accuracy (top-1 and 5): 48.2 89.0
Repeat 1 => Best, last acc: 48.2 48.2

(Iter 7500) sem-loss: 0.000908  free_energy: 0.034116
(Iter 7520) sem-loss: 0.001660  free_energy: 0.030486
(Iter 7540) sem-loss: 0.003487  free_energy: 0.031152
(Iter 7560) sem-loss: 0.001804  free_energy: 0.028805
(Iter 7580) sem-loss: 0.002259  free_energy: 0.038053
(Iter 7600) sem-loss: 0.004780  free_energy: 0.035816
(Iter 7620) sem-loss: 0.003084  free_energy: 0.033173
(Iter 7640) sem-loss: 0.003859  free_energy: 0.028910
(Iter 7660) sem-loss: 0.002465  free_energy: 0.030892
(Iter 7680) sem-loss: 0.004172  free_energy: 0.034640
(Iter 7700) sem-loss: 0.006124  free_energy: 0.031032
(Iter 7720) sem-loss: 0.000973  free_energy: 0.031854
(Iter 7740) sem-loss: 0.001227  free_energy: 0.037580
(Iter 7760) sem-loss: 0.002372  free_energy: 0.030469
(Iter 7780) sem-loss: 0.002091  free_energy: 0.047104
(Iter 7800) sem-loss: 0.005321  free_energy: 0.031297
(Iter 7820) sem-loss: 0.001679  free_energy: 0.041523
(Iter 7840) sem-loss: 0.004467  free_energy: 0.044007
(Iter 7860) sem-loss: 0.002734  free_energy: 0.033591
(Iter 7880) sem-loss: 0.001584  free_energy: 0.034275
(Iter 7900) sem-loss: 0.001357  free_energy: 0.036678
(Iter 7920) sem-loss: 0.002453  free_energy: 0.050971
(Iter 7940) sem-loss: 0.000958  free_energy: 0.030422
(Iter 7960) sem-loss: 0.001070  free_energy: 0.033411
(Iter 7980) sem-loss: 0.001012  free_energy: 0.040979
=> creating model convnet-3, norm: instance
Start training with DSA and cut mixup
-------Eval Training Epoch [250 / 1500] INFO--------
Current accuracy (top-1 and 5): 42.7 87.0
Best    accuracy (top-1 and 5): 42.7 87.0
-------Eval Training Epoch [500 / 1500] INFO--------
Current accuracy (top-1 and 5): 37.3 82.6
Best    accuracy (top-1 and 5): 42.7 87.0
-------Eval Training Epoch [750 / 1500] INFO--------
Current accuracy (top-1 and 5): 45.9 87.2
Best    accuracy (top-1 and 5): 45.9 87.2
-------Eval Training Epoch [1000 / 1500] INFO--------
Current accuracy (top-1 and 5): 44.8 87.1
Best    accuracy (top-1 and 5): 45.9 87.2
-------Eval Training Epoch [1250 / 1500] INFO--------
Current accuracy (top-1 and 5): 48.7 89.1
Best    accuracy (top-1 and 5): 48.7 89.1
(Train) [Epoch 1500/1500] [2026-06-20 01:35:55] Top1 100.0  Top5 100.0  Loss 0.006
-------Eval Training Epoch [1500 / 1500] INFO--------
Current accuracy (top-1 and 5): 49.6 89.6
Best    accuracy (top-1 and 5): 49.6 89.6
Repeat 1 => Best, last acc: 49.6 49.6

->->->->->->->->->->->->-> Best Result: 49.6
best data saved
(Iter 8000) sem-loss: 0.000706  free_energy: 0.031330
(Iter 8020) sem-loss: 0.001514  free_energy: 0.042324
(Iter 8040) sem-loss: 0.004288  free_energy: 0.034930
(Iter 8060) sem-loss: 0.001923  free_energy: 0.038048
(Iter 8080) sem-loss: 0.001252  free_energy: 0.037105
(Iter 8100) sem-loss: 0.003115  free_energy: 0.031411
(Iter 8120) sem-loss: 0.001356  free_energy: 0.029738
(Iter 8140) sem-loss: 0.002002  free_energy: 0.037529
(Iter 8160) sem-loss: 0.001383  free_energy: 0.032248
(Iter 8180) sem-loss: 0.001512  free_energy: 0.029308
(Iter 8200) sem-loss: 0.001608  free_energy: 0.048320
(Iter 8220) sem-loss: 0.001495  free_energy: 0.032724
(Iter 8240) sem-loss: 0.003163  free_energy: 0.030236
(Iter 8260) sem-loss: 0.003262  free_energy: 0.033109
(Iter 8280) sem-loss: 0.002297  free_energy: 0.030743
(Iter 8300) sem-loss: 0.001437  free_energy: 0.037829
(Iter 8320) sem-loss: 0.001395  free_energy: 0.032478
(Iter 8340) sem-loss: 0.001339  free_energy: 0.029644
(Iter 8360) sem-loss: 0.002553  free_energy: 0.038434
(Iter 8380) sem-loss: 0.002956  free_energy: 0.030552
(Iter 8400) sem-loss: 0.000611  free_energy: 0.032398
(Iter 8420) sem-loss: 0.001624  free_energy: 0.035289
(Iter 8440) sem-loss: 0.001416  free_energy: 0.030327
(Iter 8460) sem-loss: 0.000875  free_energy: 0.030397
(Iter 8480) sem-loss: 0.003082  free_energy: 0.048920
=> creating model convnet-3, norm: instance
Start training with DSA and cut mixup
-------Eval Training Epoch [250 / 1500] INFO--------
Current accuracy (top-1 and 5): 41.2 84.3
Best    accuracy (top-1 and 5): 41.2 84.3
-------Eval Training Epoch [500 / 1500] INFO--------
Current accuracy (top-1 and 5): 44.1 87.0
Best    accuracy (top-1 and 5): 44.1 87.0
-------Eval Training Epoch [750 / 1500] INFO--------
Current accuracy (top-1 and 5): 44.5 86.3
Best    accuracy (top-1 and 5): 44.5 86.3
-------Eval Training Epoch [1000 / 1500] INFO--------
Current accuracy (top-1 and 5): 45.2 87.7
Best    accuracy (top-1 and 5): 45.2 87.7
-------Eval Training Epoch [1250 / 1500] INFO--------
Current accuracy (top-1 and 5): 46.6 88.7
Best    accuracy (top-1 and 5): 46.6 88.7
(Train) [Epoch 1500/1500] [2026-06-20 01:40:07] Top1 20.0  Top5 87.5  Loss 1.017
-------Eval Training Epoch [1500 / 1500] INFO--------
Current accuracy (top-1 and 5): 47.5 88.5
Best    accuracy (top-1 and 5): 47.5 88.5
Repeat 1 => Best, last acc: 47.5 47.5

(Iter 8500) sem-loss: 0.002876  free_energy: 0.038824
(Iter 8520) sem-loss: 0.002162  free_energy: 0.037682
(Iter 8540) sem-loss: 0.001940  free_energy: 0.029143
(Iter 8560) sem-loss: 0.001389  free_energy: 0.036448
(Iter 8580) sem-loss: 0.002833  free_energy: 0.030241
(Iter 8600) sem-loss: 0.002325  free_energy: 0.035727
(Iter 8620) sem-loss: 0.002450  free_energy: 0.040939
(Iter 8640) sem-loss: 0.000853  free_energy: 0.035636
(Iter 8660) sem-loss: 0.001240  free_energy: 0.033830
(Iter 8680) sem-loss: 0.002462  free_energy: 0.042396
(Iter 8700) sem-loss: 0.002058  free_energy: 0.044219
(Iter 8720) sem-loss: 0.001388  free_energy: 0.033319
(Iter 8740) sem-loss: 0.000546  free_energy: 0.029437
(Iter 8760) sem-loss: 0.003357  free_energy: 0.030468
(Iter 8780) sem-loss: 0.001307  free_energy: 0.030650
(Iter 8800) sem-loss: 0.001872  free_energy: 0.046046
(Iter 8820) sem-loss: 0.001475  free_energy: 0.028632
(Iter 8840) sem-loss: 0.000393  free_energy: 0.030900
(Iter 8860) sem-loss: 0.000976  free_energy: 0.029357
(Iter 8880) sem-loss: 0.001322  free_energy: 0.028151
(Iter 8900) sem-loss: 0.001982  free_energy: 0.032182
(Iter 8920) sem-loss: 0.001940  free_energy: 0.034446
(Iter 8940) sem-loss: 0.001035  free_energy: 0.039167
(Iter 8960) sem-loss: 0.001917  free_energy: 0.029572
(Iter 8980) sem-loss: 0.002846  free_energy: 0.032224
=> creating model convnet-3, norm: instance
Start training with DSA and cut mixup
-------Eval Training Epoch [250 / 1500] INFO--------
Current accuracy (top-1 and 5): 42.5 86.8
Best    accuracy (top-1 and 5): 42.5 86.8
-------Eval Training Epoch [500 / 1500] INFO--------
Current accuracy (top-1 and 5): 43.8 87.1
Best    accuracy (top-1 and 5): 43.8 87.1
-------Eval Training Epoch [750 / 1500] INFO--------
Current accuracy (top-1 and 5): 38.0 85.4
Best    accuracy (top-1 and 5): 43.8 87.1
-------Eval Training Epoch [1000 / 1500] INFO--------
Current accuracy (top-1 and 5): 43.4 86.6
Best    accuracy (top-1 and 5): 43.8 87.1
-------Eval Training Epoch [1250 / 1500] INFO--------
Current accuracy (top-1 and 5): 48.1 89.2
Best    accuracy (top-1 and 5): 48.1 89.2
(Train) [Epoch 1500/1500] [2026-06-20 01:43:59] Top1 90.0  Top5 100.0  Loss 1.013
-------Eval Training Epoch [1500 / 1500] INFO--------
Current accuracy (top-1 and 5): 48.6 89.0
Best    accuracy (top-1 and 5): 48.6 89.0
Repeat 1 => Best, last acc: 48.6 48.6

(Iter 9000) sem-loss: 0.000493  free_energy: 0.043386
(Iter 9020) sem-loss: 0.001970  free_energy: 0.029758
(Iter 9040) sem-loss: 0.000733  free_energy: 0.030217
(Iter 9060) sem-loss: 0.002058  free_energy: 0.036439
(Iter 9080) sem-loss: 0.002591  free_energy: 0.036489
(Iter 9100) sem-loss: 0.001930  free_energy: 0.044898
(Iter 9120) sem-loss: 0.000592  free_energy: 0.029341
(Iter 9140) sem-loss: 0.001183  free_energy: 0.032987
(Iter 9160) sem-loss: 0.002401  free_energy: 0.028469
(Iter 9180) sem-loss: 0.002405  free_energy: 0.031365
(Iter 9200) sem-loss: 0.001341  free_energy: 0.044652
(Iter 9220) sem-loss: 0.002298  free_energy: 0.039355
(Iter 9240) sem-loss: 0.001370  free_energy: 0.030836
(Iter 9260) sem-loss: 0.000815  free_energy: 0.028672
(Iter 9280) sem-loss: 0.002187  free_energy: 0.030438
(Iter 9300) sem-loss: 0.001212  free_energy: 0.029923
(Iter 9320) sem-loss: 0.000829  free_energy: 0.039966
(Iter 9340) sem-loss: 0.000557  free_energy: 0.033004
(Iter 9360) sem-loss: 0.002732  free_energy: 0.031801
(Iter 9380) sem-loss: 0.001579  free_energy: 0.029064
(Iter 9400) sem-loss: 0.003087  free_energy: 0.030005
(Iter 9420) sem-loss: 0.005267  free_energy: 0.039602
(Iter 9440) sem-loss: 0.002845  free_energy: 0.032224
(Iter 9460) sem-loss: 0.001422  free_energy: 0.037710
(Iter 9480) sem-loss: 0.001782  free_energy: 0.039116
=> creating model convnet-3, norm: instance
Start training with DSA and cut mixup
-------Eval Training Epoch [250 / 1500] INFO--------
Current accuracy (top-1 and 5): 40.8 85.7
Best    accuracy (top-1 and 5): 40.8 85.7
-------Eval Training Epoch [500 / 1500] INFO--------
Current accuracy (top-1 and 5): 42.9 86.8
Best    accuracy (top-1 and 5): 42.9 86.8
-------Eval Training Epoch [750 / 1500] INFO--------
Current accuracy (top-1 and 5): 42.1 88.1
Best    accuracy (top-1 and 5): 42.9 86.8
-------Eval Training Epoch [1000 / 1500] INFO--------
Current accuracy (top-1 and 5): 45.0 87.4
Best    accuracy (top-1 and 5): 45.0 87.4
-------Eval Training Epoch [1250 / 1500] INFO--------
Current accuracy (top-1 and 5): 48.6 88.9
Best    accuracy (top-1 and 5): 48.6 88.9
(Train) [Epoch 1500/1500] [2026-06-20 01:47:31] Top1 100.0  Top5 100.0  Loss 0.566
-------Eval Training Epoch [1500 / 1500] INFO--------
Current accuracy (top-1 and 5): 48.6 89.1
Best    accuracy (top-1 and 5): 48.6 89.1
Repeat 1 => Best, last acc: 48.6 48.6

(Iter 9500) sem-loss: 0.002323  free_energy: 0.032710
(Iter 9520) sem-loss: 0.003231  free_energy: 0.034522
(Iter 9540) sem-loss: 0.002351  free_energy: 0.035088
(Iter 9560) sem-loss: 0.000928  free_energy: 0.034746
(Iter 9580) sem-loss: 0.002525  free_energy: 0.030135
(Iter 9600) sem-loss: 0.002054  free_energy: 0.029268
(Iter 9620) sem-loss: 0.000904  free_energy: 0.040680
(Iter 9640) sem-loss: 0.001209  free_energy: 0.029448
(Iter 9660) sem-loss: 0.002283  free_energy: 0.031104
(Iter 9680) sem-loss: 0.001993  free_energy: 0.029496
(Iter 9700) sem-loss: 0.002954  free_energy: 0.036904
(Iter 9720) sem-loss: 0.000695  free_energy: 0.035515
(Iter 9740) sem-loss: 0.001759  free_energy: 0.034109
(Iter 9760) sem-loss: 0.001303  free_energy: 0.028753
(Iter 9780) sem-loss: 0.001008  free_energy: 0.032464
(Iter 9800) sem-loss: 0.000783  free_energy: 0.037808
(Iter 9820) sem-loss: 0.002816  free_energy: 0.049379
(Iter 9840) sem-loss: 0.000328  free_energy: 0.031146
(Iter 9860) sem-loss: 0.002142  free_energy: 0.031335
(Iter 9880) sem-loss: 0.001392  free_energy: 0.029921
(Iter 9900) sem-loss: 0.001223  free_energy: 0.031582
(Iter 9920) sem-loss: 0.001402  free_energy: 0.035527
(Iter 9940) sem-loss: 0.002827  free_energy: 0.030018
(Iter 9960) sem-loss: 0.001794  free_energy: 0.035175
(Iter 9980) sem-loss: 0.002606  free_energy: 0.032535
=> creating model convnet-3, norm: instance
Start training with DSA and cut mixup
-------Eval Training Epoch [250 / 1500] INFO--------
Current accuracy (top-1 and 5): 40.2 85.4
Best    accuracy (top-1 and 5): 40.2 85.4
-------Eval Training Epoch [500 / 1500] INFO--------
Current accuracy (top-1 and 5): 41.9 86.4
Best    accuracy (top-1 and 5): 41.9 86.4
-------Eval Training Epoch [750 / 1500] INFO--------
Current accuracy (top-1 and 5): 44.4 87.8
Best    accuracy (top-1 and 5): 44.4 87.8
-------Eval Training Epoch [1000 / 1500] INFO--------
Current accuracy (top-1 and 5): 43.9 87.7
Best    accuracy (top-1 and 5): 44.4 87.8
-------Eval Training Epoch [1250 / 1500] INFO--------
Current accuracy (top-1 and 5): 47.9 89.5
Best    accuracy (top-1 and 5): 47.9 89.5
(Train) [Epoch 1500/1500] [2026-06-20 01:52:44] Top1 27.5  Top5 90.0  Loss 1.440
-------Eval Training Epoch [1500 / 1500] INFO--------
Current accuracy (top-1 and 5): 48.1 89.5
Best    accuracy (top-1 and 5): 48.1 89.5
Repeat 1 => Best, last acc: 48.1 48.1

