Pretrain models save dir: ./pretrain_models_cifar10
Namespace(dataset='cifar10', data_dir='./data', imagenet_dir='', nclass=10, dseed=0, size=32, phase=-1, nclass_sub=-1, load_memory=True, net_type='convnet', norm_type='instance', depth=3, width=1.0, pretrain_epochs=60, batch_real=64, batch_size=64, lr=0.01, momentum=0.9, weight_decay=0.0005, seed=0, pretrain_amount=5, mixup='cut', beta=1.0, mix_p=0.5, rrc=True, dsa=True, dsa_strategy='color_crop_flip_scale_rotate', aug_type='color_crop_cutout', verbose=False, workers=8, ipc=-1, reproduce=True, gpu=1, bottleneck=True, data_name='cifar10', pretrain_dir='./pretrain_models_cifar10', niter=10000, nch=3, augment=False)
Start training 5 models for 60 epochs
<Pretraining  0-th model>...[Epoch  0] Train acc: 35.2 (loss: 1.853), Val acc: 58.9
<Pretraining  0-th model>...[Epoch  1] Train acc: 48.1 (loss: 1.538), Val acc: 65.7
<Pretraining  0-th model>...[Epoch  2] Train acc: 51.8 (loss: 1.441), Val acc: 70.5
<Pretraining  0-th model>...[Epoch  3] Train acc: 55.2 (loss: 1.350), Val acc: 70.6
<Pretraining  0-th model>...[Epoch  4] Train acc: 58.3 (loss: 1.276), Val acc: 71.6
<Pretraining  0-th model>...[Epoch  5] Train acc: 59.2 (loss: 1.270), Val acc: 74.6
<Pretraining  0-th model>...[Epoch  6] Train acc: 59.8 (loss: 1.243), Val acc: 74.9
<Pretraining  0-th model>...[Epoch  7] Train acc: 59.9 (loss: 1.236), Val acc: 75.3
<Pretraining  0-th model>...[Epoch  8] Train acc: 62.2 (loss: 1.195), Val acc: 76.0
<Pretraining  0-th model>...[Epoch  9] Train acc: 62.4 (loss: 1.199), Val acc: 77.1
<Pretraining  0-th model>...[Epoch 10] Train acc: 62.9 (loss: 1.155), Val acc: 77.5
<Pretraining  0-th model>...[Epoch 11] Train acc: 63.2 (loss: 1.165), Val acc: 79.0
<Pretraining  0-th model>...[Epoch 12] Train acc: 63.9 (loss: 1.161), Val acc: 77.9
<Pretraining  0-th model>...[Epoch 13] Train acc: 65.3 (loss: 1.124), Val acc: 79.1
<Pretraining  0-th model>...[Epoch 14] Train acc: 64.2 (loss: 1.125), Val acc: 79.3
<Pretraining  0-th model>...[Epoch 15] Train acc: 64.6 (loss: 1.134), Val acc: 79.0
<Pretraining  0-th model>...[Epoch 16] Train acc: 64.7 (loss: 1.110), Val acc: 80.3
<Pretraining  0-th model>...[Epoch 17] Train acc: 66.2 (loss: 1.099), Val acc: 80.2
<Pretraining  0-th model>...[Epoch 18] Train acc: 66.8 (loss: 1.089), Val acc: 80.7
<Pretraining  0-th model>...[Epoch 19] Train acc: 67.2 (loss: 1.064), Val acc: 81.5
<Pretraining  0-th model>...[Epoch 20] Train acc: 67.7 (loss: 1.039), Val acc: 80.7
<Pretraining  0-th model>...[Epoch 21] Train acc: 67.7 (loss: 1.062), Val acc: 81.0
<Pretraining  0-th model>...[Epoch 22] Train acc: 68.1 (loss: 1.057), Val acc: 81.8
<Pretraining  0-th model>...[Epoch 23] Train acc: 67.1 (loss: 1.085), Val acc: 81.4
<Pretraining  0-th model>...[Epoch 24] Train acc: 68.0 (loss: 1.048), Val acc: 80.1
<Pretraining  0-th model>...[Epoch 25] Train acc: 68.6 (loss: 1.036), Val acc: 81.7
<Pretraining  0-th model>...[Epoch 26] Train acc: 67.5 (loss: 1.060), Val acc: 79.4
<Pretraining  0-th model>...[Epoch 27] Train acc: 67.9 (loss: 1.045), Val acc: 81.1
<Pretraining  0-th model>...[Epoch 28] Train acc: 69.0 (loss: 1.029), Val acc: 82.0
<Pretraining  0-th model>...[Epoch 29] Train acc: 67.8 (loss: 1.069), Val acc: 80.4
<Pretraining  0-th model>...[Epoch 30] Train acc: 68.2 (loss: 1.045), Val acc: 82.3
<Pretraining  0-th model>...[Epoch 31] Train acc: 68.0 (loss: 1.035), Val acc: 82.6
<Pretraining  0-th model>...[Epoch 32] Train acc: 69.6 (loss: 1.008), Val acc: 81.4
<Pretraining  0-th model>...[Epoch 33] Train acc: 68.5 (loss: 1.035), Val acc: 82.7
<Pretraining  0-th model>...[Epoch 34] Train acc: 68.7 (loss: 1.033), Val acc: 82.0
<Pretraining  0-th model>...[Epoch 35] Train acc: 68.9 (loss: 1.026), Val acc: 81.6
<Pretraining  0-th model>...[Epoch 36] Train acc: 69.0 (loss: 1.024), Val acc: 80.9
<Pretraining  0-th model>...[Epoch 37] Train acc: 68.8 (loss: 1.024), Val acc: 80.6
<Pretraining  0-th model>...[Epoch 38] Train acc: 70.8 (loss: 0.977), Val acc: 81.4
<Pretraining  0-th model>...[Epoch 39] Train acc: 69.6 (loss: 1.007), Val acc: 80.9
<Pretraining  0-th model>...[Epoch 40] Train acc: 73.9 (loss: 0.913), Val acc: 85.2
<Pretraining  0-th model>...[Epoch 41] Train acc: 72.3 (loss: 0.929), Val acc: 85.2
<Pretraining  0-th model>...[Epoch 42] Train acc: 74.5 (loss: 0.881), Val acc: 85.7
<Pretraining  0-th model>...[Epoch 43] Train acc: 73.7 (loss: 0.903), Val acc: 85.3
<Pretraining  0-th model>...[Epoch 44] Train acc: 73.7 (loss: 0.917), Val acc: 85.3
<Pretraining  0-th model>...[Epoch 45] Train acc: 74.6 (loss: 0.868), Val acc: 85.5
<Pretraining  0-th model>...[Epoch 46] Train acc: 74.4 (loss: 0.899), Val acc: 85.1
<Pretraining  0-th model>...[Epoch 47] Train acc: 74.6 (loss: 0.890), Val acc: 85.8
<Pretraining  0-th model>...[Epoch 48] Train acc: 74.1 (loss: 0.883), Val acc: 85.7
<Pretraining  0-th model>...[Epoch 49] Train acc: 73.9 (loss: 0.906), Val acc: 86.1
<Pretraining  0-th model>...[Epoch 50] Train acc: 74.8 (loss: 0.877), Val acc: 86.5
<Pretraining  0-th model>...[Epoch 51] Train acc: 74.9 (loss: 0.877), Val acc: 86.4
<Pretraining  0-th model>...[Epoch 52] Train acc: 75.4 (loss: 0.877), Val acc: 86.4
<Pretraining  0-th model>...[Epoch 53] Train acc: 75.2 (loss: 0.848), Val acc: 86.4
<Pretraining  0-th model>...[Epoch 54] Train acc: 76.0 (loss: 0.842), Val acc: 86.5
<Pretraining  0-th model>...[Epoch 55] Train acc: 75.1 (loss: 0.882), Val acc: 86.5
<Pretraining  0-th model>...[Epoch 56] Train acc: 75.6 (loss: 0.864), Val acc: 86.6
<Pretraining  0-th model>...[Epoch 57] Train acc: 76.7 (loss: 0.835), Val acc: 86.3
<Pretraining  0-th model>...[Epoch 58] Train acc: 75.9 (loss: 0.856), Val acc: 86.6
<Pretraining  0-th model>...[Epoch 59] Train acc: 76.0 (loss: 0.845), Val acc: 86.7
<Pretraining  1-th model>...[Epoch  0] Train acc: 35.4 (loss: 1.860), Val acc: 56.4
<Pretraining  1-th model>...[Epoch  1] Train acc: 45.6 (loss: 1.597), Val acc: 63.2
<Pretraining  1-th model>...[Epoch  2] Train acc: 51.7 (loss: 1.450), Val acc: 69.9
<Pretraining  1-th model>...[Epoch  3] Train acc: 54.3 (loss: 1.389), Val acc: 71.7
<Pretraining  1-th model>...[Epoch  4] Train acc: 56.7 (loss: 1.325), Val acc: 73.7
<Pretraining  1-th model>...[Epoch  5] Train acc: 58.8 (loss: 1.278), Val acc: 75.2
<Pretraining  1-th model>...[Epoch  6] Train acc: 60.6 (loss: 1.237), Val acc: 75.5
<Pretraining  1-th model>...[Epoch  7] Train acc: 61.0 (loss: 1.223), Val acc: 75.2
<Pretraining  1-th model>...[Epoch  8] Train acc: 61.8 (loss: 1.189), Val acc: 75.7
<Pretraining  1-th model>...[Epoch  9] Train acc: 63.0 (loss: 1.156), Val acc: 76.7
<Pretraining  1-th model>...[Epoch 10] Train acc: 63.0 (loss: 1.177), Val acc: 76.5
<Pretraining  1-th model>...[Epoch 11] Train acc: 64.6 (loss: 1.121), Val acc: 77.8
<Pretraining  1-th model>...[Epoch 12] Train acc: 64.2 (loss: 1.132), Val acc: 79.2
<Pretraining  1-th model>...[Epoch 13] Train acc: 64.2 (loss: 1.136), Val acc: 78.8
<Pretraining  1-th model>...[Epoch 14] Train acc: 64.5 (loss: 1.133), Val acc: 79.3
<Pretraining  1-th model>...[Epoch 15] Train acc: 64.5 (loss: 1.116), Val acc: 80.0
<Pretraining  1-th model>...[Epoch 16] Train acc: 65.5 (loss: 1.104), Val acc: 79.8
<Pretraining  1-th model>...[Epoch 17] Train acc: 65.8 (loss: 1.107), Val acc: 79.3
<Pretraining  1-th model>...[Epoch 18] Train acc: 66.0 (loss: 1.108), Val acc: 80.5
<Pretraining  1-th model>...[Epoch 19] Train acc: 67.5 (loss: 1.062), Val acc: 79.4
<Pretraining  1-th model>...[Epoch 20] Train acc: 67.2 (loss: 1.072), Val acc: 80.9
<Pretraining  1-th model>...[Epoch 21] Train acc: 67.9 (loss: 1.069), Val acc: 81.3
<Pretraining  1-th model>...[Epoch 22] Train acc: 67.5 (loss: 1.056), Val acc: 80.2
<Pretraining  1-th model>...[Epoch 23] Train acc: 67.0 (loss: 1.065), Val acc: 80.2
<Pretraining  1-th model>...[Epoch 24] Train acc: 67.3 (loss: 1.062), Val acc: 79.7
<Pretraining  1-th model>...[Epoch 25] Train acc: 67.8 (loss: 1.057), Val acc: 81.4
<Pretraining  1-th model>...[Epoch 26] Train acc: 69.1 (loss: 1.017), Val acc: 82.1
<Pretraining  1-th model>...[Epoch 27] Train acc: 69.1 (loss: 1.037), Val acc: 80.9
<Pretraining  1-th model>...[Epoch 28] Train acc: 68.8 (loss: 1.031), Val acc: 80.9
<Pretraining  1-th model>...[Epoch 29] Train acc: 69.0 (loss: 1.008), Val acc: 80.6
<Pretraining  1-th model>...[Epoch 30] Train acc: 68.1 (loss: 1.041), Val acc: 81.9
<Pretraining  1-th model>...[Epoch 31] Train acc: 67.5 (loss: 1.065), Val acc: 82.0
<Pretraining  1-th model>...[Epoch 32] Train acc: 69.1 (loss: 1.014), Val acc: 82.1
<Pretraining  1-th model>...[Epoch 33] Train acc: 68.5 (loss: 1.035), Val acc: 83.0
<Pretraining  1-th model>...[Epoch 34] Train acc: 68.9 (loss: 1.046), Val acc: 81.3
<Pretraining  1-th model>...[Epoch 35] Train acc: 68.2 (loss: 1.047), Val acc: 81.1
<Pretraining  1-th model>...[Epoch 36] Train acc: 68.9 (loss: 1.020), Val acc: 82.8
<Pretraining  1-th model>...[Epoch 37] Train acc: 69.8 (loss: 1.006), Val acc: 81.3
<Pretraining  1-th model>...[Epoch 38] Train acc: 70.5 (loss: 0.980), Val acc: 81.5
<Pretraining  1-th model>...[Epoch 39] Train acc: 69.5 (loss: 1.011), Val acc: 81.7
<Pretraining  1-th model>...[Epoch 40] Train acc: 72.2 (loss: 0.946), Val acc: 84.6
<Pretraining  1-th model>...[Epoch 41] Train acc: 74.6 (loss: 0.879), Val acc: 84.8
<Pretraining  1-th model>...[Epoch 42] Train acc: 73.9 (loss: 0.898), Val acc: 85.4
<Pretraining  1-th model>...[Epoch 43] Train acc: 74.1 (loss: 0.883), Val acc: 85.1
<Pretraining  1-th model>...[Epoch 44] Train acc: 72.7 (loss: 0.925), Val acc: 84.5
<Pretraining  1-th model>...[Epoch 45] Train acc: 74.0 (loss: 0.901), Val acc: 85.5
<Pretraining  1-th model>...[Epoch 46] Train acc: 74.7 (loss: 0.869), Val acc: 85.7
<Pretraining  1-th model>...[Epoch 47] Train acc: 73.4 (loss: 0.923), Val acc: 85.4
<Pretraining  1-th model>...[Epoch 48] Train acc: 74.7 (loss: 0.880), Val acc: 85.9
<Pretraining  1-th model>...[Epoch 49] Train acc: 74.9 (loss: 0.882), Val acc: 85.7
<Pretraining  1-th model>...[Epoch 50] Train acc: 74.8 (loss: 0.881), Val acc: 86.4
<Pretraining  1-th model>...[Epoch 51] Train acc: 75.6 (loss: 0.847), Val acc: 86.2
<Pretraining  1-th model>...[Epoch 52] Train acc: 75.4 (loss: 0.856), Val acc: 86.1
<Pretraining  1-th model>...[Epoch 53] Train acc: 75.6 (loss: 0.853), Val acc: 86.2
<Pretraining  1-th model>...[Epoch 54] Train acc: 76.1 (loss: 0.844), Val acc: 86.3
<Pretraining  1-th model>...[Epoch 55] Train acc: 75.5 (loss: 0.855), Val acc: 86.3
<Pretraining  1-th model>...[Epoch 56] Train acc: 76.3 (loss: 0.827), Val acc: 86.3
<Pretraining  1-th model>...[Epoch 57] Train acc: 75.6 (loss: 0.866), Val acc: 86.3
<Pretraining  1-th model>...[Epoch 58] Train acc: 75.4 (loss: 0.862), Val acc: 86.2
<Pretraining  1-th model>...[Epoch 59] Train acc: 75.8 (loss: 0.854), Val acc: 86.4
<Pretraining  2-th model>...[Epoch  0] Train acc: 36.4 (loss: 1.832), Val acc: 59.2
<Pretraining  2-th model>...[Epoch  1] Train acc: 47.8 (loss: 1.548), Val acc: 64.8
<Pretraining  2-th model>...[Epoch  2] Train acc: 52.0 (loss: 1.442), Val acc: 69.6
<Pretraining  2-th model>...[Epoch  3] Train acc: 54.9 (loss: 1.373), Val acc: 70.9
<Pretraining  2-th model>...[Epoch  4] Train acc: 59.1 (loss: 1.272), Val acc: 72.6
<Pretraining  2-th model>...[Epoch  5] Train acc: 57.9 (loss: 1.308), Val acc: 73.8
<Pretraining  2-th model>...[Epoch  6] Train acc: 60.4 (loss: 1.233), Val acc: 76.3
<Pretraining  2-th model>...[Epoch  7] Train acc: 61.1 (loss: 1.226), Val acc: 75.6
<Pretraining  2-th model>...[Epoch  8] Train acc: 62.5 (loss: 1.194), Val acc: 75.9
<Pretraining  2-th model>...[Epoch  9] Train acc: 62.6 (loss: 1.180), Val acc: 77.3
<Pretraining  2-th model>...[Epoch 10] Train acc: 62.4 (loss: 1.188), Val acc: 77.5
<Pretraining  2-th model>...[Epoch 11] Train acc: 63.7 (loss: 1.150), Val acc: 77.9
<Pretraining  2-th model>...[Epoch 12] Train acc: 64.2 (loss: 1.120), Val acc: 78.3
<Pretraining  2-th model>...[Epoch 13] Train acc: 62.8 (loss: 1.154), Val acc: 79.4
<Pretraining  2-th model>...[Epoch 14] Train acc: 65.3 (loss: 1.115), Val acc: 78.7
<Pretraining  2-th model>...[Epoch 15] Train acc: 65.3 (loss: 1.117), Val acc: 79.8
<Pretraining  2-th model>...[Epoch 16] Train acc: 67.5 (loss: 1.073), Val acc: 80.4
<Pretraining  2-th model>...[Epoch 17] Train acc: 65.7 (loss: 1.110), Val acc: 79.8
<Pretraining  2-th model>...[Epoch 18] Train acc: 66.7 (loss: 1.083), Val acc: 79.4
<Pretraining  2-th model>...[Epoch 19] Train acc: 66.0 (loss: 1.097), Val acc: 79.9
<Pretraining  2-th model>...[Epoch 20] Train acc: 67.4 (loss: 1.076), Val acc: 79.2
<Pretraining  2-th model>...[Epoch 21] Train acc: 67.5 (loss: 1.067), Val acc: 81.2
<Pretraining  2-th model>...[Epoch 22] Train acc: 68.0 (loss: 1.049), Val acc: 79.7
<Pretraining  2-th model>...[Epoch 23] Train acc: 66.6 (loss: 1.078), Val acc: 81.3
<Pretraining  2-th model>...[Epoch 24] Train acc: 67.6 (loss: 1.060), Val acc: 80.9
<Pretraining  2-th model>...[Epoch 25] Train acc: 67.5 (loss: 1.057), Val acc: 80.2
<Pretraining  2-th model>...[Epoch 26] Train acc: 67.8 (loss: 1.067), Val acc: 82.0
<Pretraining  2-th model>...[Epoch 27] Train acc: 67.3 (loss: 1.065), Val acc: 81.2
<Pretraining  2-th model>...[Epoch 28] Train acc: 69.0 (loss: 1.024), Val acc: 81.8
<Pretraining  2-th model>...[Epoch 29] Train acc: 68.7 (loss: 1.010), Val acc: 81.0
<Pretraining  2-th model>...[Epoch 30] Train acc: 68.5 (loss: 1.031), Val acc: 81.7
<Pretraining  2-th model>...[Epoch 31] Train acc: 66.5 (loss: 1.096), Val acc: 82.6
<Pretraining  2-th model>...[Epoch 32] Train acc: 68.6 (loss: 1.036), Val acc: 83.1
<Pretraining  2-th model>...[Epoch 33] Train acc: 70.4 (loss: 0.999), Val acc: 82.4
<Pretraining  2-th model>...[Epoch 34] Train acc: 70.0 (loss: 0.999), Val acc: 82.6
<Pretraining  2-th model>...[Epoch 35] Train acc: 69.3 (loss: 1.006), Val acc: 81.5
<Pretraining  2-th model>...[Epoch 36] Train acc: 70.1 (loss: 0.987), Val acc: 81.5
<Pretraining  2-th model>...[Epoch 37] Train acc: 70.1 (loss: 0.984), Val acc: 81.6
<Pretraining  2-th model>...[Epoch 38] Train acc: 69.6 (loss: 0.994), Val acc: 82.6
<Pretraining  2-th model>...[Epoch 39] Train acc: 70.3 (loss: 1.007), Val acc: 83.1
<Pretraining  2-th model>...[Epoch 40] Train acc: 72.2 (loss: 0.942), Val acc: 85.4
<Pretraining  2-th model>...[Epoch 41] Train acc: 74.2 (loss: 0.899), Val acc: 85.4
<Pretraining  2-th model>...[Epoch 42] Train acc: 74.9 (loss: 0.879), Val acc: 85.6
<Pretraining  2-th model>...[Epoch 43] Train acc: 73.2 (loss: 0.913), Val acc: 86.1
<Pretraining  2-th model>...[Epoch 44] Train acc: 74.5 (loss: 0.883), Val acc: 85.9
<Pretraining  2-th model>...[Epoch 45] Train acc: 74.1 (loss: 0.909), Val acc: 86.0
<Pretraining  2-th model>...[Epoch 46] Train acc: 74.6 (loss: 0.878), Val acc: 85.8
<Pretraining  2-th model>...[Epoch 47] Train acc: 73.9 (loss: 0.897), Val acc: 86.1
<Pretraining  2-th model>...[Epoch 48] Train acc: 75.5 (loss: 0.865), Val acc: 86.1
<Pretraining  2-th model>...[Epoch 49] Train acc: 74.7 (loss: 0.877), Val acc: 85.8
<Pretraining  2-th model>...[Epoch 50] Train acc: 75.2 (loss: 0.877), Val acc: 86.6
<Pretraining  2-th model>...[Epoch 51] Train acc: 77.1 (loss: 0.812), Val acc: 86.6
<Pretraining  2-th model>...[Epoch 52] Train acc: 76.2 (loss: 0.841), Val acc: 86.5
<Pretraining  2-th model>...[Epoch 53] Train acc: 75.6 (loss: 0.851), Val acc: 86.7
<Pretraining  2-th model>...[Epoch 54] Train acc: 75.6 (loss: 0.883), Val acc: 86.6
<Pretraining  2-th model>...[Epoch 55] Train acc: 76.1 (loss: 0.850), Val acc: 86.4
<Pretraining  2-th model>...[Epoch 56] Train acc: 76.1 (loss: 0.849), Val acc: 86.8
<Pretraining  2-th model>...[Epoch 57] Train acc: 75.9 (loss: 0.851), Val acc: 86.8
<Pretraining  2-th model>...[Epoch 58] Train acc: 75.6 (loss: 0.871), Val acc: 86.8
<Pretraining  2-th model>...[Epoch 59] Train acc: 76.4 (loss: 0.833), Val acc: 86.9
<Pretraining  3-th model>...[Epoch  0] Train acc: 35.6 (loss: 1.851), Val acc: 56.5
<Pretraining  3-th model>...[Epoch  1] Train acc: 47.3 (loss: 1.547), Val acc: 63.5
<Pretraining  3-th model>...[Epoch  2] Train acc: 51.2 (loss: 1.455), Val acc: 67.6
<Pretraining  3-th model>...[Epoch  3] Train acc: 55.8 (loss: 1.345), Val acc: 72.8
<Pretraining  3-th model>...[Epoch  4] Train acc: 57.5 (loss: 1.304), Val acc: 70.5
<Pretraining  3-th model>...[Epoch  5] Train acc: 59.0 (loss: 1.271), Val acc: 74.3
<Pretraining  3-th model>...[Epoch  6] Train acc: 60.4 (loss: 1.240), Val acc: 75.1
<Pretraining  3-th model>...[Epoch  7] Train acc: 63.0 (loss: 1.171), Val acc: 76.7
<Pretraining  3-th model>...[Epoch  8] Train acc: 60.6 (loss: 1.221), Val acc: 76.6
<Pretraining  3-th model>...[Epoch  9] Train acc: 62.5 (loss: 1.190), Val acc: 78.4
<Pretraining  3-th model>...[Epoch 10] Train acc: 63.7 (loss: 1.160), Val acc: 78.0
<Pretraining  3-th model>...[Epoch 11] Train acc: 63.5 (loss: 1.163), Val acc: 78.8
<Pretraining  3-th model>...[Epoch 12] Train acc: 64.7 (loss: 1.130), Val acc: 77.6
<Pretraining  3-th model>...[Epoch 13] Train acc: 65.3 (loss: 1.117), Val acc: 79.6
<Pretraining  3-th model>...[Epoch 14] Train acc: 66.0 (loss: 1.108), Val acc: 79.8
<Pretraining  3-th model>...[Epoch 15] Train acc: 64.9 (loss: 1.120), Val acc: 79.0
<Pretraining  3-th model>...[Epoch 16] Train acc: 65.4 (loss: 1.092), Val acc: 80.4
<Pretraining  3-th model>...[Epoch 17] Train acc: 65.6 (loss: 1.105), Val acc: 81.2
<Pretraining  3-th model>...[Epoch 18] Train acc: 66.7 (loss: 1.084), Val acc: 80.2
<Pretraining  3-th model>...[Epoch 19] Train acc: 66.4 (loss: 1.100), Val acc: 80.0
<Pretraining  3-th model>...[Epoch 20] Train acc: 66.5 (loss: 1.070), Val acc: 81.5
<Pretraining  3-th model>...[Epoch 21] Train acc: 65.9 (loss: 1.088), Val acc: 80.4
<Pretraining  3-th model>...[Epoch 22] Train acc: 67.3 (loss: 1.073), Val acc: 81.5
<Pretraining  3-th model>...[Epoch 23] Train acc: 68.2 (loss: 1.045), Val acc: 79.9
<Pretraining  3-th model>...[Epoch 24] Train acc: 66.8 (loss: 1.076), Val acc: 80.6
<Pretraining  3-th model>...[Epoch 25] Train acc: 67.6 (loss: 1.057), Val acc: 80.8
<Pretraining  3-th model>...[Epoch 26] Train acc: 68.3 (loss: 1.044), Val acc: 81.4
<Pretraining  3-th model>...[Epoch 27] Train acc: 69.5 (loss: 1.040), Val acc: 81.5
<Pretraining  3-th model>...[Epoch 28] Train acc: 68.3 (loss: 1.040), Val acc: 82.1
<Pretraining  3-th model>...[Epoch 29] Train acc: 68.3 (loss: 1.034), Val acc: 80.6
<Pretraining  3-th model>...[Epoch 30] Train acc: 69.7 (loss: 1.019), Val acc: 83.1
<Pretraining  3-th model>...[Epoch 31] Train acc: 68.3 (loss: 1.044), Val acc: 82.6
<Pretraining  3-th model>...[Epoch 32] Train acc: 70.2 (loss: 0.993), Val acc: 81.1
<Pretraining  3-th model>...[Epoch 33] Train acc: 69.6 (loss: 1.002), Val acc: 81.6
<Pretraining  3-th model>...[Epoch 34] Train acc: 69.0 (loss: 1.039), Val acc: 82.5
<Pretraining  3-th model>...[Epoch 35] Train acc: 70.6 (loss: 1.000), Val acc: 82.7
<Pretraining  3-th model>...[Epoch 36] Train acc: 70.2 (loss: 0.988), Val acc: 82.8
<Pretraining  3-th model>...[Epoch 37] Train acc: 69.9 (loss: 1.002), Val acc: 83.1
<Pretraining  3-th model>...[Epoch 38] Train acc: 69.7 (loss: 1.005), Val acc: 82.7
<Pretraining  3-th model>...[Epoch 39] Train acc: 69.7 (loss: 1.008), Val acc: 81.6
<Pretraining  3-th model>...[Epoch 40] Train acc: 72.8 (loss: 0.922), Val acc: 84.9
<Pretraining  3-th model>...[Epoch 41] Train acc: 73.7 (loss: 0.904), Val acc: 84.8
<Pretraining  3-th model>...[Epoch 42] Train acc: 73.9 (loss: 0.906), Val acc: 85.2
<Pretraining  3-th model>...[Epoch 43] Train acc: 73.6 (loss: 0.905), Val acc: 84.8
<Pretraining  3-th model>...[Epoch 44] Train acc: 73.8 (loss: 0.903), Val acc: 85.0
<Pretraining  3-th model>...[Epoch 45] Train acc: 74.0 (loss: 0.886), Val acc: 85.8
<Pretraining  3-th model>...[Epoch 46] Train acc: 75.0 (loss: 0.869), Val acc: 85.4
<Pretraining  3-th model>...[Epoch 47] Train acc: 73.7 (loss: 0.897), Val acc: 85.6
<Pretraining  3-th model>...[Epoch 48] Train acc: 76.2 (loss: 0.862), Val acc: 85.9
<Pretraining  3-th model>...[Epoch 49] Train acc: 75.3 (loss: 0.891), Val acc: 85.6
<Pretraining  3-th model>...[Epoch 50] Train acc: 74.8 (loss: 0.859), Val acc: 86.1
<Pretraining  3-th model>...[Epoch 51] Train acc: 74.9 (loss: 0.860), Val acc: 85.9
<Pretraining  3-th model>...[Epoch 52] Train acc: 75.1 (loss: 0.864), Val acc: 86.2
<Pretraining  3-th model>...[Epoch 53] Train acc: 76.1 (loss: 0.855), Val acc: 86.0
<Pretraining  3-th model>...[Epoch 54] Train acc: 75.4 (loss: 0.870), Val acc: 86.2
<Pretraining  3-th model>...[Epoch 55] Train acc: 75.9 (loss: 0.851), Val acc: 86.2
<Pretraining  3-th model>...[Epoch 56] Train acc: 75.5 (loss: 0.869), Val acc: 86.0
<Pretraining  3-th model>...[Epoch 57] Train acc: 76.2 (loss: 0.851), Val acc: 86.3
<Pretraining  3-th model>...[Epoch 58] Train acc: 76.3 (loss: 0.846), Val acc: 86.3
<Pretraining  3-th model>...[Epoch 59] Train acc: 76.3 (loss: 0.836), Val acc: 86.3
<Pretraining  4-th model>...[Epoch  0] Train acc: 34.9 (loss: 1.870), Val acc: 57.1
<Pretraining  4-th model>...[Epoch  1] Train acc: 48.1 (loss: 1.536), Val acc: 66.5
<Pretraining  4-th model>...[Epoch  2] Train acc: 52.5 (loss: 1.438), Val acc: 69.8
<Pretraining  4-th model>...[Epoch  3] Train acc: 55.7 (loss: 1.349), Val acc: 68.3
<Pretraining  4-th model>...[Epoch  4] Train acc: 56.9 (loss: 1.335), Val acc: 72.1
<Pretraining  4-th model>...[Epoch  5] Train acc: 58.3 (loss: 1.296), Val acc: 75.6
<Pretraining  4-th model>...[Epoch  6] Train acc: 60.7 (loss: 1.224), Val acc: 75.8
<Pretraining  4-th model>...[Epoch  7] Train acc: 60.7 (loss: 1.216), Val acc: 75.9
<Pretraining  4-th model>...[Epoch  8] Train acc: 62.4 (loss: 1.178), Val acc: 75.6
<Pretraining  4-th model>...[Epoch  9] Train acc: 63.1 (loss: 1.162), Val acc: 77.0
<Pretraining  4-th model>...[Epoch 10] Train acc: 62.6 (loss: 1.174), Val acc: 78.3
<Pretraining  4-th model>...[Epoch 11] Train acc: 64.4 (loss: 1.150), Val acc: 79.0
<Pretraining  4-th model>...[Epoch 12] Train acc: 64.2 (loss: 1.140), Val acc: 77.5
<Pretraining  4-th model>...[Epoch 13] Train acc: 64.4 (loss: 1.140), Val acc: 79.7
<Pretraining  4-th model>...[Epoch 14] Train acc: 65.5 (loss: 1.113), Val acc: 80.2
<Pretraining  4-th model>...[Epoch 15] Train acc: 65.3 (loss: 1.110), Val acc: 79.6
<Pretraining  4-th model>...[Epoch 16] Train acc: 66.2 (loss: 1.092), Val acc: 80.5
<Pretraining  4-th model>...[Epoch 17] Train acc: 66.7 (loss: 1.093), Val acc: 80.6
<Pretraining  4-th model>...[Epoch 18] Train acc: 66.1 (loss: 1.092), Val acc: 79.1
<Pretraining  4-th model>...[Epoch 19] Train acc: 67.7 (loss: 1.052), Val acc: 80.9
<Pretraining  4-th model>...[Epoch 20] Train acc: 66.8 (loss: 1.073), Val acc: 78.8
<Pretraining  4-th model>...[Epoch 21] Train acc: 67.2 (loss: 1.074), Val acc: 80.4
<Pretraining  4-th model>...[Epoch 22] Train acc: 66.9 (loss: 1.072), Val acc: 80.8
<Pretraining  4-th model>...[Epoch 23] Train acc: 67.9 (loss: 1.048), Val acc: 81.0
<Pretraining  4-th model>...[Epoch 24] Train acc: 68.4 (loss: 1.023), Val acc: 81.7
<Pretraining  4-th model>...[Epoch 25] Train acc: 68.6 (loss: 1.064), Val acc: 81.7
<Pretraining  4-th model>...[Epoch 26] Train acc: 67.3 (loss: 1.060), Val acc: 81.6
<Pretraining  4-th model>...[Epoch 27] Train acc: 68.5 (loss: 1.038), Val acc: 80.8
<Pretraining  4-th model>...[Epoch 28] Train acc: 68.4 (loss: 1.025), Val acc: 82.2
<Pretraining  4-th model>...[Epoch 29] Train acc: 68.4 (loss: 1.040), Val acc: 81.9
<Pretraining  4-th model>...[Epoch 30] Train acc: 68.8 (loss: 1.038), Val acc: 80.4
<Pretraining  4-th model>...[Epoch 31] Train acc: 69.4 (loss: 1.017), Val acc: 81.3
<Pretraining  4-th model>...[Epoch 32] Train acc: 68.1 (loss: 1.028), Val acc: 80.0
<Pretraining  4-th model>...[Epoch 33] Train acc: 69.3 (loss: 1.012), Val acc: 82.0
<Pretraining  4-th model>...[Epoch 34] Train acc: 69.1 (loss: 1.022), Val acc: 82.5
<Pretraining  4-th model>...[Epoch 35] Train acc: 69.5 (loss: 1.010), Val acc: 82.6
<Pretraining  4-th model>...[Epoch 36] Train acc: 69.3 (loss: 1.011), Val acc: 81.9
<Pretraining  4-th model>...[Epoch 37] Train acc: 68.8 (loss: 1.037), Val acc: 83.4
<Pretraining  4-th model>...[Epoch 38] Train acc: 69.4 (loss: 1.001), Val acc: 82.9
<Pretraining  4-th model>...[Epoch 39] Train acc: 71.4 (loss: 0.971), Val acc: 83.0
<Pretraining  4-th model>...[Epoch 40] Train acc: 73.8 (loss: 0.924), Val acc: 85.1
<Pretraining  4-th model>...[Epoch 41] Train acc: 74.1 (loss: 0.894), Val acc: 85.6
<Pretraining  4-th model>...[Epoch 42] Train acc: 73.8 (loss: 0.925), Val acc: 85.5
<Pretraining  4-th model>...[Epoch 43] Train acc: 74.8 (loss: 0.884), Val acc: 85.7
<Pretraining  4-th model>...[Epoch 44] Train acc: 74.2 (loss: 0.905), Val acc: 85.7
<Pretraining  4-th model>...[Epoch 45] Train acc: 74.2 (loss: 0.894), Val acc: 85.3
<Pretraining  4-th model>...[Epoch 46] Train acc: 74.6 (loss: 0.871), Val acc: 85.6
<Pretraining  4-th model>...[Epoch 47] Train acc: 74.2 (loss: 0.901), Val acc: 85.7
<Pretraining  4-th model>...[Epoch 48] Train acc: 75.4 (loss: 0.873), Val acc: 85.7
<Pretraining  4-th model>...[Epoch 49] Train acc: 74.7 (loss: 0.885), Val acc: 85.8
<Pretraining  4-th model>...[Epoch 50] Train acc: 76.1 (loss: 0.857), Val acc: 86.4
<Pretraining  4-th model>...[Epoch 51] Train acc: 75.6 (loss: 0.869), Val acc: 86.2
<Pretraining  4-th model>...[Epoch 52] Train acc: 76.7 (loss: 0.824), Val acc: 86.6
<Pretraining  4-th model>...[Epoch 53] Train acc: 76.2 (loss: 0.854), Val acc: 86.5
<Pretraining  4-th model>...[Epoch 54] Train acc: 75.6 (loss: 0.865), Val acc: 86.6
<Pretraining  4-th model>...[Epoch 55] Train acc: 75.6 (loss: 0.858), Val acc: 86.5
<Pretraining  4-th model>...[Epoch 56] Train acc: 75.0 (loss: 0.892), Val acc: 86.5
<Pretraining  4-th model>...[Epoch 57] Train acc: 76.3 (loss: 0.848), Val acc: 86.5
<Pretraining  4-th model>...[Epoch 58] Train acc: 75.9 (loss: 0.859), Val acc: 86.5
<Pretraining  4-th model>...[Epoch 59] Train acc: 76.3 (loss: 0.850), Val acc: 86.5
