Save dir: ./results/cifar10/PIDD/ipc50/lambdac0.0005_eps1e-08_seed0

 PIDD: Start condensing for 10000 iteration
(Iter   0) sem-loss: 0.000550  free_energy: 0.015943
(Iter  20) sem-loss: 0.000487  free_energy: 0.016127
(Iter  40) sem-loss: 0.000454  free_energy: 0.013778
(Iter  60) sem-loss: 0.000358  free_energy: 0.016880
(Iter  80) sem-loss: 0.000309  free_energy: 0.013077
(Iter 100) sem-loss: 0.000320  free_energy: 0.012505
(Iter 120) sem-loss: 0.000336  free_energy: 0.018812
(Iter 140) sem-loss: 0.000287  free_energy: 0.011848
(Iter 160) sem-loss: 0.000362  free_energy: 0.013271
(Iter 180) sem-loss: 0.000224  free_energy: 0.012381
(Iter 200) sem-loss: 0.000286  free_energy: 0.014211
(Iter 220) sem-loss: 0.000223  free_energy: 0.011840
(Iter 240) sem-loss: 0.000359  free_energy: 0.016047
(Iter 260) sem-loss: 0.000271  free_energy: 0.011070
(Iter 280) sem-loss: 0.000272  free_energy: 0.010639
(Iter 300) sem-loss: 0.000260  free_energy: 0.012603
(Iter 320) sem-loss: 0.000357  free_energy: 0.011369
(Iter 340) sem-loss: 0.000241  free_energy: 0.014897
(Iter 360) sem-loss: 0.000284  free_energy: 0.011354
(Iter 380) sem-loss: 0.000218  free_energy: 0.012058
(Iter 400) sem-loss: 0.000234  free_energy: 0.011149
(Iter 420) sem-loss: 0.000240  free_energy: 0.010872
(Iter 440) sem-loss: 0.000312  free_energy: 0.012087
(Iter 460) sem-loss: 0.000272  free_energy: 0.011847
(Iter 480) sem-loss: 0.000239  free_energy: 0.011842
=> creating model convnet-3, norm: instance
Start training with DSA and cut mixup
-------Eval Training Epoch [250 / 1500] INFO--------
Current accuracy (top-1 and 5): 71.0 96.8
Best    accuracy (top-1 and 5): 71.0 96.8
-------Eval Training Epoch [500 / 1500] INFO--------
Current accuracy (top-1 and 5): 71.2 96.3
Best    accuracy (top-1 and 5): 71.2 96.3
-------Eval Training Epoch [750 / 1500] INFO--------
Current accuracy (top-1 and 5): 70.6 96.8
Best    accuracy (top-1 and 5): 71.2 96.3
-------Eval Training Epoch [1000 / 1500] INFO--------
Current accuracy (top-1 and 5): 70.8 96.5
Best    accuracy (top-1 and 5): 71.2 96.3
-------Eval Training Epoch [1250 / 1500] INFO--------
Current accuracy (top-1 and 5): 73.5 96.8
Best    accuracy (top-1 and 5): 73.5 96.8
(Train) [Epoch 1500/1500] [2026-06-20 02:09:40] Top1 95.0  Top5 99.6  Loss 0.357
-------Eval Training Epoch [1500 / 1500] INFO--------
Current accuracy (top-1 and 5): 74.0 97.0
Best    accuracy (top-1 and 5): 74.0 97.0
Repeat 1 => Best, last acc: 74.0 74.0

->->->->->->->->->->->->-> Best Result: 74.0
best data saved
(Iter 500) sem-loss: 0.000282  free_energy: 0.012124
(Iter 520) sem-loss: 0.000187  free_energy: 0.011855
(Iter 540) sem-loss: 0.000211  free_energy: 0.010799
(Iter 560) sem-loss: 0.000290  free_energy: 0.011238
(Iter 580) sem-loss: 0.000281  free_energy: 0.013281
(Iter 600) sem-loss: 0.000277  free_energy: 0.012901
(Iter 620) sem-loss: 0.000289  free_energy: 0.012876
(Iter 640) sem-loss: 0.000306  free_energy: 0.012240
(Iter 660) sem-loss: 0.000200  free_energy: 0.010142
(Iter 680) sem-loss: 0.000283  free_energy: 0.010145
(Iter 700) sem-loss: 0.000288  free_energy: 0.012964
(Iter 720) sem-loss: 0.000341  free_energy: 0.009824
(Iter 740) sem-loss: 0.000292  free_energy: 0.011438
(Iter 760) sem-loss: 0.000278  free_energy: 0.011224
(Iter 780) sem-loss: 0.000302  free_energy: 0.010711
(Iter 800) sem-loss: 0.000272  free_energy: 0.011016
(Iter 820) sem-loss: 0.000238  free_energy: 0.009649
(Iter 840) sem-loss: 0.000247  free_energy: 0.011108
(Iter 860) sem-loss: 0.000199  free_energy: 0.012885
(Iter 880) sem-loss: 0.000278  free_energy: 0.009906
(Iter 900) sem-loss: 0.000218  free_energy: 0.012175
(Iter 920) sem-loss: 0.000196  free_energy: 0.010906
(Iter 940) sem-loss: 0.000197  free_energy: 0.010752
(Iter 960) sem-loss: 0.000261  free_energy: 0.010520
(Iter 980) sem-loss: 0.000287  free_energy: 0.009984
=> creating model convnet-3, norm: instance
Start training with DSA and cut mixup
-------Eval Training Epoch [250 / 1500] INFO--------
Current accuracy (top-1 and 5): 71.9 96.9
Best    accuracy (top-1 and 5): 71.9 96.9
-------Eval Training Epoch [500 / 1500] INFO--------
Current accuracy (top-1 and 5): 73.4 97.0
Best    accuracy (top-1 and 5): 73.4 97.0
-------Eval Training Epoch [750 / 1500] INFO--------
Current accuracy (top-1 and 5): 73.7 97.1
Best    accuracy (top-1 and 5): 73.7 97.1
-------Eval Training Epoch [1000 / 1500] INFO--------
Current accuracy (top-1 and 5): 72.5 97.0
Best    accuracy (top-1 and 5): 73.7 97.1
-------Eval Training Epoch [1250 / 1500] INFO--------
Current accuracy (top-1 and 5): 74.7 97.2
Best    accuracy (top-1 and 5): 74.7 97.2
(Train) [Epoch 1500/1500] [2026-06-20 02:32:25] Top1 86.4  Top5 98.0  Loss 0.563
-------Eval Training Epoch [1500 / 1500] INFO--------
Current accuracy (top-1 and 5): 75.0 97.2
Best    accuracy (top-1 and 5): 75.0 97.2
Repeat 1 => Best, last acc: 75.0 75.0

->->->->->->->->->->->->-> Best Result: 75.0
best data saved
(Iter 1000) sem-loss: 0.000204  free_energy: 0.009951
(Iter 1020) sem-loss: 0.000197  free_energy: 0.009803
(Iter 1040) sem-loss: 0.000278  free_energy: 0.010495
(Iter 1060) sem-loss: 0.000159  free_energy: 0.010018
(Iter 1080) sem-loss: 0.000210  free_energy: 0.011179
(Iter 1100) sem-loss: 0.000250  free_energy: 0.013078
(Iter 1120) sem-loss: 0.000267  free_energy: 0.011202
(Iter 1140) sem-loss: 0.000241  free_energy: 0.010338
(Iter 1160) sem-loss: 0.000233  free_energy: 0.010296
(Iter 1180) sem-loss: 0.000240  free_energy: 0.011030
(Iter 1200) sem-loss: 0.000209  free_energy: 0.010602
(Iter 1220) sem-loss: 0.000176  free_energy: 0.011902
(Iter 1240) sem-loss: 0.000250  free_energy: 0.013492
(Iter 1260) sem-loss: 0.000260  free_energy: 0.013791
(Iter 1280) sem-loss: 0.000167  free_energy: 0.011537
(Iter 1300) sem-loss: 0.000301  free_energy: 0.011852
(Iter 1320) sem-loss: 0.000237  free_energy: 0.011269
(Iter 1340) sem-loss: 0.000216  free_energy: 0.010056
(Iter 1360) sem-loss: 0.000222  free_energy: 0.012271
(Iter 1380) sem-loss: 0.000216  free_energy: 0.011188
(Iter 1400) sem-loss: 0.000273  free_energy: 0.010537
(Iter 1420) sem-loss: 0.000178  free_energy: 0.011231
(Iter 1440) sem-loss: 0.000226  free_energy: 0.011667
(Iter 1460) sem-loss: 0.000235  free_energy: 0.011078
(Iter 1480) sem-loss: 0.000234  free_energy: 0.013135
=> creating model convnet-3, norm: instance
Start training with DSA and cut mixup
-------Eval Training Epoch [250 / 1500] INFO--------
Current accuracy (top-1 and 5): 72.8 97.2
Best    accuracy (top-1 and 5): 72.8 97.2
-------Eval Training Epoch [500 / 1500] INFO--------
Current accuracy (top-1 and 5): 74.2 97.5
Best    accuracy (top-1 and 5): 74.2 97.5
-------Eval Training Epoch [750 / 1500] INFO--------
Current accuracy (top-1 and 5): 74.2 97.2
Best    accuracy (top-1 and 5): 74.2 97.2
-------Eval Training Epoch [1000 / 1500] INFO--------
Current accuracy (top-1 and 5): 72.6 97.1
Best    accuracy (top-1 and 5): 74.2 97.2
-------Eval Training Epoch [1250 / 1500] INFO--------
Current accuracy (top-1 and 5): 75.5 97.8
Best    accuracy (top-1 and 5): 75.5 97.8
(Train) [Epoch 1500/1500] [2026-06-20 02:55:08] Top1 92.2  Top5 99.0  Loss 0.409
-------Eval Training Epoch [1500 / 1500] INFO--------
Current accuracy (top-1 and 5): 76.2 97.7
Best    accuracy (top-1 and 5): 76.2 97.7
Repeat 1 => Best, last acc: 76.2 76.2

->->->->->->->->->->->->-> Best Result: 76.2
best data saved
(Iter 1500) sem-loss: 0.000268  free_energy: 0.009586
(Iter 1520) sem-loss: 0.000263  free_energy: 0.011395
(Iter 1540) sem-loss: 0.000243  free_energy: 0.010785
(Iter 1560) sem-loss: 0.000228  free_energy: 0.010518
(Iter 1580) sem-loss: 0.000237  free_energy: 0.011993
(Iter 1600) sem-loss: 0.000257  free_energy: 0.011014
(Iter 1620) sem-loss: 0.000273  free_energy: 0.010377
(Iter 1640) sem-loss: 0.000253  free_energy: 0.010975
(Iter 1660) sem-loss: 0.000224  free_energy: 0.011316
(Iter 1680) sem-loss: 0.000210  free_energy: 0.009984
(Iter 1700) sem-loss: 0.000292  free_energy: 0.009942
(Iter 1720) sem-loss: 0.000249  free_energy: 0.009333
(Iter 1740) sem-loss: 0.000335  free_energy: 0.010467
(Iter 1760) sem-loss: 0.000202  free_energy: 0.011585
(Iter 1780) sem-loss: 0.000288  free_energy: 0.012222
(Iter 1800) sem-loss: 0.000190  free_energy: 0.010647
(Iter 1820) sem-loss: 0.000213  free_energy: 0.010566
(Iter 1840) sem-loss: 0.000225  free_energy: 0.010962
(Iter 1860) sem-loss: 0.000212  free_energy: 0.010332
(Iter 1880) sem-loss: 0.000152  free_energy: 0.010137
(Iter 1900) sem-loss: 0.000190  free_energy: 0.011059
(Iter 1920) sem-loss: 0.000335  free_energy: 0.010141
(Iter 1940) sem-loss: 0.000259  free_energy: 0.011912
(Iter 1960) sem-loss: 0.000202  free_energy: 0.009853
(Iter 1980) sem-loss: 0.000282  free_energy: 0.009872
=> creating model convnet-3, norm: instance
Start training with DSA and cut mixup
-------Eval Training Epoch [250 / 1500] INFO--------
Current accuracy (top-1 and 5): 73.0 97.2
Best    accuracy (top-1 and 5): 73.0 97.2
-------Eval Training Epoch [500 / 1500] INFO--------
Current accuracy (top-1 and 5): 73.6 97.4
Best    accuracy (top-1 and 5): 73.6 97.4
-------Eval Training Epoch [750 / 1500] INFO--------
Current accuracy (top-1 and 5): 74.4 96.9
Best    accuracy (top-1 and 5): 74.4 96.9
-------Eval Training Epoch [1000 / 1500] INFO--------
Current accuracy (top-1 and 5): 74.3 97.2
Best    accuracy (top-1 and 5): 74.4 96.9
-------Eval Training Epoch [1250 / 1500] INFO--------
Current accuracy (top-1 and 5): 75.7 97.7
Best    accuracy (top-1 and 5): 75.7 97.7
(Train) [Epoch 1500/1500] [2026-06-20 03:13:13] Top1 88.2  Top5 98.3  Loss 0.459
-------Eval Training Epoch [1500 / 1500] INFO--------
Current accuracy (top-1 and 5): 76.4 97.6
Best    accuracy (top-1 and 5): 76.4 97.6
Repeat 1 => Best, last acc: 76.4 76.4

->->->->->->->->->->->->-> Best Result: 76.4
best data saved
(Iter 2000) sem-loss: 0.000226  free_energy: 0.010351
(Iter 2020) sem-loss: 0.000240  free_energy: 0.010423
(Iter 2040) sem-loss: 0.000207  free_energy: 0.010765
(Iter 2060) sem-loss: 0.000262  free_energy: 0.012221
(Iter 2080) sem-loss: 0.000184  free_energy: 0.010299
(Iter 2100) sem-loss: 0.000237  free_energy: 0.010320
(Iter 2120) sem-loss: 0.000230  free_energy: 0.011289
(Iter 2140) sem-loss: 0.000212  free_energy: 0.010202
(Iter 2160) sem-loss: 0.000228  free_energy: 0.009472
(Iter 2180) sem-loss: 0.000257  free_energy: 0.011366
(Iter 2200) sem-loss: 0.000184  free_energy: 0.009705
(Iter 2220) sem-loss: 0.000232  free_energy: 0.011361
(Iter 2240) sem-loss: 0.000187  free_energy: 0.011256
(Iter 2260) sem-loss: 0.000236  free_energy: 0.009622
(Iter 2280) sem-loss: 0.000172  free_energy: 0.010292
(Iter 2300) sem-loss: 0.000195  free_energy: 0.009536
(Iter 2320) sem-loss: 0.000215  free_energy: 0.009325
(Iter 2340) sem-loss: 0.000271  free_energy: 0.009487
(Iter 2360) sem-loss: 0.000280  free_energy: 0.010055
(Iter 2380) sem-loss: 0.000242  free_energy: 0.010638
(Iter 2400) sem-loss: 0.000211  free_energy: 0.010027
(Iter 2420) sem-loss: 0.000220  free_energy: 0.009131
(Iter 2440) sem-loss: 0.000169  free_energy: 0.010303
(Iter 2460) sem-loss: 0.000220  free_energy: 0.010131
(Iter 2480) sem-loss: 0.000227  free_energy: 0.009998
=> creating model convnet-3, norm: instance
Start training with DSA and cut mixup
-------Eval Training Epoch [250 / 1500] INFO--------
Current accuracy (top-1 and 5): 73.3 97.2
Best    accuracy (top-1 and 5): 73.3 97.2
-------Eval Training Epoch [500 / 1500] INFO--------
Current accuracy (top-1 and 5): 75.0 97.4
Best    accuracy (top-1 and 5): 75.0 97.4
-------Eval Training Epoch [750 / 1500] INFO--------
Current accuracy (top-1 and 5): 73.6 97.0
Best    accuracy (top-1 and 5): 75.0 97.4
-------Eval Training Epoch [1000 / 1500] INFO--------
Current accuracy (top-1 and 5): 74.6 97.2
Best    accuracy (top-1 and 5): 75.0 97.4
-------Eval Training Epoch [1250 / 1500] INFO--------
Current accuracy (top-1 and 5): 76.3 97.5
Best    accuracy (top-1 and 5): 76.3 97.5
(Train) [Epoch 1500/1500] [2026-06-20 03:28:49] Top1 93.2  Top5 99.7  Loss 0.483
-------Eval Training Epoch [1500 / 1500] INFO--------
Current accuracy (top-1 and 5): 76.6 97.4
Best    accuracy (top-1 and 5): 76.6 97.4
Repeat 1 => Best, last acc: 76.6 76.6

->->->->->->->->->->->->-> Best Result: 76.6
best data saved
(Iter 2500) sem-loss: 0.000242  free_energy: 0.009477
(Iter 2520) sem-loss: 0.000225  free_energy: 0.009900
(Iter 2540) sem-loss: 0.000298  free_energy: 0.009667
(Iter 2560) sem-loss: 0.000215  free_energy: 0.011136
(Iter 2580) sem-loss: 0.000220  free_energy: 0.012597
(Iter 2600) sem-loss: 0.000179  free_energy: 0.009437
(Iter 2620) sem-loss: 0.000263  free_energy: 0.012006
(Iter 2640) sem-loss: 0.000155  free_energy: 0.009363
(Iter 2660) sem-loss: 0.000213  free_energy: 0.010649
(Iter 2680) sem-loss: 0.000168  free_energy: 0.009509
(Iter 2700) sem-loss: 0.000236  free_energy: 0.011146
(Iter 2720) sem-loss: 0.000243  free_energy: 0.011025
(Iter 2740) sem-loss: 0.000178  free_energy: 0.009123
(Iter 2760) sem-loss: 0.000149  free_energy: 0.009673
(Iter 2780) sem-loss: 0.000180  free_energy: 0.009954
(Iter 2800) sem-loss: 0.000205  free_energy: 0.009659
(Iter 2820) sem-loss: 0.000267  free_energy: 0.010032
(Iter 2840) sem-loss: 0.000207  free_energy: 0.010311
(Iter 2860) sem-loss: 0.000203  free_energy: 0.009449
(Iter 2880) sem-loss: 0.000155  free_energy: 0.010513
(Iter 2900) sem-loss: 0.000179  free_energy: 0.011784
(Iter 2920) sem-loss: 0.000170  free_energy: 0.010395
(Iter 2940) sem-loss: 0.000294  free_energy: 0.008999
(Iter 2960) sem-loss: 0.000259  free_energy: 0.011272
(Iter 2980) sem-loss: 0.000222  free_energy: 0.009782
=> creating model convnet-3, norm: instance
Start training with DSA and cut mixup
-------Eval Training Epoch [250 / 1500] INFO--------
Current accuracy (top-1 and 5): 74.3 97.5
Best    accuracy (top-1 and 5): 74.3 97.5
-------Eval Training Epoch [500 / 1500] INFO--------
Current accuracy (top-1 and 5): 75.1 97.5
Best    accuracy (top-1 and 5): 75.1 97.5
-------Eval Training Epoch [750 / 1500] INFO--------
Current accuracy (top-1 and 5): 74.7 97.4
Best    accuracy (top-1 and 5): 75.1 97.5
-------Eval Training Epoch [1000 / 1500] INFO--------
Current accuracy (top-1 and 5): 74.8 97.1
Best    accuracy (top-1 and 5): 75.1 97.5
-------Eval Training Epoch [1250 / 1500] INFO--------
Current accuracy (top-1 and 5): 76.7 97.7
Best    accuracy (top-1 and 5): 76.7 97.7
(Train) [Epoch 1500/1500] [2026-06-20 03:44:30] Top1 86.2  Top5 97.8  Loss 0.495
-------Eval Training Epoch [1500 / 1500] INFO--------
Current accuracy (top-1 and 5): 76.8 97.7
Best    accuracy (top-1 and 5): 76.8 97.7
Repeat 1 => Best, last acc: 76.8 76.8

->->->->->->->->->->->->-> Best Result: 76.8
best data saved
(Iter 3000) sem-loss: 0.000190  free_energy: 0.009714
(Iter 3020) sem-loss: 0.000211  free_energy: 0.011013
(Iter 3040) sem-loss: 0.000247  free_energy: 0.012409
(Iter 3060) sem-loss: 0.000221  free_energy: 0.010366
(Iter 3080) sem-loss: 0.000241  free_energy: 0.010706
(Iter 3100) sem-loss: 0.000143  free_energy: 0.009877
(Iter 3120) sem-loss: 0.000179  free_energy: 0.010307
(Iter 3140) sem-loss: 0.000201  free_energy: 0.008920
(Iter 3160) sem-loss: 0.000195  free_energy: 0.012321
(Iter 3180) sem-loss: 0.000170  free_energy: 0.010636
(Iter 3200) sem-loss: 0.000205  free_energy: 0.011294
(Iter 3220) sem-loss: 0.000227  free_energy: 0.010668
(Iter 3240) sem-loss: 0.000253  free_energy: 0.011512
(Iter 3260) sem-loss: 0.000206  free_energy: 0.010045
(Iter 3280) sem-loss: 0.000206  free_energy: 0.010861
(Iter 3300) sem-loss: 0.000223  free_energy: 0.010585
(Iter 3320) sem-loss: 0.000348  free_energy: 0.010565
(Iter 3340) sem-loss: 0.000247  free_energy: 0.011593
(Iter 3360) sem-loss: 0.000195  free_energy: 0.010711
(Iter 3380) sem-loss: 0.000134  free_energy: 0.009594
(Iter 3400) sem-loss: 0.000228  free_energy: 0.009527
(Iter 3420) sem-loss: 0.000193  free_energy: 0.009933
(Iter 3440) sem-loss: 0.000248  free_energy: 0.008801
(Iter 3460) sem-loss: 0.000268  free_energy: 0.009999
(Iter 3480) sem-loss: 0.000176  free_energy: 0.010890
=> creating model convnet-3, norm: instance
Start training with DSA and cut mixup
-------Eval Training Epoch [250 / 1500] INFO--------
Current accuracy (top-1 and 5): 74.1 97.3
Best    accuracy (top-1 and 5): 74.1 97.3
-------Eval Training Epoch [500 / 1500] INFO--------
Current accuracy (top-1 and 5): 73.0 97.4
Best    accuracy (top-1 and 5): 74.1 97.3
-------Eval Training Epoch [750 / 1500] INFO--------
Current accuracy (top-1 and 5): 75.1 97.0
Best    accuracy (top-1 and 5): 75.1 97.0
-------Eval Training Epoch [1000 / 1500] INFO--------
Current accuracy (top-1 and 5): 74.5 97.4
Best    accuracy (top-1 and 5): 75.1 97.0
-------Eval Training Epoch [1250 / 1500] INFO--------
Current accuracy (top-1 and 5): 77.2 97.6
Best    accuracy (top-1 and 5): 77.2 97.6
(Train) [Epoch 1500/1500] [2026-06-20 03:59:35] Top1 87.7  Top5 98.2  Loss 0.532
-------Eval Training Epoch [1500 / 1500] INFO--------
Current accuracy (top-1 and 5): 77.2 97.7
Best    accuracy (top-1 and 5): 77.2 97.7
Repeat 1 => Best, last acc: 77.2 77.2

->->->->->->->->->->->->-> Best Result: 77.2
best data saved
(Iter 3500) sem-loss: 0.000182  free_energy: 0.009121
(Iter 3520) sem-loss: 0.000124  free_energy: 0.009406
(Iter 3540) sem-loss: 0.000218  free_energy: 0.011649
(Iter 3560) sem-loss: 0.000168  free_energy: 0.010029
(Iter 3580) sem-loss: 0.000223  free_energy: 0.010289
(Iter 3600) sem-loss: 0.000207  free_energy: 0.010931
(Iter 3620) sem-loss: 0.000177  free_energy: 0.010193
(Iter 3640) sem-loss: 0.000209  free_energy: 0.010509
(Iter 3660) sem-loss: 0.000261  free_energy: 0.010437
(Iter 3680) sem-loss: 0.000230  free_energy: 0.010849
(Iter 3700) sem-loss: 0.000160  free_energy: 0.011367
(Iter 3720) sem-loss: 0.000154  free_energy: 0.009318
(Iter 3740) sem-loss: 0.000193  free_energy: 0.011270
(Iter 3760) sem-loss: 0.000254  free_energy: 0.009758
(Iter 3780) sem-loss: 0.000182  free_energy: 0.011346
(Iter 3800) sem-loss: 0.000184  free_energy: 0.011060
(Iter 3820) sem-loss: 0.000220  free_energy: 0.010076
(Iter 3840) sem-loss: 0.000210  free_energy: 0.010580
(Iter 3860) sem-loss: 0.000150  free_energy: 0.010688
(Iter 3880) sem-loss: 0.000240  free_energy: 0.009069
(Iter 3900) sem-loss: 0.000228  free_energy: 0.010857
(Iter 3920) sem-loss: 0.000171  free_energy: 0.009626
(Iter 3940) sem-loss: 0.000211  free_energy: 0.010797
(Iter 3960) sem-loss: 0.000220  free_energy: 0.010427
(Iter 3980) sem-loss: 0.000161  free_energy: 0.009802
=> creating model convnet-3, norm: instance
Start training with DSA and cut mixup
-------Eval Training Epoch [250 / 1500] INFO--------
Current accuracy (top-1 and 5): 74.7 97.3
Best    accuracy (top-1 and 5): 74.7 97.3
-------Eval Training Epoch [500 / 1500] INFO--------
Current accuracy (top-1 and 5): 75.1 97.0
Best    accuracy (top-1 and 5): 75.1 97.0
-------Eval Training Epoch [750 / 1500] INFO--------
Current accuracy (top-1 and 5): 74.6 97.6
Best    accuracy (top-1 and 5): 75.1 97.0
-------Eval Training Epoch [1000 / 1500] INFO--------
Current accuracy (top-1 and 5): 72.3 96.5
Best    accuracy (top-1 and 5): 75.1 97.0
-------Eval Training Epoch [1250 / 1500] INFO--------
Current accuracy (top-1 and 5): 76.7 97.7
Best    accuracy (top-1 and 5): 76.7 97.7
(Train) [Epoch 1500/1500] [2026-06-20 04:11:38] Top1 86.6  Top5 97.6  Loss 0.531
-------Eval Training Epoch [1500 / 1500] INFO--------
Current accuracy (top-1 and 5): 77.5 97.7
Best    accuracy (top-1 and 5): 77.5 97.7
Repeat 1 => Best, last acc: 77.5 77.5

->->->->->->->->->->->->-> Best Result: 77.5
best data saved
(Iter 4000) sem-loss: 0.000145  free_energy: 0.009554
(Iter 4020) sem-loss: 0.000208  free_energy: 0.009618
(Iter 4040) sem-loss: 0.000246  free_energy: 0.012103
(Iter 4060) sem-loss: 0.000166  free_energy: 0.009800
(Iter 4080) sem-loss: 0.000190  free_energy: 0.009378
(Iter 4100) sem-loss: 0.000211  free_energy: 0.009637
(Iter 4120) sem-loss: 0.000177  free_energy: 0.009417
(Iter 4140) sem-loss: 0.000212  free_energy: 0.011800
(Iter 4160) sem-loss: 0.000224  free_energy: 0.009531
(Iter 4180) sem-loss: 0.000190  free_energy: 0.011542
(Iter 4200) sem-loss: 0.000194  free_energy: 0.010986
(Iter 4220) sem-loss: 0.000236  free_energy: 0.010260
(Iter 4240) sem-loss: 0.000168  free_energy: 0.010013
(Iter 4260) sem-loss: 0.000212  free_energy: 0.009931
(Iter 4280) sem-loss: 0.000171  free_energy: 0.009582
(Iter 4300) sem-loss: 0.000195  free_energy: 0.009505
(Iter 4320) sem-loss: 0.000321  free_energy: 0.009350
(Iter 4340) sem-loss: 0.000210  free_energy: 0.009859
(Iter 4360) sem-loss: 0.000190  free_energy: 0.010424
(Iter 4380) sem-loss: 0.000174  free_energy: 0.008880
(Iter 4400) sem-loss: 0.000163  free_energy: 0.009913
(Iter 4420) sem-loss: 0.000198  free_energy: 0.010550
(Iter 4440) sem-loss: 0.000213  free_energy: 0.010709
(Iter 4460) sem-loss: 0.000213  free_energy: 0.009793
(Iter 4480) sem-loss: 0.000199  free_energy: 0.010054
=> creating model convnet-3, norm: instance
Start training with DSA and cut mixup
-------Eval Training Epoch [250 / 1500] INFO--------
Current accuracy (top-1 and 5): 72.4 97.0
Best    accuracy (top-1 and 5): 72.4 97.0
-------Eval Training Epoch [500 / 1500] INFO--------
Current accuracy (top-1 and 5): 75.0 97.1
Best    accuracy (top-1 and 5): 75.0 97.1
-------Eval Training Epoch [750 / 1500] INFO--------
Current accuracy (top-1 and 5): 75.6 97.4
Best    accuracy (top-1 and 5): 75.6 97.4
-------Eval Training Epoch [1000 / 1500] INFO--------
Current accuracy (top-1 and 5): 74.0 96.6
Best    accuracy (top-1 and 5): 75.6 97.4
-------Eval Training Epoch [1250 / 1500] INFO--------
Current accuracy (top-1 and 5): 77.0 97.8
Best    accuracy (top-1 and 5): 77.0 97.8
(Train) [Epoch 1500/1500] [2026-06-20 04:23:40] Top1 89.3  Top5 97.4  Loss 0.478
-------Eval Training Epoch [1500 / 1500] INFO--------
Current accuracy (top-1 and 5): 77.3 97.5
Best    accuracy (top-1 and 5): 77.3 97.5
Repeat 1 => Best, last acc: 77.3 77.3

(Iter 4500) sem-loss: 0.000265  free_energy: 0.010533
(Iter 4520) sem-loss: 0.000211  free_energy: 0.010229
(Iter 4540) sem-loss: 0.000163  free_energy: 0.010069
(Iter 4560) sem-loss: 0.000207  free_energy: 0.011124
(Iter 4580) sem-loss: 0.000271  free_energy: 0.010493
(Iter 4600) sem-loss: 0.000206  free_energy: 0.009627
(Iter 4620) sem-loss: 0.000258  free_energy: 0.010436
(Iter 4640) sem-loss: 0.000201  free_energy: 0.011673
(Iter 4660) sem-loss: 0.000215  free_energy: 0.010125
(Iter 4680) sem-loss: 0.000162  free_energy: 0.009264
(Iter 4700) sem-loss: 0.000246  free_energy: 0.010067
(Iter 4720) sem-loss: 0.000131  free_energy: 0.010982
(Iter 4740) sem-loss: 0.000179  free_energy: 0.010005
(Iter 4760) sem-loss: 0.000215  free_energy: 0.011550
(Iter 4780) sem-loss: 0.000168  free_energy: 0.010778
(Iter 4800) sem-loss: 0.000188  free_energy: 0.011166
(Iter 4820) sem-loss: 0.000156  free_energy: 0.011378
(Iter 4840) sem-loss: 0.000155  free_energy: 0.009732
(Iter 4860) sem-loss: 0.000148  free_energy: 0.010656
(Iter 4880) sem-loss: 0.000201  free_energy: 0.009233
(Iter 4900) sem-loss: 0.000195  free_energy: 0.010420
(Iter 4920) sem-loss: 0.000173  free_energy: 0.011916
(Iter 4940) sem-loss: 0.000160  free_energy: 0.009760
(Iter 4960) sem-loss: 0.000173  free_energy: 0.009959
(Iter 4980) sem-loss: 0.000179  free_energy: 0.009287
=> creating model convnet-3, norm: instance
Start training with DSA and cut mixup
-------Eval Training Epoch [250 / 1500] INFO--------
Current accuracy (top-1 and 5): 74.3 97.5
Best    accuracy (top-1 and 5): 74.3 97.5
-------Eval Training Epoch [500 / 1500] INFO--------
Current accuracy (top-1 and 5): 74.9 97.7
Best    accuracy (top-1 and 5): 74.9 97.7
-------Eval Training Epoch [750 / 1500] INFO--------
Current accuracy (top-1 and 5): 74.8 97.4
Best    accuracy (top-1 and 5): 74.9 97.7
-------Eval Training Epoch [1000 / 1500] INFO--------
Current accuracy (top-1 and 5): 76.4 97.6
Best    accuracy (top-1 and 5): 76.4 97.6
-------Eval Training Epoch [1250 / 1500] INFO--------
Current accuracy (top-1 and 5): 76.5 97.5
Best    accuracy (top-1 and 5): 76.5 97.5
(Train) [Epoch 1500/1500] [2026-06-20 04:35:41] Top1 86.2  Top5 97.6  Loss 0.474
-------Eval Training Epoch [1500 / 1500] INFO--------
Current accuracy (top-1 and 5): 76.9 97.7
Best    accuracy (top-1 and 5): 76.9 97.7
Repeat 1 => Best, last acc: 76.9 76.9

(Iter 5000) sem-loss: 0.000196  free_energy: 0.010061
(Iter 5020) sem-loss: 0.000201  free_energy: 0.010891
(Iter 5040) sem-loss: 0.000200  free_energy: 0.010850
(Iter 5060) sem-loss: 0.000218  free_energy: 0.010129
(Iter 5080) sem-loss: 0.000249  free_energy: 0.011893
(Iter 5100) sem-loss: 0.000245  free_energy: 0.010024
(Iter 5120) sem-loss: 0.000251  free_energy: 0.012362
(Iter 5140) sem-loss: 0.000206  free_energy: 0.009904
(Iter 5160) sem-loss: 0.000242  free_energy: 0.009797
(Iter 5180) sem-loss: 0.000147  free_energy: 0.009869
(Iter 5200) sem-loss: 0.000163  free_energy: 0.009698
(Iter 5220) sem-loss: 0.000188  free_energy: 0.010136
(Iter 5240) sem-loss: 0.000169  free_energy: 0.012288
(Iter 5260) sem-loss: 0.000172  free_energy: 0.012201
(Iter 5280) sem-loss: 0.000199  free_energy: 0.010693
(Iter 5300) sem-loss: 0.000179  free_energy: 0.010299
(Iter 5320) sem-loss: 0.000164  free_energy: 0.009598
(Iter 5340) sem-loss: 0.000167  free_energy: 0.009798
(Iter 5360) sem-loss: 0.000223  free_energy: 0.009760
(Iter 5380) sem-loss: 0.000117  free_energy: 0.009634
(Iter 5400) sem-loss: 0.000240  free_energy: 0.011826
(Iter 5420) sem-loss: 0.000138  free_energy: 0.009498
(Iter 5440) sem-loss: 0.000223  free_energy: 0.010655
(Iter 5460) sem-loss: 0.000178  free_energy: 0.012160
(Iter 5480) sem-loss: 0.000161  free_energy: 0.009186
=> creating model convnet-3, norm: instance
Start training with DSA and cut mixup
-------Eval Training Epoch [250 / 1500] INFO--------
Current accuracy (top-1 and 5): 73.1 97.4
Best    accuracy (top-1 and 5): 73.1 97.4
-------Eval Training Epoch [500 / 1500] INFO--------
Current accuracy (top-1 and 5): 75.9 97.5
Best    accuracy (top-1 and 5): 75.9 97.5
-------Eval Training Epoch [750 / 1500] INFO--------
Current accuracy (top-1 and 5): 76.1 97.3
Best    accuracy (top-1 and 5): 76.1 97.3
-------Eval Training Epoch [1000 / 1500] INFO--------
Current accuracy (top-1 and 5): 74.4 97.6
Best    accuracy (top-1 and 5): 76.1 97.3
-------Eval Training Epoch [1250 / 1500] INFO--------
Current accuracy (top-1 and 5): 77.5 97.8
Best    accuracy (top-1 and 5): 77.5 97.8
(Train) [Epoch 1500/1500] [2026-06-20 04:47:44] Top1 83.3  Top5 99.0  Loss 0.603
-------Eval Training Epoch [1500 / 1500] INFO--------
Current accuracy (top-1 and 5): 77.5 98.0
Best    accuracy (top-1 and 5): 77.5 98.0
Repeat 1 => Best, last acc: 77.5 77.5

->->->->->->->->->->->->-> Best Result: 77.5
best data saved
(Iter 5500) sem-loss: 0.000180  free_energy: 0.009188
(Iter 5520) sem-loss: 0.000171  free_energy: 0.010644
(Iter 5540) sem-loss: 0.000230  free_energy: 0.009453
(Iter 5560) sem-loss: 0.000190  free_energy: 0.009246
(Iter 5580) sem-loss: 0.000233  free_energy: 0.009087
(Iter 5600) sem-loss: 0.000263  free_energy: 0.010949
(Iter 5620) sem-loss: 0.000142  free_energy: 0.009420
(Iter 5640) sem-loss: 0.000184  free_energy: 0.009935
(Iter 5660) sem-loss: 0.000154  free_energy: 0.009783
(Iter 5680) sem-loss: 0.000274  free_energy: 0.009468
(Iter 5700) sem-loss: 0.000279  free_energy: 0.010854
(Iter 5720) sem-loss: 0.000171  free_energy: 0.010159
(Iter 5740) sem-loss: 0.000155  free_energy: 0.009089
(Iter 5760) sem-loss: 0.000223  free_energy: 0.009808
(Iter 5780) sem-loss: 0.000203  free_energy: 0.012031
(Iter 5800) sem-loss: 0.000199  free_energy: 0.010156
(Iter 5820) sem-loss: 0.000143  free_energy: 0.009417
(Iter 5840) sem-loss: 0.000262  free_energy: 0.009341
(Iter 5860) sem-loss: 0.000174  free_energy: 0.009497
(Iter 5880) sem-loss: 0.000217  free_energy: 0.009239
(Iter 5900) sem-loss: 0.000173  free_energy: 0.009843
(Iter 5920) sem-loss: 0.000225  free_energy: 0.009393
(Iter 5940) sem-loss: 0.000155  free_energy: 0.010667
(Iter 5960) sem-loss: 0.000224  free_energy: 0.009159
(Iter 5980) sem-loss: 0.000218  free_energy: 0.010529
=> creating model convnet-3, norm: instance
Start training with DSA and cut mixup
-------Eval Training Epoch [250 / 1500] INFO--------
Current accuracy (top-1 and 5): 73.8 97.2
Best    accuracy (top-1 and 5): 73.8 97.2
-------Eval Training Epoch [500 / 1500] INFO--------
Current accuracy (top-1 and 5): 75.6 97.7
Best    accuracy (top-1 and 5): 75.6 97.7
-------Eval Training Epoch [750 / 1500] INFO--------
Current accuracy (top-1 and 5): 73.5 96.7
Best    accuracy (top-1 and 5): 75.6 97.7
-------Eval Training Epoch [1000 / 1500] INFO--------
Current accuracy (top-1 and 5): 75.0 97.6
Best    accuracy (top-1 and 5): 75.6 97.7
-------Eval Training Epoch [1250 / 1500] INFO--------
Current accuracy (top-1 and 5): 76.7 97.5
Best    accuracy (top-1 and 5): 76.7 97.5
(Train) [Epoch 1500/1500] [2026-06-20 04:59:48] Top1 81.7  Top5 97.7  Loss 0.495
-------Eval Training Epoch [1500 / 1500] INFO--------
Current accuracy (top-1 and 5): 77.6 98.0
Best    accuracy (top-1 and 5): 77.6 98.0
Repeat 1 => Best, last acc: 77.6 77.6

->->->->->->->->->->->->-> Best Result: 77.6
best data saved
(Iter 6000) sem-loss: 0.000195  free_energy: 0.009216
(Iter 6020) sem-loss: 0.000184  free_energy: 0.009604
(Iter 6040) sem-loss: 0.000186  free_energy: 0.010171
(Iter 6060) sem-loss: 0.000213  free_energy: 0.010679
(Iter 6080) sem-loss: 0.000178  free_energy: 0.010058
(Iter 6100) sem-loss: 0.000169  free_energy: 0.011159
(Iter 6120) sem-loss: 0.000155  free_energy: 0.010919
(Iter 6140) sem-loss: 0.000226  free_energy: 0.010825
(Iter 6160) sem-loss: 0.000142  free_energy: 0.009649
(Iter 6180) sem-loss: 0.000135  free_energy: 0.010098
(Iter 6200) sem-loss: 0.000230  free_energy: 0.009746
(Iter 6220) sem-loss: 0.000203  free_energy: 0.009725
(Iter 6240) sem-loss: 0.000147  free_energy: 0.010724
(Iter 6260) sem-loss: 0.000170  free_energy: 0.010057
(Iter 6280) sem-loss: 0.000252  free_energy: 0.010634
(Iter 6300) sem-loss: 0.000166  free_energy: 0.010937
(Iter 6320) sem-loss: 0.000162  free_energy: 0.009734
(Iter 6340) sem-loss: 0.000284  free_energy: 0.009546
(Iter 6360) sem-loss: 0.000150  free_energy: 0.011671
(Iter 6380) sem-loss: 0.000238  free_energy: 0.009779
(Iter 6400) sem-loss: 0.000179  free_energy: 0.008919
(Iter 6420) sem-loss: 0.000141  free_energy: 0.009743
(Iter 6440) sem-loss: 0.000223  free_energy: 0.010704
(Iter 6460) sem-loss: 0.000154  free_energy: 0.009167
(Iter 6480) sem-loss: 0.000154  free_energy: 0.009845
=> creating model convnet-3, norm: instance
Start training with DSA and cut mixup
-------Eval Training Epoch [250 / 1500] INFO--------
Current accuracy (top-1 and 5): 75.1 97.3
Best    accuracy (top-1 and 5): 75.1 97.3
-------Eval Training Epoch [500 / 1500] INFO--------
Current accuracy (top-1 and 5): 76.6 97.6
Best    accuracy (top-1 and 5): 76.6 97.6
-------Eval Training Epoch [750 / 1500] INFO--------
Current accuracy (top-1 and 5): 75.5 97.3
Best    accuracy (top-1 and 5): 76.6 97.6
-------Eval Training Epoch [1000 / 1500] INFO--------
Current accuracy (top-1 and 5): 75.1 97.2
Best    accuracy (top-1 and 5): 76.6 97.6
-------Eval Training Epoch [1250 / 1500] INFO--------
Current accuracy (top-1 and 5): 78.1 97.6
Best    accuracy (top-1 and 5): 78.1 97.6
(Train) [Epoch 1500/1500] [2026-06-20 05:11:52] Top1 89.3  Top5 98.0  Loss 0.436
-------Eval Training Epoch [1500 / 1500] INFO--------
Current accuracy (top-1 and 5): 77.8 97.7
Best    accuracy (top-1 and 5): 78.1 97.6
Repeat 1 => Best, last acc: 78.1 77.8

->->->->->->->->->->->->-> Best Result: 78.1
best data saved
(Iter 6500) sem-loss: 0.000182  free_energy: 0.011375
(Iter 6520) sem-loss: 0.000165  free_energy: 0.009470
(Iter 6540) sem-loss: 0.000145  free_energy: 0.010390
(Iter 6560) sem-loss: 0.000141  free_energy: 0.008904
(Iter 6580) sem-loss: 0.000285  free_energy: 0.010869
(Iter 6600) sem-loss: 0.000186  free_energy: 0.010221
(Iter 6620) sem-loss: 0.000152  free_energy: 0.009151
(Iter 6640) sem-loss: 0.000170  free_energy: 0.009527
(Iter 6660) sem-loss: 0.000153  free_energy: 0.009561
(Iter 6680) sem-loss: 0.000156  free_energy: 0.009830
(Iter 6700) sem-loss: 0.000140  free_energy: 0.010883
(Iter 6720) sem-loss: 0.000207  free_energy: 0.009771
(Iter 6740) sem-loss: 0.000171  free_energy: 0.010210
(Iter 6760) sem-loss: 0.000211  free_energy: 0.009535
(Iter 6780) sem-loss: 0.000169  free_energy: 0.009744
(Iter 6800) sem-loss: 0.000214  free_energy: 0.010427
(Iter 6820) sem-loss: 0.000157  free_energy: 0.010308
(Iter 6840) sem-loss: 0.000250  free_energy: 0.009253
(Iter 6860) sem-loss: 0.000160  free_energy: 0.011244
(Iter 6880) sem-loss: 0.000155  free_energy: 0.009766
(Iter 6900) sem-loss: 0.000215  free_energy: 0.010335
(Iter 6920) sem-loss: 0.000115  free_energy: 0.010946
(Iter 6940) sem-loss: 0.000162  free_energy: 0.010918
(Iter 6960) sem-loss: 0.000212  free_energy: 0.009554
(Iter 6980) sem-loss: 0.000218  free_energy: 0.009298
=> creating model convnet-3, norm: instance
Start training with DSA and cut mixup
-------Eval Training Epoch [250 / 1500] INFO--------
Current accuracy (top-1 and 5): 74.4 97.4
Best    accuracy (top-1 and 5): 74.4 97.4
-------Eval Training Epoch [500 / 1500] INFO--------
Current accuracy (top-1 and 5): 74.2 97.3
Best    accuracy (top-1 and 5): 74.4 97.4
-------Eval Training Epoch [750 / 1500] INFO--------
Current accuracy (top-1 and 5): 75.8 97.5
Best    accuracy (top-1 and 5): 75.8 97.5
-------Eval Training Epoch [1000 / 1500] INFO--------
Current accuracy (top-1 and 5): 76.7 97.7
Best    accuracy (top-1 and 5): 76.7 97.7
-------Eval Training Epoch [1250 / 1500] INFO--------
Current accuracy (top-1 and 5): 77.3 97.8
Best    accuracy (top-1 and 5): 77.3 97.8
(Train) [Epoch 1500/1500] [2026-06-20 05:23:46] Top1 88.4  Top5 98.5  Loss 0.473
-------Eval Training Epoch [1500 / 1500] INFO--------
Current accuracy (top-1 and 5): 77.6 97.9
Best    accuracy (top-1 and 5): 77.6 97.9
Repeat 1 => Best, last acc: 77.6 77.6

(Iter 7000) sem-loss: 0.000193  free_energy: 0.009657
(Iter 7020) sem-loss: 0.000194  free_energy: 0.009286
(Iter 7040) sem-loss: 0.000149  free_energy: 0.009384
(Iter 7060) sem-loss: 0.000158  free_energy: 0.009589
(Iter 7080) sem-loss: 0.000193  free_energy: 0.010502
(Iter 7100) sem-loss: 0.000163  free_energy: 0.010052
(Iter 7120) sem-loss: 0.000218  free_energy: 0.011047
(Iter 7140) sem-loss: 0.000235  free_energy: 0.010741
(Iter 7160) sem-loss: 0.000141  free_energy: 0.009289
(Iter 7180) sem-loss: 0.000188  free_energy: 0.009986
(Iter 7200) sem-loss: 0.000199  free_energy: 0.009581
(Iter 7220) sem-loss: 0.000137  free_energy: 0.010493
(Iter 7240) sem-loss: 0.000160  free_energy: 0.011087
(Iter 7260) sem-loss: 0.000188  free_energy: 0.010256
(Iter 7280) sem-loss: 0.000229  free_energy: 0.011893
(Iter 7300) sem-loss: 0.000170  free_energy: 0.009213
(Iter 7320) sem-loss: 0.000166  free_energy: 0.009763
(Iter 7340) sem-loss: 0.000202  free_energy: 0.009138
(Iter 7360) sem-loss: 0.000157  free_energy: 0.009787
(Iter 7380) sem-loss: 0.000169  free_energy: 0.009757
(Iter 7400) sem-loss: 0.000119  free_energy: 0.009794
(Iter 7420) sem-loss: 0.000149  free_energy: 0.008755
(Iter 7440) sem-loss: 0.000223  free_energy: 0.009774
(Iter 7460) sem-loss: 0.000181  free_energy: 0.010657
(Iter 7480) sem-loss: 0.000161  free_energy: 0.010220
=> creating model convnet-3, norm: instance
Start training with DSA and cut mixup
-------Eval Training Epoch [250 / 1500] INFO--------
Current accuracy (top-1 and 5): 74.7 97.5
Best    accuracy (top-1 and 5): 74.7 97.5
-------Eval Training Epoch [500 / 1500] INFO--------
Current accuracy (top-1 and 5): 75.6 97.2
Best    accuracy (top-1 and 5): 75.6 97.2
-------Eval Training Epoch [750 / 1500] INFO--------
Current accuracy (top-1 and 5): 76.2 97.4
Best    accuracy (top-1 and 5): 76.2 97.4
-------Eval Training Epoch [1000 / 1500] INFO--------
Current accuracy (top-1 and 5): 75.1 97.6
Best    accuracy (top-1 and 5): 76.2 97.4
-------Eval Training Epoch [1250 / 1500] INFO--------
Current accuracy (top-1 and 5): 77.2 97.5
Best    accuracy (top-1 and 5): 77.2 97.5
(Train) [Epoch 1500/1500] [2026-06-20 05:35:48] Top1 94.5  Top5 99.8  Loss 0.396
-------Eval Training Epoch [1500 / 1500] INFO--------
Current accuracy (top-1 and 5): 77.5 97.8
Best    accuracy (top-1 and 5): 77.5 97.8
Repeat 1 => Best, last acc: 77.5 77.5

(Iter 7500) sem-loss: 0.000208  free_energy: 0.009807
(Iter 7520) sem-loss: 0.000207  free_energy: 0.011795
(Iter 7540) sem-loss: 0.000125  free_energy: 0.009067
(Iter 7560) sem-loss: 0.000272  free_energy: 0.010276
(Iter 7580) sem-loss: 0.000208  free_energy: 0.009923
(Iter 7600) sem-loss: 0.000273  free_energy: 0.010207
(Iter 7620) sem-loss: 0.000147  free_energy: 0.010613
(Iter 7640) sem-loss: 0.000201  free_energy: 0.009920
(Iter 7660) sem-loss: 0.000236  free_energy: 0.010233
(Iter 7680) sem-loss: 0.000173  free_energy: 0.010692
(Iter 7700) sem-loss: 0.000173  free_energy: 0.010382
(Iter 7720) sem-loss: 0.000151  free_energy: 0.009771
(Iter 7740) sem-loss: 0.000124  free_energy: 0.010092
(Iter 7760) sem-loss: 0.000164  free_energy: 0.010068
(Iter 7780) sem-loss: 0.000157  free_energy: 0.010567
(Iter 7800) sem-loss: 0.000165  free_energy: 0.009484
(Iter 7820) sem-loss: 0.000155  free_energy: 0.009681
(Iter 7840) sem-loss: 0.000182  free_energy: 0.009619
(Iter 7860) sem-loss: 0.000210  free_energy: 0.009681
(Iter 7880) sem-loss: 0.000181  free_energy: 0.009515
(Iter 7900) sem-loss: 0.000151  free_energy: 0.010023
(Iter 7920) sem-loss: 0.000174  free_energy: 0.009531
(Iter 7940) sem-loss: 0.000198  free_energy: 0.010523
(Iter 7960) sem-loss: 0.000183  free_energy: 0.010099
(Iter 7980) sem-loss: 0.000213  free_energy: 0.010012
=> creating model convnet-3, norm: instance
Start training with DSA and cut mixup
-------Eval Training Epoch [250 / 1500] INFO--------
Current accuracy (top-1 and 5): 74.5 97.2
Best    accuracy (top-1 and 5): 74.5 97.2
-------Eval Training Epoch [500 / 1500] INFO--------
Current accuracy (top-1 and 5): 74.3 97.2
Best    accuracy (top-1 and 5): 74.5 97.2
-------Eval Training Epoch [750 / 1500] INFO--------
Current accuracy (top-1 and 5): 75.9 97.0
Best    accuracy (top-1 and 5): 75.9 97.0
-------Eval Training Epoch [1000 / 1500] INFO--------
Current accuracy (top-1 and 5): 76.5 97.7
Best    accuracy (top-1 and 5): 76.5 97.7
-------Eval Training Epoch [1250 / 1500] INFO--------
Current accuracy (top-1 and 5): 77.5 97.7
Best    accuracy (top-1 and 5): 77.5 97.7
(Train) [Epoch 1500/1500] [2026-06-20 05:47:45] Top1 89.0  Top5 97.9  Loss 0.516
-------Eval Training Epoch [1500 / 1500] INFO--------
Current accuracy (top-1 and 5): 77.3 97.6
Best    accuracy (top-1 and 5): 77.5 97.7
Repeat 1 => Best, last acc: 77.5 77.3

(Iter 8000) sem-loss: 0.000198  free_energy: 0.011874
(Iter 8020) sem-loss: 0.000171  free_energy: 0.009256
(Iter 8040) sem-loss: 0.000175  free_energy: 0.011067
(Iter 8060) sem-loss: 0.000133  free_energy: 0.009416
(Iter 8080) sem-loss: 0.000163  free_energy: 0.010994
(Iter 8100) sem-loss: 0.000167  free_energy: 0.009408
(Iter 8120) sem-loss: 0.000122  free_energy: 0.011483
(Iter 8140) sem-loss: 0.000181  free_energy: 0.009757
(Iter 8160) sem-loss: 0.000175  free_energy: 0.009452
(Iter 8180) sem-loss: 0.000163  free_energy: 0.010001
(Iter 8200) sem-loss: 0.000167  free_energy: 0.010012
(Iter 8220) sem-loss: 0.000114  free_energy: 0.009959
(Iter 8240) sem-loss: 0.000181  free_energy: 0.009779
(Iter 8260) sem-loss: 0.000099  free_energy: 0.011554
(Iter 8280) sem-loss: 0.000169  free_energy: 0.009252
(Iter 8300) sem-loss: 0.000322  free_energy: 0.010830
(Iter 8320) sem-loss: 0.000178  free_energy: 0.009567
(Iter 8340) sem-loss: 0.000219  free_energy: 0.009368
(Iter 8360) sem-loss: 0.000209  free_energy: 0.010329
(Iter 8380) sem-loss: 0.000213  free_energy: 0.008802
(Iter 8400) sem-loss: 0.000286  free_energy: 0.011712
(Iter 8420) sem-loss: 0.000171  free_energy: 0.011946
(Iter 8440) sem-loss: 0.000219  free_energy: 0.010582
(Iter 8460) sem-loss: 0.000226  free_energy: 0.010622
(Iter 8480) sem-loss: 0.000251  free_energy: 0.009035
=> creating model convnet-3, norm: instance
Start training with DSA and cut mixup
-------Eval Training Epoch [250 / 1500] INFO--------
Current accuracy (top-1 and 5): 73.7 97.6
Best    accuracy (top-1 and 5): 73.7 97.6
-------Eval Training Epoch [500 / 1500] INFO--------
Current accuracy (top-1 and 5): 75.0 97.7
Best    accuracy (top-1 and 5): 75.0 97.7
-------Eval Training Epoch [750 / 1500] INFO--------
Current accuracy (top-1 and 5): 75.1 97.2
Best    accuracy (top-1 and 5): 75.1 97.2
-------Eval Training Epoch [1000 / 1500] INFO--------
Current accuracy (top-1 and 5): 74.2 97.7
Best    accuracy (top-1 and 5): 75.1 97.2
-------Eval Training Epoch [1250 / 1500] INFO--------
Current accuracy (top-1 and 5): 76.2 97.6
Best    accuracy (top-1 and 5): 76.2 97.6
(Train) [Epoch 1500/1500] [2026-06-20 05:57:54] Top1 83.9  Top5 98.2  Loss 0.487
-------Eval Training Epoch [1500 / 1500] INFO--------
Current accuracy (top-1 and 5): 77.2 97.7
Best    accuracy (top-1 and 5): 77.2 97.7
Repeat 1 => Best, last acc: 77.2 77.2

(Iter 8500) sem-loss: 0.000214  free_energy: 0.009989
(Iter 8520) sem-loss: 0.000225  free_energy: 0.009436
(Iter 8540) sem-loss: 0.000206  free_energy: 0.009640
(Iter 8560) sem-loss: 0.000288  free_energy: 0.010670
(Iter 8580) sem-loss: 0.000215  free_energy: 0.009254
(Iter 8600) sem-loss: 0.000115  free_energy: 0.011647
(Iter 8620) sem-loss: 0.000280  free_energy: 0.011037
(Iter 8640) sem-loss: 0.000115  free_energy: 0.009799
(Iter 8660) sem-loss: 0.000175  free_energy: 0.010685
(Iter 8680) sem-loss: 0.000147  free_energy: 0.009017
(Iter 8700) sem-loss: 0.000213  free_energy: 0.009528
(Iter 8720) sem-loss: 0.000202  free_energy: 0.010479
(Iter 8740) sem-loss: 0.000192  free_energy: 0.009458
(Iter 8760) sem-loss: 0.000242  free_energy: 0.010142
(Iter 8780) sem-loss: 0.000184  free_energy: 0.010725
(Iter 8800) sem-loss: 0.000187  free_energy: 0.008986
(Iter 8820) sem-loss: 0.000237  free_energy: 0.010087
(Iter 8840) sem-loss: 0.000192  free_energy: 0.008900
(Iter 8860) sem-loss: 0.000194  free_energy: 0.009932
(Iter 8880) sem-loss: 0.000191  free_energy: 0.010044
(Iter 8900) sem-loss: 0.000210  free_energy: 0.009315
(Iter 8920) sem-loss: 0.000136  free_energy: 0.011220
(Iter 8940) sem-loss: 0.000200  free_energy: 0.009047
(Iter 8960) sem-loss: 0.000215  free_energy: 0.010379
(Iter 8980) sem-loss: 0.000152  free_energy: 0.010337
=> creating model convnet-3, norm: instance
Start training with DSA and cut mixup
-------Eval Training Epoch [250 / 1500] INFO--------
Current accuracy (top-1 and 5): 74.2 97.3
Best    accuracy (top-1 and 5): 74.2 97.3
-------Eval Training Epoch [500 / 1500] INFO--------
Current accuracy (top-1 and 5): 75.0 97.2
Best    accuracy (top-1 and 5): 75.0 97.2
-------Eval Training Epoch [750 / 1500] INFO--------
Current accuracy (top-1 and 5): 76.9 97.4
Best    accuracy (top-1 and 5): 76.9 97.4
-------Eval Training Epoch [1000 / 1500] INFO--------
Current accuracy (top-1 and 5): 75.9 97.2
Best    accuracy (top-1 and 5): 76.9 97.4
-------Eval Training Epoch [1250 / 1500] INFO--------
Current accuracy (top-1 and 5): 77.0 97.6
Best    accuracy (top-1 and 5): 77.0 97.6
(Train) [Epoch 1500/1500] [2026-06-20 06:07:09] Top1 79.0  Top5 96.3  Loss 0.608
-------Eval Training Epoch [1500 / 1500] INFO--------
Current accuracy (top-1 and 5): 77.4 97.6
Best    accuracy (top-1 and 5): 77.4 97.6
Repeat 1 => Best, last acc: 77.4 77.4

(Iter 9000) sem-loss: 0.000148  free_energy: 0.010073
(Iter 9020) sem-loss: 0.000217  free_energy: 0.009986
(Iter 9040) sem-loss: 0.000180  free_energy: 0.009565
(Iter 9060) sem-loss: 0.000127  free_energy: 0.010067
(Iter 9080) sem-loss: 0.000148  free_energy: 0.010195
(Iter 9100) sem-loss: 0.000188  free_energy: 0.010700
(Iter 9120) sem-loss: 0.000183  free_energy: 0.009133
(Iter 9140) sem-loss: 0.000146  free_energy: 0.008728
(Iter 9160) sem-loss: 0.000202  free_energy: 0.009206
(Iter 9180) sem-loss: 0.000171  free_energy: 0.009514
(Iter 9200) sem-loss: 0.000170  free_energy: 0.008373
(Iter 9220) sem-loss: 0.000205  free_energy: 0.009382
(Iter 9240) sem-loss: 0.000134  free_energy: 0.008981
(Iter 9260) sem-loss: 0.000147  free_energy: 0.009094
(Iter 9280) sem-loss: 0.000186  free_energy: 0.010544
(Iter 9300) sem-loss: 0.000221  free_energy: 0.009800
(Iter 9320) sem-loss: 0.000153  free_energy: 0.009885
(Iter 9340) sem-loss: 0.000185  free_energy: 0.010496
(Iter 9360) sem-loss: 0.000138  free_energy: 0.010596
(Iter 9380) sem-loss: 0.000170  free_energy: 0.010393
(Iter 9400) sem-loss: 0.000285  free_energy: 0.009187
(Iter 9420) sem-loss: 0.000116  free_energy: 0.008796
(Iter 9440) sem-loss: 0.000216  free_energy: 0.010161
(Iter 9460) sem-loss: 0.000217  free_energy: 0.010364
(Iter 9480) sem-loss: 0.000214  free_energy: 0.008773
=> creating model convnet-3, norm: instance
Start training with DSA and cut mixup
-------Eval Training Epoch [250 / 1500] INFO--------
Current accuracy (top-1 and 5): 74.8 97.8
Best    accuracy (top-1 and 5): 74.8 97.8
-------Eval Training Epoch [500 / 1500] INFO--------
Current accuracy (top-1 and 5): 75.0 97.6
Best    accuracy (top-1 and 5): 75.0 97.6
-------Eval Training Epoch [750 / 1500] INFO--------
Current accuracy (top-1 and 5): 75.9 97.6
Best    accuracy (top-1 and 5): 75.9 97.6
-------Eval Training Epoch [1000 / 1500] INFO--------
Current accuracy (top-1 and 5): 76.7 98.0
Best    accuracy (top-1 and 5): 76.7 98.0
-------Eval Training Epoch [1250 / 1500] INFO--------
Current accuracy (top-1 and 5): 77.2 97.5
Best    accuracy (top-1 and 5): 77.2 97.5
(Train) [Epoch 1500/1500] [2026-06-20 06:16:15] Top1 85.5  Top5 98.7  Loss 0.563
-------Eval Training Epoch [1500 / 1500] INFO--------
Current accuracy (top-1 and 5): 78.5 97.8
Best    accuracy (top-1 and 5): 78.5 97.8
Repeat 1 => Best, last acc: 78.5 78.5

->->->->->->->->->->->->-> Best Result: 78.5
best data saved
(Iter 9500) sem-loss: 0.000149  free_energy: 0.010368
(Iter 9520) sem-loss: 0.000217  free_energy: 0.011628
(Iter 9540) sem-loss: 0.000141  free_energy: 0.010182
(Iter 9560) sem-loss: 0.000322  free_energy: 0.009258
(Iter 9580) sem-loss: 0.000177  free_energy: 0.009767
(Iter 9600) sem-loss: 0.000226  free_energy: 0.010624
(Iter 9620) sem-loss: 0.000105  free_energy: 0.011481
(Iter 9640) sem-loss: 0.000216  free_energy: 0.010370
(Iter 9660) sem-loss: 0.000206  free_energy: 0.010907
(Iter 9680) sem-loss: 0.000204  free_energy: 0.009990
(Iter 9700) sem-loss: 0.000148  free_energy: 0.009332
(Iter 9720) sem-loss: 0.000153  free_energy: 0.011563
(Iter 9740) sem-loss: 0.000186  free_energy: 0.009758
(Iter 9760) sem-loss: 0.000159  free_energy: 0.009327
(Iter 9780) sem-loss: 0.000200  free_energy: 0.008911
(Iter 9800) sem-loss: 0.000186  free_energy: 0.010818
(Iter 9820) sem-loss: 0.000216  free_energy: 0.009926
(Iter 9840) sem-loss: 0.000229  free_energy: 0.009079
(Iter 9860) sem-loss: 0.000146  free_energy: 0.010026
(Iter 9880) sem-loss: 0.000203  free_energy: 0.011213
(Iter 9900) sem-loss: 0.000192  free_energy: 0.010760
(Iter 9920) sem-loss: 0.000211  free_energy: 0.011318
(Iter 9940) sem-loss: 0.000181  free_energy: 0.009761
(Iter 9960) sem-loss: 0.000185  free_energy: 0.009004
(Iter 9980) sem-loss: 0.000206  free_energy: 0.010409
=> creating model convnet-3, norm: instance
Start training with DSA and cut mixup
-------Eval Training Epoch [250 / 1500] INFO--------
Current accuracy (top-1 and 5): 74.1 97.2
Best    accuracy (top-1 and 5): 74.1 97.2
-------Eval Training Epoch [500 / 1500] INFO--------
Current accuracy (top-1 and 5): 75.2 96.8
Best    accuracy (top-1 and 5): 75.2 96.8
-------Eval Training Epoch [750 / 1500] INFO--------
Current accuracy (top-1 and 5): 75.6 97.1
Best    accuracy (top-1 and 5): 75.6 97.1
-------Eval Training Epoch [1000 / 1500] INFO--------
Current accuracy (top-1 and 5): 77.0 97.5
Best    accuracy (top-1 and 5): 77.0 97.5
-------Eval Training Epoch [1250 / 1500] INFO--------
Current accuracy (top-1 and 5): 77.8 97.8
Best    accuracy (top-1 and 5): 77.8 97.8
(Train) [Epoch 1500/1500] [2026-06-20 06:25:22] Top1 88.5  Top5 98.4  Loss 0.412
-------Eval Training Epoch [1500 / 1500] INFO--------
Current accuracy (top-1 and 5): 77.8 97.7
Best    accuracy (top-1 and 5): 77.8 97.7
Repeat 1 => Best, last acc: 77.8 77.8

