{
   "dmreg": 1,
   "dataset": "cifar10",
   "data_dir": "./data",
   "imagenet_dir": "/ssd_data/imagenet/",
   "nclass": 10,
   "dseed": 0,
   "size": 32,
   "phase": -1,
   "nclass_sub": -1,
   "load_memory": true,
   "net_type": "convnet",
   "norm_type": "instance",
   "depth": 3,
   "width": 1.0,
   "epochs": 1500,
   "batch_size": 64,
   "lr": 0.01,
   "momentum": 0.9,
   "weight_decay": 0.0005,
   "seed": 0,
   "mixup": "cut",
   "beta": 1.0,
   "mix_p": 0.5,
   "rrc": true,
   "dsa": true,
   "dsa_strategy": "color_crop_flip_scale_rotate",
   "epoch_eval_interval": 250,
   "print_freq": 10,
   "verbose": false,
   "workers": 8,
   "save_ckpt": false,
   "test": false,
   "time": false,
   "ipc": 10,
   "factor": 2,
   "decode_type": "single",
   "init": "mix",
   "aug_type": "color_crop_cutout",
   "niter": 10000,
   "num_premodel": 5,
   "batch_real": 128,
   "batch_syn_max": 200,
   "lr_img": 10.0,
   "mom_img": 0.5,
   "type": "PIDD",
   "lambdac": 0.01,
   "eps": 1e-07,
   "gpu": 0,
   "record_iters": 500,
   "num_slices": 2048,
   "bottleneck": true,
   "data_name": "cifar10",
   "pretrain_dir": "./pretrain_models_cifar10",
   "pretrain_amount": 20,
   "pretrain_epochs": 60,
   "save_dir": "./results/cifar10/PIDD/ipc10/lambdac0.01_eps1e-07_seed0",
   "nch": 3,
   "epoch_print_freq": 1500,
   "augment": false
}