Save dir: ./results/cifar10/PIDD/ipc10/lambdac0.01_eps1e-07_seed0

 PIDD: Start condensing for 10000 iteration
(Iter   0) sem-loss: 0.011766  free_energy: 0.042781
(Iter  20) sem-loss: 0.004732  free_energy: 0.032594
(Iter  40) sem-loss: 0.003542  free_energy: 0.030430
(Iter  60) sem-loss: 0.002578  free_energy: 0.035332
(Iter  80) sem-loss: 0.001620  free_energy: 0.035354
(Iter 100) sem-loss: 0.002732  free_energy: 0.029026
(Iter 120) sem-loss: 0.002225  free_energy: 0.029518
(Iter 140) sem-loss: 0.002388  free_energy: 0.026939
(Iter 160) sem-loss: 0.002752  free_energy: 0.028963
(Iter 180) sem-loss: 0.002099  free_energy: 0.028587
(Iter 200) sem-loss: 0.001465  free_energy: 0.026787
(Iter 220) sem-loss: 0.001703  free_energy: 0.024434
(Iter 240) sem-loss: 0.002249  free_energy: 0.023045
(Iter 260) sem-loss: 0.001944  free_energy: 0.022412
(Iter 280) sem-loss: 0.001890  free_energy: 0.022872
(Iter 300) sem-loss: 0.001528  free_energy: 0.025501
(Iter 320) sem-loss: 0.001584  free_energy: 0.024249
(Iter 340) sem-loss: 0.001717  free_energy: 0.025070
(Iter 360) sem-loss: 0.002437  free_energy: 0.021465
(Iter 380) sem-loss: 0.001010  free_energy: 0.021570
(Iter 400) sem-loss: 0.001003  free_energy: 0.022192
(Iter 420) sem-loss: 0.001425  free_energy: 0.030106
(Iter 440) sem-loss: 0.002996  free_energy: 0.031873
(Iter 460) sem-loss: 0.001941  free_energy: 0.022305
(Iter 480) sem-loss: 0.001598  free_energy: 0.024458
=> creating model convnet-3, norm: instance
Start training with DSA and cut mixup
-------Eval Training Epoch [250 / 1500] INFO--------
Current accuracy (top-1 and 5): 59.6 94.2
Best    accuracy (top-1 and 5): 59.6 94.2
-------Eval Training Epoch [500 / 1500] INFO--------
Current accuracy (top-1 and 5): 63.9 94.9
Best    accuracy (top-1 and 5): 63.9 94.9
-------Eval Training Epoch [750 / 1500] INFO--------
Current accuracy (top-1 and 5): 63.4 95.6
Best    accuracy (top-1 and 5): 63.9 94.9
-------Eval Training Epoch [1000 / 1500] INFO--------
Current accuracy (top-1 and 5): 65.7 95.3
Best    accuracy (top-1 and 5): 65.7 95.3
-------Eval Training Epoch [1250 / 1500] INFO--------
Current accuracy (top-1 and 5): 66.9 95.5
Best    accuracy (top-1 and 5): 66.9 95.5
(Train) [Epoch 1500/1500] [2026-06-20 00:42:29] Top1 89.0  Top5 99.2  Loss 0.346
-------Eval Training Epoch [1500 / 1500] INFO--------
Current accuracy (top-1 and 5): 67.2 95.7
Best    accuracy (top-1 and 5): 67.2 95.7
Repeat 1 => Best, last acc: 67.2 67.2

->->->->->->->->->->->->-> Best Result: 67.2
best data saved
(Iter 500) sem-loss: 0.001204  free_energy: 0.020872
(Iter 520) sem-loss: 0.001301  free_energy: 0.023003
(Iter 540) sem-loss: 0.001622  free_energy: 0.020921
(Iter 560) sem-loss: 0.001363  free_energy: 0.020376
(Iter 580) sem-loss: 0.000945  free_energy: 0.022930
(Iter 600) sem-loss: 0.001635  free_energy: 0.025556
(Iter 620) sem-loss: 0.001490  free_energy: 0.019323
(Iter 640) sem-loss: 0.001322  free_energy: 0.019655
(Iter 660) sem-loss: 0.000970  free_energy: 0.024852
(Iter 680) sem-loss: 0.002475  free_energy: 0.022042
(Iter 700) sem-loss: 0.001307  free_energy: 0.022973
(Iter 720) sem-loss: 0.000950  free_energy: 0.019877
(Iter 740) sem-loss: 0.001523  free_energy: 0.019934
(Iter 760) sem-loss: 0.000704  free_energy: 0.022420
(Iter 780) sem-loss: 0.001429  free_energy: 0.019861
(Iter 800) sem-loss: 0.001042  free_energy: 0.018850
(Iter 820) sem-loss: 0.001571  free_energy: 0.021298
(Iter 840) sem-loss: 0.001244  free_energy: 0.021521
(Iter 860) sem-loss: 0.003042  free_energy: 0.022375
(Iter 880) sem-loss: 0.001438  free_energy: 0.024419
(Iter 900) sem-loss: 0.000572  free_energy: 0.023675
(Iter 920) sem-loss: 0.002421  free_energy: 0.023069
(Iter 940) sem-loss: 0.001368  free_energy: 0.026434
(Iter 960) sem-loss: 0.001614  free_energy: 0.021692
(Iter 980) sem-loss: 0.000882  free_energy: 0.028475
=> creating model convnet-3, norm: instance
Start training with DSA and cut mixup
-------Eval Training Epoch [250 / 1500] INFO--------
Current accuracy (top-1 and 5): 62.1 94.8
Best    accuracy (top-1 and 5): 62.1 94.8
-------Eval Training Epoch [500 / 1500] INFO--------
Current accuracy (top-1 and 5): 64.6 95.7
Best    accuracy (top-1 and 5): 64.6 95.7
-------Eval Training Epoch [750 / 1500] INFO--------
Current accuracy (top-1 and 5): 66.0 95.3
Best    accuracy (top-1 and 5): 66.0 95.3
-------Eval Training Epoch [1000 / 1500] INFO--------
Current accuracy (top-1 and 5): 64.8 94.1
Best    accuracy (top-1 and 5): 66.0 95.3
-------Eval Training Epoch [1250 / 1500] INFO--------
Current accuracy (top-1 and 5): 68.4 96.0
Best    accuracy (top-1 and 5): 68.4 96.0
(Train) [Epoch 1500/1500] [2026-06-20 00:48:49] Top1 85.5  Top5 98.8  Loss 0.437
-------Eval Training Epoch [1500 / 1500] INFO--------
Current accuracy (top-1 and 5): 68.5 95.9
Best    accuracy (top-1 and 5): 68.5 95.9
Repeat 1 => Best, last acc: 68.5 68.5

->->->->->->->->->->->->-> Best Result: 68.5
best data saved
(Iter 1000) sem-loss: 0.001397  free_energy: 0.020339
(Iter 1020) sem-loss: 0.003189  free_energy: 0.020998
(Iter 1040) sem-loss: 0.001077  free_energy: 0.026831
(Iter 1060) sem-loss: 0.001353  free_energy: 0.022196
(Iter 1080) sem-loss: 0.001601  free_energy: 0.019689
(Iter 1100) sem-loss: 0.001622  free_energy: 0.023745
(Iter 1120) sem-loss: 0.000922  free_energy: 0.018404
(Iter 1140) sem-loss: 0.001885  free_energy: 0.022111
(Iter 1160) sem-loss: 0.001581  free_energy: 0.021524
(Iter 1180) sem-loss: 0.000985  free_energy: 0.020717
(Iter 1200) sem-loss: 0.001720  free_energy: 0.026525
(Iter 1220) sem-loss: 0.001623  free_energy: 0.021006
(Iter 1240) sem-loss: 0.001166  free_energy: 0.019880
(Iter 1260) sem-loss: 0.000599  free_energy: 0.020288
(Iter 1280) sem-loss: 0.001290  free_energy: 0.021172
(Iter 1300) sem-loss: 0.001374  free_energy: 0.024603
(Iter 1320) sem-loss: 0.001112  free_energy: 0.021381
(Iter 1340) sem-loss: 0.001346  free_energy: 0.021358
(Iter 1360) sem-loss: 0.001053  free_energy: 0.018946
(Iter 1380) sem-loss: 0.001178  free_energy: 0.019168
(Iter 1400) sem-loss: 0.001064  free_energy: 0.020807
(Iter 1420) sem-loss: 0.000816  free_energy: 0.019962
(Iter 1440) sem-loss: 0.001009  free_energy: 0.017912
(Iter 1460) sem-loss: 0.001267  free_energy: 0.020742
(Iter 1480) sem-loss: 0.001424  free_energy: 0.018640
=> creating model convnet-3, norm: instance
Start training with DSA and cut mixup
-------Eval Training Epoch [250 / 1500] INFO--------
Current accuracy (top-1 and 5): 63.2 94.2
Best    accuracy (top-1 and 5): 63.2 94.2
-------Eval Training Epoch [500 / 1500] INFO--------
Current accuracy (top-1 and 5): 64.8 95.6
Best    accuracy (top-1 and 5): 64.8 95.6
-------Eval Training Epoch [750 / 1500] INFO--------
Current accuracy (top-1 and 5): 66.5 95.2
Best    accuracy (top-1 and 5): 66.5 95.2
-------Eval Training Epoch [1000 / 1500] INFO--------
Current accuracy (top-1 and 5): 67.0 95.6
Best    accuracy (top-1 and 5): 67.0 95.6
-------Eval Training Epoch [1250 / 1500] INFO--------
Current accuracy (top-1 and 5): 69.0 95.9
Best    accuracy (top-1 and 5): 69.0 95.9
(Train) [Epoch 1500/1500] [2026-06-20 00:55:11] Top1 84.0  Top5 99.0  Loss 0.704
-------Eval Training Epoch [1500 / 1500] INFO--------
Current accuracy (top-1 and 5): 68.8 96.1
Best    accuracy (top-1 and 5): 69.0 95.9
Repeat 1 => Best, last acc: 69.0 68.8

->->->->->->->->->->->->-> Best Result: 69.0
best data saved
(Iter 1500) sem-loss: 0.000748  free_energy: 0.020348
(Iter 1520) sem-loss: 0.000583  free_energy: 0.022576
(Iter 1540) sem-loss: 0.001010  free_energy: 0.018715
(Iter 1560) sem-loss: 0.000939  free_energy: 0.018340
(Iter 1580) sem-loss: 0.001011  free_energy: 0.022327
(Iter 1600) sem-loss: 0.001300  free_energy: 0.018380
(Iter 1620) sem-loss: 0.000987  free_energy: 0.018101
(Iter 1640) sem-loss: 0.001726  free_energy: 0.030372
(Iter 1660) sem-loss: 0.000771  free_energy: 0.027085
(Iter 1680) sem-loss: 0.001818  free_energy: 0.018339
(Iter 1700) sem-loss: 0.001172  free_energy: 0.025603
(Iter 1720) sem-loss: 0.000784  free_energy: 0.019080
(Iter 1740) sem-loss: 0.001042  free_energy: 0.019929
(Iter 1760) sem-loss: 0.001469  free_energy: 0.022398
(Iter 1780) sem-loss: 0.001499  free_energy: 0.018922
(Iter 1800) sem-loss: 0.001129  free_energy: 0.019715
(Iter 1820) sem-loss: 0.001136  free_energy: 0.019432
(Iter 1840) sem-loss: 0.001256  free_energy: 0.025437
(Iter 1860) sem-loss: 0.000975  free_energy: 0.018081
(Iter 1880) sem-loss: 0.001044  free_energy: 0.023377
(Iter 1900) sem-loss: 0.000916  free_energy: 0.029933
(Iter 1920) sem-loss: 0.000930  free_energy: 0.023816
(Iter 1940) sem-loss: 0.001542  free_energy: 0.019859
(Iter 1960) sem-loss: 0.002431  free_energy: 0.022782
(Iter 1980) sem-loss: 0.001502  free_energy: 0.023284
=> creating model convnet-3, norm: instance
Start training with DSA and cut mixup
-------Eval Training Epoch [250 / 1500] INFO--------
Current accuracy (top-1 and 5): 63.8 95.3
Best    accuracy (top-1 and 5): 63.8 95.3
-------Eval Training Epoch [500 / 1500] INFO--------
Current accuracy (top-1 and 5): 66.9 96.0
Best    accuracy (top-1 and 5): 66.9 96.0
-------Eval Training Epoch [750 / 1500] INFO--------
Current accuracy (top-1 and 5): 65.9 95.5
Best    accuracy (top-1 and 5): 66.9 96.0
-------Eval Training Epoch [1000 / 1500] INFO--------
Current accuracy (top-1 and 5): 66.8 95.6
Best    accuracy (top-1 and 5): 66.9 96.0
-------Eval Training Epoch [1250 / 1500] INFO--------
Current accuracy (top-1 and 5): 69.0 95.8
Best    accuracy (top-1 and 5): 69.0 95.8
(Train) [Epoch 1500/1500] [2026-06-20 01:02:36] Top1 94.2  Top5 99.5  Loss 0.217
-------Eval Training Epoch [1500 / 1500] INFO--------
Current accuracy (top-1 and 5): 69.5 96.2
Best    accuracy (top-1 and 5): 69.5 96.2
Repeat 1 => Best, last acc: 69.5 69.5

->->->->->->->->->->->->-> Best Result: 69.5
best data saved
(Iter 2000) sem-loss: 0.001568  free_energy: 0.021917
(Iter 2020) sem-loss: 0.001227  free_energy: 0.021988
(Iter 2040) sem-loss: 0.001715  free_energy: 0.017350
(Iter 2060) sem-loss: 0.002246  free_energy: 0.018629
(Iter 2080) sem-loss: 0.001081  free_energy: 0.018007
(Iter 2100) sem-loss: 0.001640  free_energy: 0.026063
(Iter 2120) sem-loss: 0.000750  free_energy: 0.021639
(Iter 2140) sem-loss: 0.001334  free_energy: 0.019243
(Iter 2160) sem-loss: 0.000837  free_energy: 0.018729
(Iter 2180) sem-loss: 0.001202  free_energy: 0.021027
(Iter 2200) sem-loss: 0.001618  free_energy: 0.021422
(Iter 2220) sem-loss: 0.000824  free_energy: 0.018002
(Iter 2240) sem-loss: 0.000935  free_energy: 0.018667
(Iter 2260) sem-loss: 0.001294  free_energy: 0.024959
(Iter 2280) sem-loss: 0.000720  free_energy: 0.018554
(Iter 2300) sem-loss: 0.000727  free_energy: 0.020285
(Iter 2320) sem-loss: 0.001176  free_energy: 0.020333
(Iter 2340) sem-loss: 0.001170  free_energy: 0.027227
(Iter 2360) sem-loss: 0.001358  free_energy: 0.018197
(Iter 2380) sem-loss: 0.000567  free_energy: 0.019223
(Iter 2400) sem-loss: 0.001485  free_energy: 0.020340
(Iter 2420) sem-loss: 0.001686  free_energy: 0.025111
(Iter 2440) sem-loss: 0.001263  free_energy: 0.021352
(Iter 2460) sem-loss: 0.000872  free_energy: 0.020228
(Iter 2480) sem-loss: 0.001454  free_energy: 0.024527
=> creating model convnet-3, norm: instance
Start training with DSA and cut mixup
-------Eval Training Epoch [250 / 1500] INFO--------
Current accuracy (top-1 and 5): 63.1 94.8
Best    accuracy (top-1 and 5): 63.1 94.8
-------Eval Training Epoch [500 / 1500] INFO--------
Current accuracy (top-1 and 5): 66.1 95.5
Best    accuracy (top-1 and 5): 66.1 95.5
-------Eval Training Epoch [750 / 1500] INFO--------
Current accuracy (top-1 and 5): 68.1 95.7
Best    accuracy (top-1 and 5): 68.1 95.7
-------Eval Training Epoch [1000 / 1500] INFO--------
Current accuracy (top-1 and 5): 65.8 95.4
Best    accuracy (top-1 and 5): 68.1 95.7
-------Eval Training Epoch [1250 / 1500] INFO--------
Current accuracy (top-1 and 5): 69.2 95.8
Best    accuracy (top-1 and 5): 69.2 95.8
(Train) [Epoch 1500/1500] [2026-06-20 01:08:54] Top1 80.0  Top5 99.0  Loss 0.672
-------Eval Training Epoch [1500 / 1500] INFO--------
Current accuracy (top-1 and 5): 70.0 95.9
Best    accuracy (top-1 and 5): 70.0 95.9
Repeat 1 => Best, last acc: 70.0 70.0

->->->->->->->->->->->->-> Best Result: 70.0
best data saved
(Iter 2500) sem-loss: 0.002599  free_energy: 0.017105
(Iter 2520) sem-loss: 0.000909  free_energy: 0.022876
(Iter 2540) sem-loss: 0.001297  free_energy: 0.016966
(Iter 2560) sem-loss: 0.001703  free_energy: 0.019737
(Iter 2580) sem-loss: 0.001110  free_energy: 0.020401
(Iter 2600) sem-loss: 0.000978  free_energy: 0.018093
(Iter 2620) sem-loss: 0.000760  free_energy: 0.026600
(Iter 2640) sem-loss: 0.002162  free_energy: 0.023026
(Iter 2660) sem-loss: 0.000990  free_energy: 0.019148
(Iter 2680) sem-loss: 0.000833  free_energy: 0.017808
(Iter 2700) sem-loss: 0.000937  free_energy: 0.023339
(Iter 2720) sem-loss: 0.000845  free_energy: 0.026078
(Iter 2740) sem-loss: 0.001048  free_energy: 0.018567
(Iter 2760) sem-loss: 0.001170  free_energy: 0.023731
(Iter 2780) sem-loss: 0.001325  free_energy: 0.020807
(Iter 2800) sem-loss: 0.001862  free_energy: 0.020824
(Iter 2820) sem-loss: 0.000536  free_energy: 0.018047
(Iter 2840) sem-loss: 0.000842  free_energy: 0.020268
(Iter 2860) sem-loss: 0.001220  free_energy: 0.027182
(Iter 2880) sem-loss: 0.000995  free_energy: 0.019624
(Iter 2900) sem-loss: 0.000547  free_energy: 0.016853
(Iter 2920) sem-loss: 0.001015  free_energy: 0.020846
(Iter 2940) sem-loss: 0.000942  free_energy: 0.018198
(Iter 2960) sem-loss: 0.000957  free_energy: 0.017877
(Iter 2980) sem-loss: 0.001630  free_energy: 0.020144
=> creating model convnet-3, norm: instance
Start training with DSA and cut mixup
-------Eval Training Epoch [250 / 1500] INFO--------
Current accuracy (top-1 and 5): 64.0 94.9
Best    accuracy (top-1 and 5): 64.0 94.9
-------Eval Training Epoch [500 / 1500] INFO--------
Current accuracy (top-1 and 5): 65.1 94.6
Best    accuracy (top-1 and 5): 65.1 94.6
-------Eval Training Epoch [750 / 1500] INFO--------
Current accuracy (top-1 and 5): 66.8 95.1
Best    accuracy (top-1 and 5): 66.8 95.1
-------Eval Training Epoch [1000 / 1500] INFO--------
Current accuracy (top-1 and 5): 63.1 94.4
Best    accuracy (top-1 and 5): 66.8 95.1
-------Eval Training Epoch [1250 / 1500] INFO--------
Current accuracy (top-1 and 5): 69.4 96.0
Best    accuracy (top-1 and 5): 69.4 96.0
(Train) [Epoch 1500/1500] [2026-06-20 01:15:10] Top1 86.2  Top5 96.8  Loss 0.466
-------Eval Training Epoch [1500 / 1500] INFO--------
Current accuracy (top-1 and 5): 69.6 96.0
Best    accuracy (top-1 and 5): 69.6 96.0
Repeat 1 => Best, last acc: 69.6 69.6

(Iter 3000) sem-loss: 0.000724  free_energy: 0.020224
(Iter 3020) sem-loss: 0.001588  free_energy: 0.018695
(Iter 3040) sem-loss: 0.001410  free_energy: 0.018080
(Iter 3060) sem-loss: 0.001122  free_energy: 0.018252
(Iter 3080) sem-loss: 0.001566  free_energy: 0.022722
(Iter 3100) sem-loss: 0.001114  free_energy: 0.021033
(Iter 3120) sem-loss: 0.000703  free_energy: 0.021275
(Iter 3140) sem-loss: 0.000897  free_energy: 0.023382
(Iter 3160) sem-loss: 0.000718  free_energy: 0.018341
(Iter 3180) sem-loss: 0.001075  free_energy: 0.016401
(Iter 3200) sem-loss: 0.000756  free_energy: 0.021013
(Iter 3220) sem-loss: 0.000774  free_energy: 0.018731
(Iter 3240) sem-loss: 0.000897  free_energy: 0.017679
(Iter 3260) sem-loss: 0.001358  free_energy: 0.021884
(Iter 3280) sem-loss: 0.001427  free_energy: 0.017035
(Iter 3300) sem-loss: 0.001398  free_energy: 0.017809
(Iter 3320) sem-loss: 0.001672  free_energy: 0.019927
(Iter 3340) sem-loss: 0.001338  free_energy: 0.023051
(Iter 3360) sem-loss: 0.001559  free_energy: 0.017469
(Iter 3380) sem-loss: 0.001805  free_energy: 0.020836
(Iter 3400) sem-loss: 0.000798  free_energy: 0.017267
(Iter 3420) sem-loss: 0.001209  free_energy: 0.021970
(Iter 3440) sem-loss: 0.001080  free_energy: 0.017973
(Iter 3460) sem-loss: 0.000983  free_energy: 0.017370
(Iter 3480) sem-loss: 0.000741  free_energy: 0.025736
=> creating model convnet-3, norm: instance
Start training with DSA and cut mixup
-------Eval Training Epoch [250 / 1500] INFO--------
Current accuracy (top-1 and 5): 61.7 94.7
Best    accuracy (top-1 and 5): 61.7 94.7
-------Eval Training Epoch [500 / 1500] INFO--------
Current accuracy (top-1 and 5): 65.8 94.9
Best    accuracy (top-1 and 5): 65.8 94.9
-------Eval Training Epoch [750 / 1500] INFO--------
Current accuracy (top-1 and 5): 65.8 95.0
Best    accuracy (top-1 and 5): 65.8 94.9
-------Eval Training Epoch [1000 / 1500] INFO--------
Current accuracy (top-1 and 5): 67.5 95.7
Best    accuracy (top-1 and 5): 67.5 95.7
-------Eval Training Epoch [1250 / 1500] INFO--------
Current accuracy (top-1 and 5): 70.2 96.4
Best    accuracy (top-1 and 5): 70.2 96.4
(Train) [Epoch 1500/1500] [2026-06-20 01:22:07] Top1 99.5  Top5 100.0  Loss 0.382
-------Eval Training Epoch [1500 / 1500] INFO--------
Current accuracy (top-1 and 5): 69.7 96.2
Best    accuracy (top-1 and 5): 70.2 96.4
Repeat 1 => Best, last acc: 70.2 69.7

->->->->->->->->->->->->-> Best Result: 70.2
best data saved
(Iter 3500) sem-loss: 0.001393  free_energy: 0.025141
(Iter 3520) sem-loss: 0.001007  free_energy: 0.023396
(Iter 3540) sem-loss: 0.001384  free_energy: 0.026489
(Iter 3560) sem-loss: 0.000857  free_energy: 0.018749
(Iter 3580) sem-loss: 0.001239  free_energy: 0.019665
(Iter 3600) sem-loss: 0.001291  free_energy: 0.017798
(Iter 3620) sem-loss: 0.001621  free_energy: 0.018464
(Iter 3640) sem-loss: 0.001324  free_energy: 0.021885
(Iter 3660) sem-loss: 0.001424  free_energy: 0.021789
(Iter 3680) sem-loss: 0.000932  free_energy: 0.021096
(Iter 3700) sem-loss: 0.001175  free_energy: 0.027357
(Iter 3720) sem-loss: 0.000562  free_energy: 0.017388
(Iter 3740) sem-loss: 0.000771  free_energy: 0.017672
(Iter 3760) sem-loss: 0.001151  free_energy: 0.027076
(Iter 3780) sem-loss: 0.000603  free_energy: 0.016741
(Iter 3800) sem-loss: 0.001507  free_energy: 0.018513
(Iter 3820) sem-loss: 0.001281  free_energy: 0.018069
(Iter 3840) sem-loss: 0.001253  free_energy: 0.021222
(Iter 3860) sem-loss: 0.000881  free_energy: 0.018178
(Iter 3880) sem-loss: 0.000949  free_energy: 0.018365
(Iter 3900) sem-loss: 0.001399  free_energy: 0.018986
(Iter 3920) sem-loss: 0.000756  free_energy: 0.017300
(Iter 3940) sem-loss: 0.000994  free_energy: 0.017688
(Iter 3960) sem-loss: 0.001542  free_energy: 0.018173
(Iter 3980) sem-loss: 0.000593  free_energy: 0.018867
=> creating model convnet-3, norm: instance
Start training with DSA and cut mixup
-------Eval Training Epoch [250 / 1500] INFO--------
Current accuracy (top-1 and 5): 63.1 95.4
Best    accuracy (top-1 and 5): 63.1 95.4
-------Eval Training Epoch [500 / 1500] INFO--------
Current accuracy (top-1 and 5): 66.8 95.5
Best    accuracy (top-1 and 5): 66.8 95.5
-------Eval Training Epoch [750 / 1500] INFO--------
Current accuracy (top-1 and 5): 67.7 95.5
Best    accuracy (top-1 and 5): 67.7 95.5
-------Eval Training Epoch [1000 / 1500] INFO--------
Current accuracy (top-1 and 5): 67.8 95.8
Best    accuracy (top-1 and 5): 67.8 95.8
-------Eval Training Epoch [1250 / 1500] INFO--------
Current accuracy (top-1 and 5): 69.3 96.0
Best    accuracy (top-1 and 5): 69.3 96.0
(Train) [Epoch 1500/1500] [2026-06-20 01:27:20] Top1 96.8  Top5 100.0  Loss 0.337
-------Eval Training Epoch [1500 / 1500] INFO--------
Current accuracy (top-1 and 5): 69.6 96.2
Best    accuracy (top-1 and 5): 69.6 96.2
Repeat 1 => Best, last acc: 69.6 69.6

(Iter 4000) sem-loss: 0.000756  free_energy: 0.016945
(Iter 4020) sem-loss: 0.001268  free_energy: 0.017876
(Iter 4040) sem-loss: 0.001136  free_energy: 0.021886
(Iter 4060) sem-loss: 0.000964  free_energy: 0.018897
(Iter 4080) sem-loss: 0.001338  free_energy: 0.024485
(Iter 4100) sem-loss: 0.000957  free_energy: 0.017868
(Iter 4120) sem-loss: 0.000696  free_energy: 0.017220
(Iter 4140) sem-loss: 0.000959  free_energy: 0.023795
(Iter 4160) sem-loss: 0.001193  free_energy: 0.016838
(Iter 4180) sem-loss: 0.001384  free_energy: 0.022219
(Iter 4200) sem-loss: 0.000463  free_energy: 0.017488
(Iter 4220) sem-loss: 0.001878  free_energy: 0.019652
(Iter 4240) sem-loss: 0.001487  free_energy: 0.018207
(Iter 4260) sem-loss: 0.000656  free_energy: 0.016934
(Iter 4280) sem-loss: 0.000932  free_energy: 0.022993
(Iter 4300) sem-loss: 0.001369  free_energy: 0.017972
(Iter 4320) sem-loss: 0.000597  free_energy: 0.018249
(Iter 4340) sem-loss: 0.000765  free_energy: 0.020219
(Iter 4360) sem-loss: 0.001094  free_energy: 0.018199
(Iter 4380) sem-loss: 0.000801  free_energy: 0.016922
(Iter 4400) sem-loss: 0.001302  free_energy: 0.019219
(Iter 4420) sem-loss: 0.001259  free_energy: 0.021623
(Iter 4440) sem-loss: 0.000932  free_energy: 0.022760
(Iter 4460) sem-loss: 0.001798  free_energy: 0.021409
(Iter 4480) sem-loss: 0.000955  free_energy: 0.017970
=> creating model convnet-3, norm: instance
Start training with DSA and cut mixup
-------Eval Training Epoch [250 / 1500] INFO--------
Current accuracy (top-1 and 5): 62.8 94.4
Best    accuracy (top-1 and 5): 62.8 94.4
-------Eval Training Epoch [500 / 1500] INFO--------
Current accuracy (top-1 and 5): 66.1 96.0
Best    accuracy (top-1 and 5): 66.1 96.0
-------Eval Training Epoch [750 / 1500] INFO--------
Current accuracy (top-1 and 5): 63.4 94.9
Best    accuracy (top-1 and 5): 66.1 96.0
-------Eval Training Epoch [1000 / 1500] INFO--------
Current accuracy (top-1 and 5): 68.8 96.2
Best    accuracy (top-1 and 5): 68.8 96.2
-------Eval Training Epoch [1250 / 1500] INFO--------
Current accuracy (top-1 and 5): 69.4 96.1
Best    accuracy (top-1 and 5): 69.4 96.1
(Train) [Epoch 1500/1500] [2026-06-20 01:33:47] Top1 88.5  Top5 98.2  Loss 0.643
-------Eval Training Epoch [1500 / 1500] INFO--------
Current accuracy (top-1 and 5): 70.0 96.4
Best    accuracy (top-1 and 5): 70.0 96.4
Repeat 1 => Best, last acc: 70.0 70.0

(Iter 4500) sem-loss: 0.000753  free_energy: 0.016698
(Iter 4520) sem-loss: 0.001706  free_energy: 0.025556
(Iter 4540) sem-loss: 0.001586  free_energy: 0.022358
(Iter 4560) sem-loss: 0.000997  free_energy: 0.019490
(Iter 4580) sem-loss: 0.001381  free_energy: 0.022667
(Iter 4600) sem-loss: 0.000826  free_energy: 0.024601
(Iter 4620) sem-loss: 0.001444  free_energy: 0.024903
(Iter 4640) sem-loss: 0.000794  free_energy: 0.017630
(Iter 4660) sem-loss: 0.000768  free_energy: 0.017019
(Iter 4680) sem-loss: 0.001298  free_energy: 0.017981
(Iter 4700) sem-loss: 0.000892  free_energy: 0.021372
(Iter 4720) sem-loss: 0.001127  free_energy: 0.016798
(Iter 4740) sem-loss: 0.000927  free_energy: 0.021248
(Iter 4760) sem-loss: 0.001274  free_energy: 0.025994
(Iter 4780) sem-loss: 0.001345  free_energy: 0.017964
(Iter 4800) sem-loss: 0.001215  free_energy: 0.016898
(Iter 4820) sem-loss: 0.000982  free_energy: 0.021195
(Iter 4840) sem-loss: 0.000804  free_energy: 0.017076
(Iter 4860) sem-loss: 0.000627  free_energy: 0.020384
(Iter 4880) sem-loss: 0.000605  free_energy: 0.019460
(Iter 4900) sem-loss: 0.001043  free_energy: 0.019570
(Iter 4920) sem-loss: 0.000659  free_energy: 0.024095
(Iter 4940) sem-loss: 0.000691  free_energy: 0.017524
(Iter 4960) sem-loss: 0.001479  free_energy: 0.017487
(Iter 4980) sem-loss: 0.001321  free_energy: 0.016851
=> creating model convnet-3, norm: instance
Start training with DSA and cut mixup
-------Eval Training Epoch [250 / 1500] INFO--------
Current accuracy (top-1 and 5): 63.1 95.4
Best    accuracy (top-1 and 5): 63.1 95.4
-------Eval Training Epoch [500 / 1500] INFO--------
Current accuracy (top-1 and 5): 65.4 95.6
Best    accuracy (top-1 and 5): 65.4 95.6
-------Eval Training Epoch [750 / 1500] INFO--------
Current accuracy (top-1 and 5): 68.6 96.0
Best    accuracy (top-1 and 5): 68.6 96.0
-------Eval Training Epoch [1000 / 1500] INFO--------
Current accuracy (top-1 and 5): 67.8 95.8
Best    accuracy (top-1 and 5): 68.6 96.0
-------Eval Training Epoch [1250 / 1500] INFO--------
Current accuracy (top-1 and 5): 69.3 96.2
Best    accuracy (top-1 and 5): 69.3 96.2
(Train) [Epoch 1500/1500] [2026-06-20 01:41:05] Top1 99.5  Top5 100.0  Loss 0.336
-------Eval Training Epoch [1500 / 1500] INFO--------
Current accuracy (top-1 and 5): 69.9 96.3
Best    accuracy (top-1 and 5): 69.9 96.3
Repeat 1 => Best, last acc: 69.9 69.9

(Iter 5000) sem-loss: 0.001035  free_energy: 0.016377
(Iter 5020) sem-loss: 0.001569  free_energy: 0.018230
(Iter 5040) sem-loss: 0.001188  free_energy: 0.021996
(Iter 5060) sem-loss: 0.000581  free_energy: 0.017684
(Iter 5080) sem-loss: 0.001138  free_energy: 0.018773
(Iter 5100) sem-loss: 0.000879  free_energy: 0.018560
(Iter 5120) sem-loss: 0.000924  free_energy: 0.016834
(Iter 5140) sem-loss: 0.000473  free_energy: 0.018186
(Iter 5160) sem-loss: 0.001444  free_energy: 0.018665
(Iter 5180) sem-loss: 0.000947  free_energy: 0.018521
(Iter 5200) sem-loss: 0.000724  free_energy: 0.019602
(Iter 5220) sem-loss: 0.001177  free_energy: 0.019848
(Iter 5240) sem-loss: 0.000704  free_energy: 0.020046
(Iter 5260) sem-loss: 0.001507  free_energy: 0.017548
(Iter 5280) sem-loss: 0.001560  free_energy: 0.018620
(Iter 5300) sem-loss: 0.000677  free_energy: 0.020691
(Iter 5320) sem-loss: 0.001193  free_energy: 0.017200
(Iter 5340) sem-loss: 0.001583  free_energy: 0.024098
(Iter 5360) sem-loss: 0.001574  free_energy: 0.017325
(Iter 5380) sem-loss: 0.001016  free_energy: 0.021246
(Iter 5400) sem-loss: 0.001304  free_energy: 0.020636
(Iter 5420) sem-loss: 0.000474  free_energy: 0.020851
(Iter 5440) sem-loss: 0.000961  free_energy: 0.022073
(Iter 5460) sem-loss: 0.001523  free_energy: 0.021418
(Iter 5480) sem-loss: 0.001069  free_energy: 0.017643
=> creating model convnet-3, norm: instance
Start training with DSA and cut mixup
-------Eval Training Epoch [250 / 1500] INFO--------
Current accuracy (top-1 and 5): 63.9 95.4
Best    accuracy (top-1 and 5): 63.9 95.4
-------Eval Training Epoch [500 / 1500] INFO--------
Current accuracy (top-1 and 5): 65.3 95.7
Best    accuracy (top-1 and 5): 65.3 95.7
-------Eval Training Epoch [750 / 1500] INFO--------
Current accuracy (top-1 and 5): 63.5 93.7
Best    accuracy (top-1 and 5): 65.3 95.7
-------Eval Training Epoch [1000 / 1500] INFO--------
Current accuracy (top-1 and 5): 67.3 95.6
Best    accuracy (top-1 and 5): 67.3 95.6
-------Eval Training Epoch [1250 / 1500] INFO--------
Current accuracy (top-1 and 5): 69.2 96.3
Best    accuracy (top-1 and 5): 69.2 96.3
(Train) [Epoch 1500/1500] [2026-06-20 01:46:43] Top1 99.8  Top5 99.8  Loss 0.302
-------Eval Training Epoch [1500 / 1500] INFO--------
Current accuracy (top-1 and 5): 69.6 96.2
Best    accuracy (top-1 and 5): 69.6 96.2
Repeat 1 => Best, last acc: 69.6 69.6

(Iter 5500) sem-loss: 0.000956  free_energy: 0.021986
(Iter 5520) sem-loss: 0.001343  free_energy: 0.017243
(Iter 5540) sem-loss: 0.001863  free_energy: 0.017029
(Iter 5560) sem-loss: 0.001663  free_energy: 0.018878
(Iter 5580) sem-loss: 0.000805  free_energy: 0.023777
(Iter 5600) sem-loss: 0.001264  free_energy: 0.018586
(Iter 5620) sem-loss: 0.000887  free_energy: 0.026724
(Iter 5640) sem-loss: 0.000429  free_energy: 0.018237
(Iter 5660) sem-loss: 0.001799  free_energy: 0.018361
(Iter 5680) sem-loss: 0.001299  free_energy: 0.018135
(Iter 5700) sem-loss: 0.001463  free_energy: 0.021039
(Iter 5720) sem-loss: 0.000977  free_energy: 0.017157
(Iter 5740) sem-loss: 0.000879  free_energy: 0.017826
(Iter 5760) sem-loss: 0.001017  free_energy: 0.016958
(Iter 5780) sem-loss: 0.001183  free_energy: 0.020171
(Iter 5800) sem-loss: 0.000796  free_energy: 0.017952
(Iter 5820) sem-loss: 0.001274  free_energy: 0.016862
(Iter 5840) sem-loss: 0.001230  free_energy: 0.016703
(Iter 5860) sem-loss: 0.000837  free_energy: 0.019175
(Iter 5880) sem-loss: 0.001009  free_energy: 0.021220
(Iter 5900) sem-loss: 0.000817  free_energy: 0.016257
(Iter 5920) sem-loss: 0.001324  free_energy: 0.019543
(Iter 5940) sem-loss: 0.002078  free_energy: 0.024430
(Iter 5960) sem-loss: 0.001086  free_energy: 0.024200
(Iter 5980) sem-loss: 0.000742  free_energy: 0.019405
=> creating model convnet-3, norm: instance
Start training with DSA and cut mixup
-------Eval Training Epoch [250 / 1500] INFO--------
Current accuracy (top-1 and 5): 64.4 95.3
Best    accuracy (top-1 and 5): 64.4 95.3
-------Eval Training Epoch [500 / 1500] INFO--------
Current accuracy (top-1 and 5): 67.2 95.6
Best    accuracy (top-1 and 5): 67.2 95.6
-------Eval Training Epoch [750 / 1500] INFO--------
Current accuracy (top-1 and 5): 67.4 95.5
Best    accuracy (top-1 and 5): 67.4 95.5
-------Eval Training Epoch [1000 / 1500] INFO--------
Current accuracy (top-1 and 5): 68.2 95.9
Best    accuracy (top-1 and 5): 68.2 95.9
-------Eval Training Epoch [1250 / 1500] INFO--------
Current accuracy (top-1 and 5): 70.0 96.4
Best    accuracy (top-1 and 5): 70.0 96.4
(Train) [Epoch 1500/1500] [2026-06-20 01:55:21] Top1 92.0  Top5 99.5  Loss 0.460
-------Eval Training Epoch [1500 / 1500] INFO--------
Current accuracy (top-1 and 5): 70.2 96.4
Best    accuracy (top-1 and 5): 70.2 96.4
Repeat 1 => Best, last acc: 70.2 70.2

->->->->->->->->->->->->-> Best Result: 70.2
best data saved
(Iter 6000) sem-loss: 0.000799  free_energy: 0.016902
(Iter 6020) sem-loss: 0.002042  free_energy: 0.024863
(Iter 6040) sem-loss: 0.000861  free_energy: 0.017173
(Iter 6060) sem-loss: 0.000594  free_energy: 0.022937
(Iter 6080) sem-loss: 0.000824  free_energy: 0.018901
(Iter 6100) sem-loss: 0.000535  free_energy: 0.020925
(Iter 6120) sem-loss: 0.000612  free_energy: 0.021635
(Iter 6140) sem-loss: 0.000882  free_energy: 0.019353
(Iter 6160) sem-loss: 0.000989  free_energy: 0.018480
(Iter 6180) sem-loss: 0.001846  free_energy: 0.018582
(Iter 6200) sem-loss: 0.000840  free_energy: 0.017176
(Iter 6220) sem-loss: 0.001290  free_energy: 0.026308
(Iter 6240) sem-loss: 0.000754  free_energy: 0.016749
(Iter 6260) sem-loss: 0.000925  free_energy: 0.018587
(Iter 6280) sem-loss: 0.000667  free_energy: 0.019865
(Iter 6300) sem-loss: 0.000932  free_energy: 0.017738
(Iter 6320) sem-loss: 0.001302  free_energy: 0.017854
(Iter 6340) sem-loss: 0.001230  free_energy: 0.017117
(Iter 6360) sem-loss: 0.000759  free_energy: 0.017178
(Iter 6380) sem-loss: 0.000666  free_energy: 0.016576
(Iter 6400) sem-loss: 0.000808  free_energy: 0.017859
(Iter 6420) sem-loss: 0.000694  free_energy: 0.024238
(Iter 6440) sem-loss: 0.000970  free_energy: 0.018113
(Iter 6460) sem-loss: 0.001594  free_energy: 0.016993
(Iter 6480) sem-loss: 0.000699  free_energy: 0.019545
=> creating model convnet-3, norm: instance
Start training with DSA and cut mixup
-------Eval Training Epoch [250 / 1500] INFO--------
Current accuracy (top-1 and 5): 65.6 96.0
Best    accuracy (top-1 and 5): 65.6 96.0
-------Eval Training Epoch [500 / 1500] INFO--------
Current accuracy (top-1 and 5): 65.7 94.8
Best    accuracy (top-1 and 5): 65.7 94.8
-------Eval Training Epoch [750 / 1500] INFO--------
Current accuracy (top-1 and 5): 68.5 95.7
Best    accuracy (top-1 and 5): 68.5 95.7
-------Eval Training Epoch [1000 / 1500] INFO--------
Current accuracy (top-1 and 5): 69.1 96.2
Best    accuracy (top-1 and 5): 69.1 96.2
-------Eval Training Epoch [1250 / 1500] INFO--------
Current accuracy (top-1 and 5): 70.3 96.2
Best    accuracy (top-1 and 5): 70.3 96.2
(Train) [Epoch 1500/1500] [2026-06-20 02:03:09] Top1 98.0  Top5 100.0  Loss 0.477
-------Eval Training Epoch [1500 / 1500] INFO--------
Current accuracy (top-1 and 5): 70.6 96.4
Best    accuracy (top-1 and 5): 70.6 96.4
Repeat 1 => Best, last acc: 70.6 70.6

->->->->->->->->->->->->-> Best Result: 70.6
best data saved
(Iter 6500) sem-loss: 0.000633  free_energy: 0.017686
(Iter 6520) sem-loss: 0.000543  free_energy: 0.016978
(Iter 6540) sem-loss: 0.001185  free_energy: 0.016818
(Iter 6560) sem-loss: 0.000925  free_energy: 0.017100
(Iter 6580) sem-loss: 0.001228  free_energy: 0.027532
(Iter 6600) sem-loss: 0.000776  free_energy: 0.019003
(Iter 6620) sem-loss: 0.001188  free_energy: 0.016523
(Iter 6640) sem-loss: 0.000872  free_energy: 0.017043
(Iter 6660) sem-loss: 0.001163  free_energy: 0.017813
(Iter 6680) sem-loss: 0.001206  free_energy: 0.018049
(Iter 6700) sem-loss: 0.001017  free_energy: 0.017968
(Iter 6720) sem-loss: 0.001125  free_energy: 0.017922
(Iter 6740) sem-loss: 0.001547  free_energy: 0.022827
(Iter 6760) sem-loss: 0.001336  free_energy: 0.021744
(Iter 6780) sem-loss: 0.000854  free_energy: 0.018330
(Iter 6800) sem-loss: 0.001185  free_energy: 0.021714
(Iter 6820) sem-loss: 0.001023  free_energy: 0.019203
(Iter 6840) sem-loss: 0.001254  free_energy: 0.016669
(Iter 6860) sem-loss: 0.000924  free_energy: 0.016640
(Iter 6880) sem-loss: 0.000814  free_energy: 0.016218
(Iter 6900) sem-loss: 0.000431  free_energy: 0.017237
(Iter 6920) sem-loss: 0.001295  free_energy: 0.017087
(Iter 6940) sem-loss: 0.001134  free_energy: 0.017033
(Iter 6960) sem-loss: 0.000950  free_energy: 0.017549
(Iter 6980) sem-loss: 0.001132  free_energy: 0.016522
=> creating model convnet-3, norm: instance
Start training with DSA and cut mixup
-------Eval Training Epoch [250 / 1500] INFO--------
Current accuracy (top-1 and 5): 61.0 93.8
Best    accuracy (top-1 and 5): 61.0 93.8
-------Eval Training Epoch [500 / 1500] INFO--------
Current accuracy (top-1 and 5): 64.1 94.3
Best    accuracy (top-1 and 5): 64.1 94.3
-------Eval Training Epoch [750 / 1500] INFO--------
Current accuracy (top-1 and 5): 67.4 95.8
Best    accuracy (top-1 and 5): 67.4 95.8
-------Eval Training Epoch [1000 / 1500] INFO--------
Current accuracy (top-1 and 5): 68.3 95.7
Best    accuracy (top-1 and 5): 68.3 95.7
-------Eval Training Epoch [1250 / 1500] INFO--------
Current accuracy (top-1 and 5): 70.1 96.0
Best    accuracy (top-1 and 5): 70.1 96.0
(Train) [Epoch 1500/1500] [2026-06-20 02:09:57] Top1 87.5  Top5 98.8  Loss 0.569
-------Eval Training Epoch [1500 / 1500] INFO--------
Current accuracy (top-1 and 5): 70.8 96.4
Best    accuracy (top-1 and 5): 70.8 96.4
Repeat 1 => Best, last acc: 70.8 70.8

->->->->->->->->->->->->-> Best Result: 70.8
best data saved
(Iter 7000) sem-loss: 0.000743  free_energy: 0.026758
(Iter 7020) sem-loss: 0.001796  free_energy: 0.022038
(Iter 7040) sem-loss: 0.001422  free_energy: 0.017992
(Iter 7060) sem-loss: 0.001216  free_energy: 0.019882
(Iter 7080) sem-loss: 0.001314  free_energy: 0.018956
(Iter 7100) sem-loss: 0.000787  free_energy: 0.019324
(Iter 7120) sem-loss: 0.001165  free_energy: 0.016719
(Iter 7140) sem-loss: 0.001948  free_energy: 0.025011
(Iter 7160) sem-loss: 0.001110  free_energy: 0.018680
(Iter 7180) sem-loss: 0.000984  free_energy: 0.017560
(Iter 7200) sem-loss: 0.000810  free_energy: 0.017301
(Iter 7220) sem-loss: 0.000787  free_energy: 0.017682
(Iter 7240) sem-loss: 0.000627  free_energy: 0.019357
(Iter 7260) sem-loss: 0.000602  free_energy: 0.019511
(Iter 7280) sem-loss: 0.001244  free_energy: 0.016840
(Iter 7300) sem-loss: 0.000806  free_energy: 0.016723
(Iter 7320) sem-loss: 0.000905  free_energy: 0.019650
(Iter 7340) sem-loss: 0.001426  free_energy: 0.015986
(Iter 7360) sem-loss: 0.001758  free_energy: 0.024248
(Iter 7380) sem-loss: 0.001109  free_energy: 0.016904
(Iter 7400) sem-loss: 0.001368  free_energy: 0.016645
(Iter 7420) sem-loss: 0.000565  free_energy: 0.016715
(Iter 7440) sem-loss: 0.001928  free_energy: 0.022522
(Iter 7460) sem-loss: 0.001501  free_energy: 0.017265
(Iter 7480) sem-loss: 0.000965  free_energy: 0.019577
=> creating model convnet-3, norm: instance
Start training with DSA and cut mixup
-------Eval Training Epoch [250 / 1500] INFO--------
Current accuracy (top-1 and 5): 63.8 95.3
Best    accuracy (top-1 and 5): 63.8 95.3
-------Eval Training Epoch [500 / 1500] INFO--------
Current accuracy (top-1 and 5): 66.5 95.3
Best    accuracy (top-1 and 5): 66.5 95.3
-------Eval Training Epoch [750 / 1500] INFO--------
Current accuracy (top-1 and 5): 67.9 95.4
Best    accuracy (top-1 and 5): 67.9 95.4
-------Eval Training Epoch [1000 / 1500] INFO--------
Current accuracy (top-1 and 5): 69.4 96.0
Best    accuracy (top-1 and 5): 69.4 96.0
-------Eval Training Epoch [1250 / 1500] INFO--------
Current accuracy (top-1 and 5): 70.4 96.5
Best    accuracy (top-1 and 5): 70.4 96.5
(Train) [Epoch 1500/1500] [2026-06-20 02:18:02] Top1 80.2  Top5 93.8  Loss 0.574
-------Eval Training Epoch [1500 / 1500] INFO--------
Current accuracy (top-1 and 5): 70.9 96.6
Best    accuracy (top-1 and 5): 70.9 96.6
Repeat 1 => Best, last acc: 70.9 70.9

->->->->->->->->->->->->-> Best Result: 70.9
best data saved
(Iter 7500) sem-loss: 0.001296  free_energy: 0.017524
(Iter 7520) sem-loss: 0.001207  free_energy: 0.017634
(Iter 7540) sem-loss: 0.000858  free_energy: 0.016984
(Iter 7560) sem-loss: 0.001325  free_energy: 0.021140
(Iter 7580) sem-loss: 0.001088  free_energy: 0.019610
(Iter 7600) sem-loss: 0.000893  free_energy: 0.020715
(Iter 7620) sem-loss: 0.001096  free_energy: 0.021050
(Iter 7640) sem-loss: 0.000845  free_energy: 0.018624
(Iter 7660) sem-loss: 0.000809  free_energy: 0.020348
(Iter 7680) sem-loss: 0.001694  free_energy: 0.018672
(Iter 7700) sem-loss: 0.000523  free_energy: 0.017395
(Iter 7720) sem-loss: 0.001753  free_energy: 0.026854
(Iter 7740) sem-loss: 0.001110  free_energy: 0.016948
(Iter 7760) sem-loss: 0.000715  free_energy: 0.018172
(Iter 7780) sem-loss: 0.001482  free_energy: 0.016557
(Iter 7800) sem-loss: 0.000865  free_energy: 0.016768
(Iter 7820) sem-loss: 0.000850  free_energy: 0.017634
(Iter 7840) sem-loss: 0.000558  free_energy: 0.017466
(Iter 7860) sem-loss: 0.000740  free_energy: 0.017594
(Iter 7880) sem-loss: 0.001349  free_energy: 0.022408
(Iter 7900) sem-loss: 0.001544  free_energy: 0.019831
(Iter 7920) sem-loss: 0.001419  free_energy: 0.016667
(Iter 7940) sem-loss: 0.001198  free_energy: 0.017106
(Iter 7960) sem-loss: 0.001831  free_energy: 0.017528
(Iter 7980) sem-loss: 0.000777  free_energy: 0.026056
=> creating model convnet-3, norm: instance
Start training with DSA and cut mixup
-------Eval Training Epoch [250 / 1500] INFO--------
Current accuracy (top-1 and 5): 63.7 94.8
Best    accuracy (top-1 and 5): 63.7 94.8
-------Eval Training Epoch [500 / 1500] INFO--------
Current accuracy (top-1 and 5): 66.4 95.8
Best    accuracy (top-1 and 5): 66.4 95.8
-------Eval Training Epoch [750 / 1500] INFO--------
Current accuracy (top-1 and 5): 67.2 95.6
Best    accuracy (top-1 and 5): 67.2 95.6
-------Eval Training Epoch [1000 / 1500] INFO--------
Current accuracy (top-1 and 5): 67.3 96.2
Best    accuracy (top-1 and 5): 67.3 96.2
-------Eval Training Epoch [1250 / 1500] INFO--------
Current accuracy (top-1 and 5): 70.0 96.2
Best    accuracy (top-1 and 5): 70.0 96.2
(Train) [Epoch 1500/1500] [2026-06-20 02:25:52] Top1 82.0  Top5 99.0  Loss 0.690
-------Eval Training Epoch [1500 / 1500] INFO--------
Current accuracy (top-1 and 5): 70.1 96.3
Best    accuracy (top-1 and 5): 70.1 96.3
Repeat 1 => Best, last acc: 70.1 70.1

(Iter 8000) sem-loss: 0.001786  free_energy: 0.026527
(Iter 8020) sem-loss: 0.001367  free_energy: 0.019003
(Iter 8040) sem-loss: 0.000983  free_energy: 0.017402
(Iter 8060) sem-loss: 0.001219  free_energy: 0.022405
(Iter 8080) sem-loss: 0.001141  free_energy: 0.015980
(Iter 8100) sem-loss: 0.000620  free_energy: 0.017891
(Iter 8120) sem-loss: 0.000793  free_energy: 0.015991
(Iter 8140) sem-loss: 0.001176  free_energy: 0.019480
(Iter 8160) sem-loss: 0.000852  free_energy: 0.016984
(Iter 8180) sem-loss: 0.000823  free_energy: 0.015994
(Iter 8200) sem-loss: 0.001056  free_energy: 0.018560
(Iter 8220) sem-loss: 0.000910  free_energy: 0.018388
(Iter 8240) sem-loss: 0.001283  free_energy: 0.017208
(Iter 8260) sem-loss: 0.001387  free_energy: 0.016381
(Iter 8280) sem-loss: 0.000719  free_energy: 0.022213
(Iter 8300) sem-loss: 0.000803  free_energy: 0.016322
(Iter 8320) sem-loss: 0.001456  free_energy: 0.016602
(Iter 8340) sem-loss: 0.000930  free_energy: 0.019192
(Iter 8360) sem-loss: 0.001273  free_energy: 0.018679
(Iter 8380) sem-loss: 0.000793  free_energy: 0.015893
(Iter 8400) sem-loss: 0.001159  free_energy: 0.022611
(Iter 8420) sem-loss: 0.000958  free_energy: 0.016900
(Iter 8440) sem-loss: 0.000884  free_energy: 0.017762
(Iter 8460) sem-loss: 0.000922  free_energy: 0.018011
(Iter 8480) sem-loss: 0.001027  free_energy: 0.024269
=> creating model convnet-3, norm: instance
Start training with DSA and cut mixup
-------Eval Training Epoch [250 / 1500] INFO--------
Current accuracy (top-1 and 5): 65.7 96.1
Best    accuracy (top-1 and 5): 65.7 96.1
-------Eval Training Epoch [500 / 1500] INFO--------
Current accuracy (top-1 and 5): 67.0 95.7
Best    accuracy (top-1 and 5): 67.0 95.7
-------Eval Training Epoch [750 / 1500] INFO--------
Current accuracy (top-1 and 5): 65.9 95.3
Best    accuracy (top-1 and 5): 67.0 95.7
-------Eval Training Epoch [1000 / 1500] INFO--------
Current accuracy (top-1 and 5): 68.2 95.8
Best    accuracy (top-1 and 5): 68.2 95.8
-------Eval Training Epoch [1250 / 1500] INFO--------
Current accuracy (top-1 and 5): 70.5 96.3
Best    accuracy (top-1 and 5): 70.5 96.3
(Train) [Epoch 1500/1500] [2026-06-20 02:32:37] Top1 96.8  Top5 100.0  Loss 0.457
-------Eval Training Epoch [1500 / 1500] INFO--------
Current accuracy (top-1 and 5): 70.9 96.2
Best    accuracy (top-1 and 5): 70.9 96.2
Repeat 1 => Best, last acc: 70.9 70.9

(Iter 8500) sem-loss: 0.000848  free_energy: 0.023121
(Iter 8520) sem-loss: 0.001024  free_energy: 0.017240
(Iter 8540) sem-loss: 0.000394  free_energy: 0.018705
(Iter 8560) sem-loss: 0.001269  free_energy: 0.017145
(Iter 8580) sem-loss: 0.001136  free_energy: 0.016608
(Iter 8600) sem-loss: 0.001078  free_energy: 0.017244
(Iter 8620) sem-loss: 0.000720  free_energy: 0.024889
(Iter 8640) sem-loss: 0.001541  free_energy: 0.017081
(Iter 8660) sem-loss: 0.001002  free_energy: 0.017410
(Iter 8680) sem-loss: 0.001039  free_energy: 0.024751
(Iter 8700) sem-loss: 0.001083  free_energy: 0.018920
(Iter 8720) sem-loss: 0.001035  free_energy: 0.017762
(Iter 8740) sem-loss: 0.001544  free_energy: 0.016910
(Iter 8760) sem-loss: 0.000944  free_energy: 0.016981
(Iter 8780) sem-loss: 0.000864  free_energy: 0.020006
(Iter 8800) sem-loss: 0.001122  free_energy: 0.016736
(Iter 8820) sem-loss: 0.001691  free_energy: 0.022137
(Iter 8840) sem-loss: 0.001344  free_energy: 0.024704
(Iter 8860) sem-loss: 0.000988  free_energy: 0.017355
(Iter 8880) sem-loss: 0.000629  free_energy: 0.020177
(Iter 8900) sem-loss: 0.000572  free_energy: 0.019873
(Iter 8920) sem-loss: 0.000640  free_energy: 0.016434
(Iter 8940) sem-loss: 0.000918  free_energy: 0.026662
(Iter 8960) sem-loss: 0.001103  free_energy: 0.017995
(Iter 8980) sem-loss: 0.001716  free_energy: 0.017099
=> creating model convnet-3, norm: instance
Start training with DSA and cut mixup
-------Eval Training Epoch [250 / 1500] INFO--------
Current accuracy (top-1 and 5): 64.9 95.6
Best    accuracy (top-1 and 5): 64.9 95.6
-------Eval Training Epoch [500 / 1500] INFO--------
Current accuracy (top-1 and 5): 62.7 93.9
Best    accuracy (top-1 and 5): 64.9 95.6
-------Eval Training Epoch [750 / 1500] INFO--------
Current accuracy (top-1 and 5): 64.7 95.3
Best    accuracy (top-1 and 5): 64.9 95.6
-------Eval Training Epoch [1000 / 1500] INFO--------
Current accuracy (top-1 and 5): 67.4 96.0
Best    accuracy (top-1 and 5): 67.4 96.0
-------Eval Training Epoch [1250 / 1500] INFO--------
Current accuracy (top-1 and 5): 69.9 96.5
Best    accuracy (top-1 and 5): 69.9 96.5
(Train) [Epoch 1500/1500] [2026-06-20 02:40:40] Top1 81.2  Top5 99.2  Loss 0.611
-------Eval Training Epoch [1500 / 1500] INFO--------
Current accuracy (top-1 and 5): 70.4 96.6
Best    accuracy (top-1 and 5): 70.4 96.6
Repeat 1 => Best, last acc: 70.4 70.4

(Iter 9000) sem-loss: 0.000639  free_energy: 0.021422
(Iter 9020) sem-loss: 0.001017  free_energy: 0.016290
(Iter 9040) sem-loss: 0.000550  free_energy: 0.016899
(Iter 9060) sem-loss: 0.000609  free_energy: 0.020189
(Iter 9080) sem-loss: 0.001009  free_energy: 0.018097
(Iter 9100) sem-loss: 0.000967  free_energy: 0.021090
(Iter 9120) sem-loss: 0.000813  free_energy: 0.019297
(Iter 9140) sem-loss: 0.000877  free_energy: 0.017358
(Iter 9160) sem-loss: 0.001065  free_energy: 0.025681
(Iter 9180) sem-loss: 0.000776  free_energy: 0.020117
(Iter 9200) sem-loss: 0.000634  free_energy: 0.019331
(Iter 9220) sem-loss: 0.000885  free_energy: 0.018228
(Iter 9240) sem-loss: 0.000728  free_energy: 0.018431
(Iter 9260) sem-loss: 0.000843  free_energy: 0.025857
(Iter 9280) sem-loss: 0.001039  free_energy: 0.022026
(Iter 9300) sem-loss: 0.000996  free_energy: 0.022688
(Iter 9320) sem-loss: 0.000742  free_energy: 0.016694
(Iter 9340) sem-loss: 0.000742  free_energy: 0.022043
(Iter 9360) sem-loss: 0.001026  free_energy: 0.023574
(Iter 9380) sem-loss: 0.001236  free_energy: 0.017346
(Iter 9400) sem-loss: 0.000949  free_energy: 0.016605
(Iter 9420) sem-loss: 0.001257  free_energy: 0.016634
(Iter 9440) sem-loss: 0.000874  free_energy: 0.017558
(Iter 9460) sem-loss: 0.001935  free_energy: 0.026262
(Iter 9480) sem-loss: 0.000745  free_energy: 0.019073
=> creating model convnet-3, norm: instance
Start training with DSA and cut mixup
-------Eval Training Epoch [250 / 1500] INFO--------
Current accuracy (top-1 and 5): 63.4 94.8
Best    accuracy (top-1 and 5): 63.4 94.8
-------Eval Training Epoch [500 / 1500] INFO--------
Current accuracy (top-1 and 5): 66.2 94.9
Best    accuracy (top-1 and 5): 66.2 94.9
-------Eval Training Epoch [750 / 1500] INFO--------
Current accuracy (top-1 and 5): 66.8 95.6
Best    accuracy (top-1 and 5): 66.8 95.6
-------Eval Training Epoch [1000 / 1500] INFO--------
Current accuracy (top-1 and 5): 67.7 95.6
Best    accuracy (top-1 and 5): 67.7 95.6
-------Eval Training Epoch [1250 / 1500] INFO--------
Current accuracy (top-1 and 5): 69.7 96.0
Best    accuracy (top-1 and 5): 69.7 96.0
(Train) [Epoch 1500/1500] [2026-06-20 02:48:29] Top1 96.5  Top5 99.8  Loss 0.618
-------Eval Training Epoch [1500 / 1500] INFO--------
Current accuracy (top-1 and 5): 70.0 96.0
Best    accuracy (top-1 and 5): 70.0 96.0
Repeat 1 => Best, last acc: 70.0 70.0

(Iter 9500) sem-loss: 0.000814  free_energy: 0.017768
(Iter 9520) sem-loss: 0.000767  free_energy: 0.022272
(Iter 9540) sem-loss: 0.001063  free_energy: 0.020599
(Iter 9560) sem-loss: 0.000948  free_energy: 0.016893
(Iter 9580) sem-loss: 0.001149  free_energy: 0.026743
(Iter 9600) sem-loss: 0.000705  free_energy: 0.022910
(Iter 9620) sem-loss: 0.000699  free_energy: 0.017825
(Iter 9640) sem-loss: 0.000741  free_energy: 0.016681
(Iter 9660) sem-loss: 0.001253  free_energy: 0.018224
(Iter 9680) sem-loss: 0.000969  free_energy: 0.024802
(Iter 9700) sem-loss: 0.001093  free_energy: 0.019224
(Iter 9720) sem-loss: 0.001146  free_energy: 0.018713
(Iter 9740) sem-loss: 0.001153  free_energy: 0.018787
(Iter 9760) sem-loss: 0.000898  free_energy: 0.020973
(Iter 9780) sem-loss: 0.001395  free_energy: 0.017584
(Iter 9800) sem-loss: 0.001317  free_energy: 0.018018
(Iter 9820) sem-loss: 0.001189  free_energy: 0.022325
(Iter 9840) sem-loss: 0.001019  free_energy: 0.019816
(Iter 9860) sem-loss: 0.000729  free_energy: 0.016617
(Iter 9880) sem-loss: 0.001085  free_energy: 0.018390
(Iter 9900) sem-loss: 0.001511  free_energy: 0.021181
(Iter 9920) sem-loss: 0.000904  free_energy: 0.016368
(Iter 9940) sem-loss: 0.000737  free_energy: 0.024113
(Iter 9960) sem-loss: 0.001162  free_energy: 0.020627
(Iter 9980) sem-loss: 0.001044  free_energy: 0.017288
=> creating model convnet-3, norm: instance
Start training with DSA and cut mixup
-------Eval Training Epoch [250 / 1500] INFO--------
Current accuracy (top-1 and 5): 63.3 95.6
Best    accuracy (top-1 and 5): 63.3 95.6
-------Eval Training Epoch [500 / 1500] INFO--------
Current accuracy (top-1 and 5): 67.0 95.5
Best    accuracy (top-1 and 5): 67.0 95.5
-------Eval Training Epoch [750 / 1500] INFO--------
Current accuracy (top-1 and 5): 66.7 95.7
Best    accuracy (top-1 and 5): 67.0 95.5
-------Eval Training Epoch [1000 / 1500] INFO--------
Current accuracy (top-1 and 5): 65.8 94.9
Best    accuracy (top-1 and 5): 67.0 95.5
-------Eval Training Epoch [1250 / 1500] INFO--------
Current accuracy (top-1 and 5): 69.8 96.0
Best    accuracy (top-1 and 5): 69.8 96.0
(Train) [Epoch 1500/1500] [2026-06-20 02:55:27] Top1 97.2  Top5 100.0  Loss 0.363
-------Eval Training Epoch [1500 / 1500] INFO--------
Current accuracy (top-1 and 5): 70.1 96.2
Best    accuracy (top-1 and 5): 70.1 96.2
Repeat 1 => Best, last acc: 70.1 70.1

